#
# A fatal error has been detected by the Java Runtime Environment:
#
#  SIGSEGV (0xb) at pc=0x00007f9c1a005060, pid=6443, tid=140309266691840
#
# JRE version: OpenJDK Runtime Environment (8.0_45-b14) (build 1.8.0_45-internal-b14)
# Java VM: OpenJDK 64-Bit Server VM (25.45-b02 mixed mode linux-amd64 compressed oops)
# Problematic frame:
# C  0x00007f9c1a005060
#
# Failed to write core dump. Core dumps have been disabled. To enable core dumping, try "ulimit -c unlimited" before starting Java again
#
# If you would like to submit a bug report, please visit:
#   http://bugreport.java.com/bugreport/crash.jsp
#

---------------  T H R E A D  ---------------

Current thread (0x00007f9c68948000):  JavaThread "pool-1-thread-1" [_thread_in_Java, id=6463, stack(0x00007f9c4beff000,0x00007f9c4c000000)]

siginfo: si_signo: 11 (SIGSEGV), si_code: 2 (SEGV_ACCERR), si_addr: 0x00007f9c1a005060

Registers:
RAX=0x00007f9c53d855d8, RBX=0x00007f9c4be79ba0, RCX=0x00000000d8371b28, RDX=0x00007f9c5900798d
RSP=0x00007f9c4bffe008, RBP=0x00007f9c4bffe0d8, RSI=0x00000000d8371b28, RDI=0x00000000d8371b28
R8 =0x00000000006c1b8d, R9 =0x0000000000000028, R10=0x00007f9c6eda6e40, R11=0x00007f9c5928a9e0
R12=0x0000000000000000, R13=0x00007f9c4bffe078, R14=0x00007f9c4bffe0e8, R15=0x00007f9c68948000
RIP=0x00007f9c1a005060, EFLAGS=0x0000000000010206, CSGSFS=0x41ad000000000033, ERR=0x0000000000000014
  TRAPNO=0x000000000000000e

Top of Stack: (sp=0x00007f9c4bffe008)
0x00007f9c4bffe008:   00007f9c5928aad4 00007f9c53c3c23e
0x00007f9c4bffe018:   00007f9c4bffe060 00007f9c4bffe138
0x00007f9c4bffe028:   00007f9c592ad44c 00007f9c53c3c268
0x00007f9c4bffe038:   0000000000000000 00007f9c4bffe058
0x00007f9c4bffe048:   00007f9c4bffe0b0 00000000d8371b28
0x00007f9c4bffe058:   00000000d8371930 00007f9c4bffe0d8
0x00007f9c4bffe068:   00007f9c5900798d 00007f9c5900798d
0x00007f9c4bffe078:   00000000d8371b28 00000000d8371b28
0x00007f9c4bffe088:   00000000d8371b10 00000000d8371b10
0x00007f9c4bffe098:   00007f9c4bffe098 00007f9c53d88ce8
0x00007f9c4bffe0a8:   00007f9c4bffe0e8 00007f9c4bb86f18
0x00007f9c4bffe0b8:   0000000000000000 00007f9c53d88d08
0x00007f9c4bffe0c8:   00007f9c4bffe078 00007f9c4bffe0e8
0x00007f9c4bffe0d8:   00007f9c4bffe130 00007f9c59007710
0x00007f9c4bffe0e8:   00000000d7d97298 00007f9c4bffe0f0
0x00007f9c4bffe0f8:   00007f9c53cbce5e 00007f9c4bffe140
0x00007f9c4bffe108:   00007f9c53cbd600 0000000000000000
0x00007f9c4bffe118:   00007f9c53cbce78 00007f9c4bffe0e8
0x00007f9c4bffe128:   00007f9c4bffe140 00007f9c4bffe188
0x00007f9c4bffe138:   00007f9c59007710 00000000d8370c18
0x00007f9c4bffe148:   00007f9c4bffe148 00007f9c53c640c1
0x00007f9c4bffe158:   00007f9c4bffe198 00007f9c53c98c90
0x00007f9c4bffe168:   0000000000000000 00007f9c53c640e0
0x00007f9c4bffe178:   00007f9c4bffe140 00007f9c4bffe198
0x00007f9c4bffe188:   00007f9c4bffe1e0 00007f9c590077e4
0x00007f9c4bffe198:   00000000d8370c18 00007f9c4bffe1a0
0x00007f9c4bffe1a8:   00007f9c53cc0251 00007f9c4bffe210
0x00007f9c4bffe1b8:   00007f9c53cc1590 00007f9c4bbb64e0
0x00007f9c4bffe1c8:   00007f9c53cc02f0 00007f9c4bffe198
0x00007f9c4bffe1d8:   00007f9c4bffe208 00007f9c4bffe258
0x00007f9c4bffe1e8:   00007f9c59007710 0000000000000000
0x00007f9c4bffe1f8:   0000000000000000 0000000000000000 

Instructions: (pc=0x00007f9c1a005060)
0x00007f9c1a005040:   
[error occurred during error reporting (printing registers, top of stack, instructions near pc), id 0xb]

Register to memory mapping:

RAX={method} {0x00007f9c53d855d8} '<init>' '()V' in 'scala/collection/mutable/ListBuffer'
RBX=0x00007f9c4be79ba0 is pointing into metadata
RCX=0x00000000d8371b28 is an oop
scala.collection.mutable.ListBuffer 
 - klass: 'scala/collection/mutable/ListBuffer'
RDX=0x00007f9c5900798d is at code_begin+2093 in an Interpreter codelet
invoke return entry points  [0x00007f9c59007160, 0x00007f9c59007a60]  2304 bytes
RSP=0x00007f9c4bffe008 is pointing into the stack for thread: 0x00007f9c68948000
RBP=0x00007f9c4bffe0d8 is pointing into the stack for thread: 0x00007f9c68948000
RSI=0x00000000d8371b28 is an oop
scala.collection.mutable.ListBuffer 
 - klass: 'scala/collection/mutable/ListBuffer'
RDI=0x00000000d8371b28 is an oop
scala.collection.mutable.ListBuffer 
 - klass: 'scala/collection/mutable/ListBuffer'
R8 =0x00000000006c1b8d is an unknown value
R9 =0x0000000000000028 is an unknown value
R10=0x00007f9c6eda6e40: <offset 0xf7ce40> in /usr/lib/jvm/java-8-openjdk-amd64/jre/lib/amd64/server/libjvm.so at 0x00007f9c6de2a000
R11=0x00007f9c5928a9e0 is at entry_point+32 in (nmethod*)0x00007f9c5928a7d0
R12=0x0000000000000000 is an unknown value
R13=0x00007f9c4bffe078 is pointing into the stack for thread: 0x00007f9c68948000
R14=0x00007f9c4bffe0e8 is pointing into the stack for thread: 0x00007f9c68948000
R15=0x00007f9c68948000 is a thread


Stack: [0x00007f9c4beff000,0x00007f9c4c000000],  sp=0x00007f9c4bffe008,  free space=1020k
Native frames: (J=compiled Java code, j=interpreted, Vv=VM code, C=native code)
C  0x00007f9c1a005060
j  scala.collection.generic.GenericTraversableTemplate$class.newBuilder(Lscala/collection/generic/GenericTraversableTemplate;)Lscala/collection/mutable/Builder;+6
j  scala.collection.AbstractTraversable.newBuilder()Lscala/collection/mutable/Builder;+1
j  scala.collection.IterableLike$class.take(Lscala/collection/IterableLike;I)Ljava/lang/Object;+1
j  scala.collection.AbstractIterable.take(I)Ljava/lang/Object;+2
j  org.specs2.mutable.SideEffectingCreationPaths$class.replay(Lorg/specs2/mutable/SideEffectingCreationPaths;)V+42
j  org.specs2.mutable.Specification.replay()V+1
j  org.specs2.mutable.FragmentsBuilder$class.fragments(Lorg/specs2/mutable/FragmentsBuilder;)Lorg/specs2/specification/Fragments;+1
j  org.specs2.mutable.Specification.fragments()Lorg/specs2/specification/Fragments;+1
j  org.specs2.mutable.SpecificationLike$class.is(Lorg/specs2/mutable/SpecificationLike;)Lorg/specs2/specification/Fragments;+1
j  org.specs2.mutable.Specification.is()Lorg/specs2/specification/Fragments;+1
j  org.specs2.specification.SpecificationStructure$$anonfun$content$1.apply()Lorg/specs2/specification/Fragments;+10
j  org.specs2.specification.SpecificationStructure$$anonfun$content$1.apply()Ljava/lang/Object;+1
j  org.specs2.specification.SpecificationStructure$class.map(Lorg/specs2/specification/SpecificationStructure;Lscala/Function0;)Lorg/specs2/specification/Fragments;+1
j  org.specs2.mutable.Specification.map(Lscala/Function0;)Lorg/specs2/specification/Fragments;+2
j  org.specs2.specification.SpecificationStructure$class.content(Lorg/specs2/specification/SpecificationStructure;)Lorg/specs2/specification/Fragments;+15
j  org.specs2.mutable.Specification.content$lzycompute()Lorg/specs2/specification/Fragments;+18
j  org.specs2.mutable.Specification.content()Lorg/specs2/specification/Fragments;+13
j  org.specs2.runner.SbtRunner.org$specs2$runner$SbtRunner$$specificationRun(Lsbt/testing/TaskDef;Ljava/lang/ClassLoader;Lsbt/testing/EventHandler;[Lsbt/testing/Logger;)Ljava/lang/Object;+101
j  org.specs2.runner.SbtRunner$$anonfun$newTask$1$$anon$5.execute(Lsbt/testing/EventHandler;[Lsbt/testing/Logger;)[Lsbt/testing/Task;+59
j  sbt.ForkMain$Run$2.call()[Lsbt/testing/Task;+71
j  sbt.ForkMain$Run$2.call()Ljava/lang/Object;+1
j  java.util.concurrent.FutureTask.run()V+42
j  java.util.concurrent.ThreadPoolExecutor.runWorker(Ljava/util/concurrent/ThreadPoolExecutor$Worker;)V+95
j  java.util.concurrent.ThreadPoolExecutor$Worker.run()V+5
j  java.lang.Thread.run()V+11
v  ~StubRoutines::call_stub
V  [libjvm.so+0x6868c3]  JavaCalls::call_helper(JavaValue*, methodHandle*, JavaCallArguments*, Thread*)+0xd63
V  [libjvm.so+0x6840a4]  JavaCalls::call_virtual(JavaValue*, KlassHandle, Symbol*, Symbol*, JavaCallArguments*, Thread*)+0x2d4
V  [libjvm.so+0x684649]  JavaCalls::call_virtual(JavaValue*, Handle, KlassHandle, Symbol*, Symbol*, Thread*)+0x59
V  [libjvm.so+0x6c6bdd]  thread_entry(JavaThread*, Thread*)+0x9d
V  [libjvm.so+0xa3652a]  JavaThread::thread_main_inner()+0x25a
V  [libjvm.so+0x8dd8a2]  java_start(Thread*)+0xf2
C  [libpthread.so.0+0x76aa]  start_thread+0xca


---------------  P R O C E S S  ---------------

Java Threads: ( => current thread )
=>0x00007f9c68948000 JavaThread "pool-1-thread-1" [_thread_in_Java, id=6463, stack(0x00007f9c4beff000,0x00007f9c4c000000)]
  0x00007f9c68756000 JavaThread "Service Thread" daemon [_thread_blocked, id=6459, stack(0x00007f9c50b39000,0x00007f9c50c3a000)]
  0x00007f9c6874b000 JavaThread "C1 CompilerThread2" daemon [_thread_blocked, id=6458, stack(0x00007f9c50c3a000,0x00007f9c50d3b000)]
  0x00007f9c68749000 JavaThread "C2 CompilerThread1" daemon [_thread_blocked, id=6457, stack(0x00007f9c50d3b000,0x00007f9c50e3c000)]
  0x00007f9c68744000 JavaThread "C2 CompilerThread0" daemon [_thread_blocked, id=6456, stack(0x00007f9c50e3c000,0x00007f9c50f3d000)]
  0x00007f9c68177800 JavaThread "Signal Dispatcher" daemon [_thread_blocked, id=6455, stack(0x00007f9c5200d000,0x00007f9c5210e000)]
  0x00007f9c6814d000 JavaThread "Finalizer" daemon [_thread_blocked, id=6454, stack(0x00007f9c527f0000,0x00007f9c528f1000)]
  0x00007f9c6814a800 JavaThread "Reference Handler" daemon [_thread_blocked, id=6453, stack(0x00007f9c528f1000,0x00007f9c529f2000)]
  0x00007f9c68011000 JavaThread "main" [_thread_blocked, id=6447, stack(0x00007f9c6faca000,0x00007f9c6fbcb000)]

Other Threads:
  0x00007f9c68145800 VMThread [stack: 0x00007f9c529f2000,0x00007f9c52af3000] [id=6452]
  0x00007f9c68758800 WatcherThread [stack: 0x00007f9c50a38000,0x00007f9c50b39000] [id=6460]

VM state:not at safepoint (normal execution)

VM Mutex/Monitor currently owned by a thread: None

Heap:
 PSYoungGen      total 70656K, used 34561K [0x00000000d6700000, 0x00000000db100000, 0x0000000100000000)
  eden space 65536K, 45% used [0x00000000d6700000,0x00000000d84450e0,0x00000000da700000)
  from space 5120K, 89% used [0x00000000dac00000,0x00000000db07b348,0x00000000db100000)
  to   space 5120K, 0% used [0x00000000da700000,0x00000000da700000,0x00000000dac00000)
 ParOldGen       total 86016K, used 16K [0x0000000083400000, 0x0000000088800000, 0x00000000d6700000)
  object space 86016K, 0% used [0x0000000083400000,0x0000000083404000,0x0000000088800000)
 Metaspace       used 12851K, capacity 12926K, committed 13184K, reserved 1060864K
  class space    used 1852K, capacity 1877K, committed 1920K, reserved 1048576K

Card table byte_map: [0x00007f9c58859000,0x00007f9c58c40000] byte_map_base: 0x00007f9c5843f000

Marking Bits: (ParMarkBitMap*) 0x00007f9c6ed96e80
 Begin Bits: [0x00007f9c445f5000, 0x00007f9c46525000)
 End Bits:   [0x00007f9c46525000, 0x00007f9c48455000)

Polling page: 0x00007f9c6fbe8000

CodeCache: size=245760Kb used=2843Kb max_used=2862Kb free=242916Kb
 bounds [0x00007f9c59000000, 0x00007f9c592d0000, 0x00007f9c68000000]
 total_blobs=1020 nmethods=714 adapters=222
 compilation: enabled

Compilation events (10 events):
Event: 0.996 Thread 0x00007f9c6874b000 nmethod 701 0x00007f9c592c0210 code [0x00007f9c592c0380, 0x00007f9c592c0550]
Event: 0.996 Thread 0x00007f9c6874b000  703       3       scala.collection.generic.Subtractable$class::$init$ (1 bytes)
Event: 0.996 Thread 0x00007f9c6874b000 nmethod 703 0x00007f9c592bff10 code [0x00007f9c592c0060, 0x00007f9c592c0190]
Event: 0.996 Thread 0x00007f9c6874b000  702       3       scala.collection.mutable.AbstractBuffer::<init> (25 bytes)
Event: 0.996 Thread 0x00007f9c68749000 nmethod 700 0x00007f9c592be7d0 code [0x00007f9c592be920, 0x00007f9c592be978]
Event: 0.996 Thread 0x00007f9c68749000  706       4       scala.collection.AbstractSeq::<init> (29 bytes)
Event: 0.997 Thread 0x00007f9c6874b000 nmethod 702 0x00007f9c592bd650 code [0x00007f9c592bd860, 0x00007f9c592be1c8]
Event: 0.997 Thread 0x00007f9c6874b000  710       1       scala.collection.LinearSeqLike$class::$init$ (1 bytes)
Event: 0.997 Thread 0x00007f9c68749000 nmethod 706 0x00007f9c592c2ed0 code [0x00007f9c592c3020, 0x00007f9c592c3078]
Event: 0.997 Thread 0x00007f9c68749000  709       4       scala.collection.mutable.ListBuffer::underlying (5 bytes)

GC Heap History (4 events):
Event: 0.540 GC heap before
{Heap before GC invocations=1 (full 0):
 PSYoungGen      total 37888K, used 32768K [0x00000000d6700000, 0x00000000d9100000, 0x0000000100000000)
  eden space 32768K, 100% used [0x00000000d6700000,0x00000000d8700000,0x00000000d8700000)
  from space 5120K, 0% used [0x00000000d8c00000,0x00000000d8c00000,0x00000000d9100000)
  to   space 5120K, 0% used [0x00000000d8700000,0x00000000d8700000,0x00000000d8c00000)
 ParOldGen       total 86016K, used 0K [0x0000000083400000, 0x0000000088800000, 0x00000000d6700000)
  object space 86016K, 0% used [0x0000000083400000,0x0000000083400000,0x0000000088800000)
 Metaspace       used 7851K, capacity 7966K, committed 8064K, reserved 1056768K
  class space    used 1112K, capacity 1141K, committed 1152K, reserved 1048576K
Event: 0.548 GC heap after
Heap after GC invocations=1 (full 0):
 PSYoungGen      total 37888K, used 4913K [0x00000000d6700000, 0x00000000db100000, 0x0000000100000000)
  eden space 32768K, 0% used [0x00000000d6700000,0x00000000d6700000,0x00000000d8700000)
  from space 5120K, 95% used [0x00000000d8700000,0x00000000d8bcc5b0,0x00000000d8c00000)
  to   space 5120K, 0% used [0x00000000dac00000,0x00000000dac00000,0x00000000db100000)
 ParOldGen       total 86016K, used 8K [0x0000000083400000, 0x0000000088800000, 0x00000000d6700000)
  object space 86016K, 0% used [0x0000000083400000,0x0000000083402000,0x0000000088800000)
 Metaspace       used 7851K, capacity 7966K, committed 8064K, reserved 1056768K
  class space    used 1112K, capacity 1141K, committed 1152K, reserved 1048576K
}
Event: 0.764 GC heap before
{Heap before GC invocations=2 (full 0):
 PSYoungGen      total 37888K, used 37681K [0x00000000d6700000, 0x00000000db100000, 0x0000000100000000)
  eden space 32768K, 100% used [0x00000000d6700000,0x00000000d8700000,0x00000000d8700000)
  from space 5120K, 95% used [0x00000000d8700000,0x00000000d8bcc5b0,0x00000000d8c00000)
  to   space 5120K, 0% used [0x00000000dac00000,0x00000000dac00000,0x00000000db100000)
 ParOldGen       total 86016K, used 8K [0x0000000083400000, 0x0000000088800000, 0x00000000d6700000)
  object space 86016K, 0% used [0x0000000083400000,0x0000000083402000,0x0000000088800000)
 Metaspace       used 10568K, capacity 10654K, committed 10752K, reserved 1058816K
  class space    used 1501K, capacity 1525K, committed 1536K, reserved 1048576K
Event: 0.772 GC heap after
Heap after GC invocations=2 (full 0):
 PSYoungGen      total 70656K, used 4588K [0x00000000d6700000, 0x00000000db100000, 0x0000000100000000)
  eden space 65536K, 0% used [0x00000000d6700000,0x00000000d6700000,0x00000000da700000)
  from space 5120K, 89% used [0x00000000dac00000,0x00000000db07b348,0x00000000db100000)
  to   space 5120K, 0% used [0x00000000da700000,0x00000000da700000,0x00000000dac00000)
 ParOldGen       total 86016K, used 16K [0x0000000083400000, 0x0000000088800000, 0x00000000d6700000)
  object space 86016K, 0% used [0x0000000083400000,0x0000000083404000,0x0000000088800000)
 Metaspace       used 10568K, capacity 10654K, committed 10752K, reserved 1058816K
  class space    used 1501K, capacity 1525K, committed 1536K, reserved 1048576K
}

Deoptimization events (7 events):
Event: 0.496 Thread 0x00007f9c68011000 Uncommon trap: reason=predicate action=maybe_recompile pc=0x00007f9c591bbda0 method=sun.net.www.ParseUtil.encodePath(Ljava/lang/String;Z)Ljava/lang/String; @ 36
Event: 0.497 Thread 0x00007f9c68011000 Uncommon trap: reason=unstable_if action=reinterpret pc=0x00007f9c591ca68c method=sun.misc.URLClassPath.getLoader(I)Lsun/misc/URLClassPath$Loader; @ 36
Event: 0.497 Thread 0x00007f9c68011000 Uncommon trap: reason=unstable_if action=reinterpret pc=0x00007f9c591d2618 method=sun.misc.URLClassPath$JarLoader.getResource(Ljava/lang/String;Z)Lsun/misc/Resource; @ 4
Event: 0.497 Thread 0x00007f9c68011000 Uncommon trap: reason=unstable_if action=reinterpret pc=0x00007f9c591a49fc method=sun.misc.URLClassPath.getLoader(I)Lsun/misc/URLClassPath$Loader; @ 36
Event: 0.499 Thread 0x00007f9c68011000 Uncommon trap: reason=unstable_if action=reinterpret pc=0x00007f9c591c20dc method=java.util.zip.ZipCoder.encoder()Ljava/nio/charset/CharsetEncoder; @ 4
Event: 0.743 Thread 0x00007f9c68948000 Uncommon trap: reason=unstable_if action=reinterpret pc=0x00007f9c59269870 method=sun.misc.URLClassPath$FileLoader.getResource(Ljava/lang/String;Z)Lsun/misc/Resource; @ 139
Event: 0.911 Thread 0x00007f9c68948000 Uncommon trap: reason=unstable_if action=reinterpret pc=0x00007f9c5922db84 method=sun.net.www.ParseUtil.encodePath(Ljava/lang/String;Z)Ljava/lang/String; @ 109

Internal exceptions (10 events):
Event: 0.219 Thread 0x00007f9c68011000 Exception <a 'java/lang/NoSuchMethodError': <clinit>> (0x00000000d6c81ba0) thrown at [/build/buildd/openjdk-8-8u45-b14/src/hotspot/src/share/vm/prims/jni.cpp, line 1598]
Event: 0.232 Thread 0x00007f9c68011000 Exception <a 'java/lang/NoSuchMethodError': <clinit>> (0x00000000d6cc2758) thrown at [/build/buildd/openjdk-8-8u45-b14/src/hotspot/src/share/vm/prims/jni.cpp, line 1598]
Event: 0.234 Thread 0x00007f9c68011000 Exception <a 'java/lang/NoSuchMethodError': <clinit>> (0x00000000d6ce4538) thrown at [/build/buildd/openjdk-8-8u45-b14/src/hotspot/src/share/vm/prims/jni.cpp, line 1598]
Event: 0.235 Thread 0x00007f9c68011000 Exception <a 'java/lang/NoSuchMethodError': <clinit>> (0x00000000d6cec298) thrown at [/build/buildd/openjdk-8-8u45-b14/src/hotspot/src/share/vm/prims/jni.cpp, line 1598]
Event: 0.497 Thread 0x00007f9c68011000 Exception <a 'java/security/PrivilegedActionException'> (0x00000000d82f91b0) thrown at [/build/buildd/openjdk-8-8u45-b14/src/hotspot/src/share/vm/prims/jvm.cpp, line 1382]
Event: 0.497 Thread 0x00007f9c68011000 Exception <a 'java/security/PrivilegedActionException'> (0x00000000d82f94f8) thrown at [/build/buildd/openjdk-8-8u45-b14/src/hotspot/src/share/vm/prims/jvm.cpp, line 1382]
Event: 0.497 Thread 0x00007f9c68011000 Exception <a 'java/security/PrivilegedActionException'> (0x00000000d82fb7d0) thrown at [/build/buildd/openjdk-8-8u45-b14/src/hotspot/src/share/vm/prims/jvm.cpp, line 1382]
Event: 0.497 Thread 0x00007f9c68011000 Exception <a 'java/security/PrivilegedActionException'> (0x00000000d82fbb18) thrown at [/build/buildd/openjdk-8-8u45-b14/src/hotspot/src/share/vm/prims/jvm.cpp, line 1382]
Event: 0.497 Thread 0x00007f9c68011000 Exception <a 'java/security/PrivilegedActionException'> (0x00000000d82fc858) thrown at [/build/buildd/openjdk-8-8u45-b14/src/hotspot/src/share/vm/prims/jvm.cpp, line 1382]
Event: 0.497 Thread 0x00007f9c68011000 Exception <a 'java/security/PrivilegedActionException'> (0x00000000d82fcba0) thrown at [/build/buildd/openjdk-8-8u45-b14/src/hotspot/src/share/vm/prims/jvm.cpp, line 1382]

Events (10 events):
Event: 0.992 loading class scalaz/TreeLoc$$anonfun$path$1$$anonfun$apply$6
Event: 0.992 loading class scalaz/TreeLoc$$anonfun$path$1$$anonfun$apply$6 done
Event: 0.992 loading class scala/LowPriorityImplicits$$anon$4
Event: 0.992 loading class scala/LowPriorityImplicits$$anon$4 done
Event: 0.992 loading class scala/collection/immutable/VectorBuilder
Event: 0.992 loading class scala/collection/immutable/VectorBuilder done
Event: 0.993 loading class org/specs2/specification/CreationPath$class
Event: 0.993 loading class org/specs2/specification/CreationPath$class done
Event: 0.993 loading class org/specs2/specification/SpecStart
Event: 0.993 loading class org/specs2/specification/SpecStart done


Dynamic libraries:
00400000-00401000 r-xp 00000000 08:06 2887504                            /usr/lib/jvm/java-8-openjdk-amd64/jre/bin/java
00600000-00601000 r--p 00000000 08:06 2887504                            /usr/lib/jvm/java-8-openjdk-amd64/jre/bin/java
00601000-00602000 rw-p 00001000 08:06 2887504                            /usr/lib/jvm/java-8-openjdk-amd64/jre/bin/java
00a71000-00a92000 rw-p 00000000 00:00 0                                  [heap]
83400000-88800000 rw-p 00000000 00:00 0 
88800000-d6700000 ---p 00000000 00:00 0 
d6700000-db100000 rw-p 00000000 00:00 0 
db100000-100000000 ---p 00000000 00:00 0 
100000000-1001e0000 rw-p 00000000 00:00 0 
1001e0000-140000000 ---p 00000000 00:00 0 
7f9c10000000-7f9c1057d000 rw-p 00000000 00:00 0 
7f9c1057d000-7f9c14000000 ---p 00000000 00:00 0 
7f9c18000000-7f9c18021000 rw-p 00000000 00:00 0 
7f9c18021000-7f9c1c000000 ---p 00000000 00:00 0 
7f9c1c000000-7f9c1c021000 rw-p 00000000 00:00 0 
7f9c1c021000-7f9c20000000 ---p 00000000 00:00 0 
7f9c20000000-7f9c2052a000 rw-p 00000000 00:00 0 
7f9c2052a000-7f9c24000000 ---p 00000000 00:00 0 
7f9c24000000-7f9c242c2000 rw-p 00000000 00:00 0 
7f9c242c2000-7f9c28000000 ---p 00000000 00:00 0 
7f9c28000000-7f9c28021000 rw-p 00000000 00:00 0 
7f9c28021000-7f9c2c000000 ---p 00000000 00:00 0 
7f9c2c000000-7f9c2c48b000 rw-p 00000000 00:00 0 
7f9c2c48b000-7f9c30000000 ---p 00000000 00:00 0 
7f9c30000000-7f9c30021000 rw-p 00000000 00:00 0 
7f9c30021000-7f9c34000000 ---p 00000000 00:00 0 
7f9c34000000-7f9c34021000 rw-p 00000000 00:00 0 
7f9c34021000-7f9c38000000 ---p 00000000 00:00 0 
7f9c38000000-7f9c38021000 rw-p 00000000 00:00 0 
7f9c38021000-7f9c3c000000 ---p 00000000 00:00 0 
7f9c3c000000-7f9c3c021000 rw-p 00000000 00:00 0 
7f9c3c021000-7f9c40000000 ---p 00000000 00:00 0 
7f9c40000000-7f9c40021000 rw-p 00000000 00:00 0 
7f9c40021000-7f9c44000000 ---p 00000000 00:00 0 
7f9c445f5000-7f9c48455000 rw-p 00000000 00:00 0 
7f9c4baff000-7f9c4bbff000 rw-p 00000000 00:00 0 
7f9c4bbff000-7f9c4bcff000 ---p 00000000 00:00 0 
7f9c4bcff000-7f9c4beff000 rw-p 00000000 00:00 0 
7f9c4beff000-7f9c4bf02000 ---p 00000000 00:00 0 
7f9c4bf02000-7f9c4c000000 rw-p 00000000 00:00 0                          [stack:6463]
7f9c4c000000-7f9c4c021000 rw-p 00000000 00:00 0 
7f9c4c021000-7f9c50000000 ---p 00000000 00:00 0 
7f9c5006f000-7f9c50455000 rw-p 00000000 00:00 0 
7f9c5051f000-7f9c50820000 rw-p 00000000 00:00 0 
7f9c50820000-7f9c50837000 r-xp 00000000 08:06 2887427                    /usr/lib/jvm/java-8-openjdk-amd64/jre/lib/amd64/libnet.so
7f9c50837000-7f9c50a36000 ---p 00017000 08:06 2887427                    /usr/lib/jvm/java-8-openjdk-amd64/jre/lib/amd64/libnet.so
7f9c50a36000-7f9c50a37000 r--p 00016000 08:06 2887427                    /usr/lib/jvm/java-8-openjdk-amd64/jre/lib/amd64/libnet.so
7f9c50a37000-7f9c50a38000 rw-p 00017000 08:06 2887427                    /usr/lib/jvm/java-8-openjdk-amd64/jre/lib/amd64/libnet.so
7f9c50a38000-7f9c50a39000 ---p 00000000 00:00 0 
7f9c50a39000-7f9c50b39000 rw-p 00000000 00:00 0                          [stack:6460]
7f9c50b39000-7f9c50b3c000 ---p 00000000 00:00 0 
7f9c50b3c000-7f9c50c3a000 rw-p 00000000 00:00 0                          [stack:6459]
7f9c50c3a000-7f9c50c3d000 ---p 00000000 00:00 0 
7f9c50c3d000-7f9c50d3b000 rw-p 00000000 00:00 0                          [stack:6458]
7f9c50d3b000-7f9c50d3e000 ---p 00000000 00:00 0 
7f9c50d3e000-7f9c50e3c000 rw-p 00000000 00:00 0                          [stack:6457]
7f9c50e3c000-7f9c50e3f000 ---p 00000000 00:00 0 
7f9c50e3f000-7f9c50f3d000 rw-p 00000000 00:00 0                          [stack:6456]
7f9c50f3d000-7f9c50f42000 r-xp 00000000 08:06 8003903                    /usr/lib/x86_64-linux-gnu/libXdmcp.so.6.0.0
7f9c50f42000-7f9c51141000 ---p 00005000 08:06 8003903                    /usr/lib/x86_64-linux-gnu/libXdmcp.so.6.0.0
7f9c51141000-7f9c51142000 r--p 00004000 08:06 8003903                    /usr/lib/x86_64-linux-gnu/libXdmcp.so.6.0.0
7f9c51142000-7f9c51143000 rw-p 00005000 08:06 8003903                    /usr/lib/x86_64-linux-gnu/libXdmcp.so.6.0.0
7f9c51143000-7f9c51145000 r-xp 00000000 08:06 8003892                    /usr/lib/x86_64-linux-gnu/libXau.so.6.0.0
7f9c51145000-7f9c51345000 ---p 00002000 08:06 8003892                    /usr/lib/x86_64-linux-gnu/libXau.so.6.0.0
7f9c51345000-7f9c51346000 r--p 00002000 08:06 8003892                    /usr/lib/x86_64-linux-gnu/libXau.so.6.0.0
7f9c51346000-7f9c51347000 rw-p 00003000 08:06 8003892                    /usr/lib/x86_64-linux-gnu/libXau.so.6.0.0
7f9c51347000-7f9c51364000 r-xp 00000000 08:06 8005090                    /usr/lib/x86_64-linux-gnu/libxcb.so.1.1.0
7f9c51364000-7f9c51564000 ---p 0001d000 08:06 8005090                    /usr/lib/x86_64-linux-gnu/libxcb.so.1.1.0
7f9c51564000-7f9c51565000 r--p 0001d000 08:06 8005090                    /usr/lib/x86_64-linux-gnu/libxcb.so.1.1.0
7f9c51565000-7f9c51566000 rw-p 0001e000 08:06 8005090                    /usr/lib/x86_64-linux-gnu/libxcb.so.1.1.0
7f9c51566000-7f9c51699000 r-xp 00000000 08:06 8003888                    /usr/lib/x86_64-linux-gnu/libX11.so.6.3.0
7f9c51699000-7f9c51899000 ---p 00133000 08:06 8003888                    /usr/lib/x86_64-linux-gnu/libX11.so.6.3.0
7f9c51899000-7f9c5189a000 r--p 00133000 08:06 8003888                    /usr/lib/x86_64-linux-gnu/libX11.so.6.3.0
7f9c5189a000-7f9c5189e000 rw-p 00134000 08:06 8003888                    /usr/lib/x86_64-linux-gnu/libX11.so.6.3.0
7f9c5189e000-7f9c5189f000 rw-p 00000000 00:00 0 
7f9c518b1000-7f9c518b3000 rw-p 00000000 00:00 0 
7f9c518b3000-7f9c518b8000 r--s 00094000 08:06 2887456                    /usr/lib/jvm/java-8-openjdk-amd64/jre/lib/jsse.jar
7f9c518b8000-7f9c518ba000 r-xp 00000000 08:06 8000926                    /usr/lib/jayatana/libjayatanaag.so
7f9c518ba000-7f9c51ab9000 ---p 00002000 08:06 8000926                    /usr/lib/jayatana/libjayatanaag.so
7f9c51ab9000-7f9c51aba000 r--p 00001000 08:06 8000926                    /usr/lib/jayatana/libjayatanaag.so
7f9c51aba000-7f9c51abb000 rw-p 00002000 08:06 8000926                    /usr/lib/jayatana/libjayatanaag.so
7f9c51abb000-7f9c51abc000 r--s 00000000 08:06 266986                     /usr/share/java/jayatanaag.jar
7f9c51abc000-7f9c51abe000 r--s 00002000 08:15 13763237                   /home/cotlowski/.sbt/boot/scala-2.10.4/org.scala-sbt/sbt/0.13.8/test-interface-1.0.jar
7f9c51abe000-7f9c51abf000 r--s 00005000 08:15 13763210                   /home/cotlowski/.sbt/boot/scala-2.10.4/org.scala-sbt/sbt/0.13.8/test-agent-0.13.8.jar
7f9c51abf000-7f9c51ac0000 r--s 00000000 08:15 14156926                   /home/cotlowski/.ivy2/cache/com.jaroop/play-sbt-tasks_2.11/jars/play-sbt-tasks_2.11-1.0.3.jar
7f9c51ac0000-7f9c51ac2000 r--s 00004000 08:15 14156924                   /home/cotlowski/.ivy2/cache/com.jaroop/play-sql-runner_2.11/jars/play-sql-runner_2.11-1.0.5.jar
7f9c51ac2000-7f9c51ac3000 r--s 00007000 08:15 14156922                   /home/cotlowski/.ivy2/cache/com.jaroop/play-test-helpers_2.11/jars/play-test-helpers_2.11-1.0.6.jar
7f9c51ac3000-7f9c51ac5000 r--s 00006000 08:15 13238626                   /home/cotlowski/Downloads/activator-1.3.4/repository/org.easytesting/fest-util/1.1.6/jars/fest-util.jar
7f9c51ac5000-7f9c51ac8000 r--s 00011000 08:15 13238636                   /home/cotlowski/Downloads/activator-1.3.4/repository/org.easytesting/fest-assert/1.4/jars/fest-assert.jar
7f9c51ac8000-7f9c51acd000 r--s 0001d000 08:15 13238463                   /home/cotlowski/Downloads/activator-1.3.4/repository/org.seleniumhq.selenium/selenium-support/2.39.0/jars/selenium-support.jar
7f9c51acd000-7f9c51ad2000 r--s 00024000 08:15 13238405                   /home/cotlowski/Downloads/activator-1.3.4/repository/org.webbitserver/webbit/0.4.14/jars/webbit.jar
7f9c51ad2000-7f9c51ad4000 r--s 00043000 08:15 13238482                   /home/cotlowski/Downloads/activator-1.3.4/repository/org.seleniumhq.selenium/selenium-safari-driver/2.39.0/jars/selenium-safari-driver.jar
7f9c51ad4000-7f9c51ad6000 r--s 00002000 08:15 13238501                   /home/cotlowski/Downloads/activator-1.3.4/repository/org.seleniumhq.selenium/selenium-iphone-driver/2.39.0/jars/selenium-iphone-driver.jar
7f9c51ad6000-7f9c51ad7000 r--s 00002000 08:15 13238520                   /home/cotlowski/Downloads/activator-1.3.4/repository/org.seleniumhq.selenium/selenium-ie-driver/2.39.0/jars/selenium-ie-driver.jar
7f9c51ad7000-7f9c51ad9000 r--s 00261000 08:15 13238539                   /home/cotlowski/Downloads/activator-1.3.4/repository/org.seleniumhq.selenium/selenium-firefox-driver/2.39.0/jars/selenium-firefox-driver.jar
7f9c51ad9000-7f9c51adb000 r--s 00016000 08:15 13108268                   /home/cotlowski/Downloads/activator-1.3.4/repository/org.eclipse.jetty/jetty-http/8.1.12.v20130726/jars/jetty-http.jar
7f9c51adb000-7f9c51ade000 r--s 00017000 08:15 13108296                   /home/cotlowski/Downloads/activator-1.3.4/repository/org.eclipse.jetty/jetty-io/8.1.12.v20130726/jars/jetty-io.jar
7f9c51ade000-7f9c51ae3000 r--s 00042000 08:15 13108324                   /home/cotlowski/Downloads/activator-1.3.4/repository/org.eclipse.jetty/jetty-util/8.1.12.v20130726/jars/jetty-util.jar
7f9c51ae3000-7f9c51ae6000 r--s 0001c000 08:15 13108352                   /home/cotlowski/Downloads/activator-1.3.4/repository/org.eclipse.jetty/jetty-websocket/8.1.12.v20130726/jars/jetty-websocket.jar
7f9c51ae6000-7f9c51aea000 r--s 00027000 08:15 13631703                   /home/cotlowski/Downloads/activator-1.3.4/repository/commons-io/commons-io/2.2/jars/commons-io.jar
7f9c51aea000-7f9c51aeb000 r--s 00003000 08:15 13108239                   /home/cotlowski/Downloads/activator-1.3.4/repository/org.w3c.css/sac/1.3/jars/sac.jar
7f9c51aeb000-7f9c51aef000 r--s 00053000 08:15 13108381                   /home/cotlowski/Downloads/activator-1.3.4/repository/net.sourceforge.cssparser/cssparser/0.9.11/jars/cssparser.jar
7f9c51aef000-7f9c51af2000 r--s 0001c000 08:15 13108410                   /home/cotlowski/Downloads/activator-1.3.4/repository/net.sourceforge.nekohtml/nekohtml/1.9.19/jars/nekohtml.jar
7f9c51af2000-7f9c51b00000 r--s 000ef000 08:15 13238305                   /home/cotlowski/Downloads/activator-1.3.4/repository/net.sourceforge.htmlunit/htmlunit-core-js/2.13/jars/htmlunit-core-js.jar
7f9c51b00000-7f9c51b02000 r--s 00008000 08:15 13369925                   /home/cotlowski/Downloads/activator-1.3.4/repository/org.apache.httpcomponents/httpmime/4.3.1/jars/httpmime.jar
7f9c51b02000-7f9c51b10000 r--s 0007f000 08:15 13108421                   /home/cotlowski/Downloads/activator-1.3.4/repository/commons-collections/commons-collections/3.2.1/jars/commons-collections.jar
7f9c51b10000-7f9c51b13000 r--s 00041000 08:15 13108432                   /home/cotlowski/Downloads/activator-1.3.4/repository/xalan/serializer/2.7.1/jars/serializer.jar
7f9c51b13000-7f9c51b38000 r--s 002e3000 08:15 13238276                   /home/cotlowski/Downloads/activator-1.3.4/repository/xalan/xalan/2.7.1/jars/xalan.jar
7f9c51b38000-7f9c51b4f000 r--s 00124000 08:15 13238333                   /home/cotlowski/Downloads/activator-1.3.4/repository/net.sourceforge.htmlunit/htmlunit/2.13/jars/htmlunit.jar
7f9c51b4f000-7f9c51b51000 r--s 0000d000 08:15 13238558                   /home/cotlowski/Downloads/activator-1.3.4/repository/org.seleniumhq.selenium/selenium-htmlunit-driver/2.39.0/jars/selenium-htmlunit-driver.jar
7f9c51b51000-7f9c51b52000 r--s 00002000 08:15 13238577                   /home/cotlowski/Downloads/activator-1.3.4/repository/org.seleniumhq.selenium/selenium-chrome-driver/2.39.0/jars/selenium-chrome-driver.jar
7f9c51b52000-7f9c51b5d000 r--s 000d5000 08:15 13238344                   /home/cotlowski/Downloads/activator-1.3.4/repository/net.java.dev.jna/platform/3.4.0/jars/platform.jar
7f9c51b5d000-7f9c51b61000 r--s 000f3000 08:15 13238354                   /home/cotlowski/Downloads/activator-1.3.4/repository/net.java.dev.jna/jna/3.4.0/jars/jna.jar
7f9c51b61000-7f9c51b63000 r--s 0000b000 08:15 13370129                   /home/cotlowski/Downloads/activator-1.3.4/repository/org.apache.commons/commons-exec/1.1/jars/commons-exec.jar
7f9c51b63000-7f9c51b65000 r--s 0000e000 08:15 13370028                   /home/cotlowski/Downloads/activator-1.3.4/repository/commons-logging/commons-logging/1.1.3/jars/commons-logging.jar
7f9c51b65000-7f9c51b6b000 r--s 0003f000 08:15 13369962                   /home/cotlowski/Downloads/activator-1.3.4/repository/org.apache.httpcomponents/httpcore/4.3/jars/httpcore.jar
7f9c51b6b000-7f9c51b76000 r--s 00084000 08:15 13370008                   /home/cotlowski/Downloads/activator-1.3.4/repository/org.apache.httpcomponents/httpclient/4.3.1/jars/httpclient.jar
7f9c51b76000-7f9c51b7c000 r--s 0001e000 08:15 13238425                   /home/cotlowski/Downloads/activator-1.3.4/repository/org.seleniumhq.selenium/selenium-api/2.39.0/jars/selenium-api.jar
7f9c51b7c000-7f9c51b7e000 r--s 00008000 08:15 13238374                   /home/cotlowski/Downloads/activator-1.3.4/repository/org.json/json/20080701/jars/json.jar
7f9c51b7e000-7f9c51b85000 r--s 00049000 08:15 13238394                   /home/cotlowski/Downloads/activator-1.3.4/repository/cglib/cglib-nodep/2.1_3/jars/cglib-nodep.jar
7f9c51b85000-7f9c51b8b000 r--s 00037000 08:15 13238444                   /home/cotlowski/Downloads/activator-1.3.4/repository/org.seleniumhq.selenium/selenium-remote-driver/2.39.0/jars/selenium-remote-driver.jar
7f9c51b8b000-7f9c51b8e000 r--s 00049000 08:15 13238596                   /home/cotlowski/Downloads/activator-1.3.4/repository/org.seleniumhq.selenium/selenium-android-driver/2.39.0/jars/selenium-android-driver.jar
7f9c51b8e000-7f9c51b94000 r--s 00059000 08:15 13238615                   /home/cotlowski/Downloads/activator-1.3.4/repository/org.seleniumhq.selenium/selenium-java/2.39.0/jars/selenium-java.jar
7f9c51b94000-7f9c51b97000 r--s 00012000 08:15 13238776                   /home/cotlowski/Downloads/activator-1.3.4/repository/org.fluentlenium/fluentlenium-core/0.9.2/jars/fluentlenium-core.jar
7f9c51b97000-7f9c51b99000 r--s 00002000 08:15 13238786                   /home/cotlowski/Downloads/activator-1.3.4/repository/org.fluentlenium/fluentlenium-festassert/0.9.2/jars/fluentlenium-festassert.jar
7f9c51b99000-7f9c51b9c000 r--s 00006000 08:15 13238806                   /home/cotlowski/Downloads/activator-1.3.4/repository/com.google.code.findbugs/jsr305/2.0.3/jars/jsr305.jar
7f9c51b9c000-7f9c51b9e000 r--s 00002000 08:15 13763185                   /home/cotlowski/.ivy2/cache/org.scala-sbt/test-interface/jars/test-interface-1.0.jar
7f9c51b9e000-7f9c51b9f000 r--s 00006000 08:15 13239066                   /home/cotlowski/Downloads/activator-1.3.4/repository/com.novocode/junit-interface/0.11-RC1/jars/junit-interface.jar
7f9c51b9f000-7f9c51ba3000 r--s 00018000 08:15 13238887                   /home/cotlowski/Downloads/activator-1.3.4/repository/org.specs2/classycle/1.4.3/jars/classycle.jar
7f9c51ba3000-7f9c51c93000 r--s 00c16000 08:15 13632413                   /home/cotlowski/Downloads/activator-1.3.4/repository/org.scala-lang/scala-compiler/2.11.0/jars/scala-compiler.jar
7f9c51c93000-7f9c51c95000 r--s 0000f000 08:15 13238897                   /home/cotlowski/Downloads/activator-1.3.4/repository/org.specs2/specs2-analysis_2.11/2.3.12/jars/specs2-analysis_2.11.jar
7f9c51c95000-7f9c51ca1000 r--s 00075000 08:15 13238927                   /home/cotlowski/Downloads/activator-1.3.4/repository/org.specs2/specs2-matcher-extra_2.11/2.3.12/jars/specs2-matcher-extra_2.11.jar
7f9c51ca1000-7f9c51ca3000 r--s 00005000 08:15 13238656                   /home/cotlowski/Downloads/activator-1.3.4/repository/org.objenesis/objenesis/1.0/jars/objenesis.jar
7f9c51ca3000-7f9c51cc2000 r--s 00150000 08:15 13238677                   /home/cotlowski/Downloads/activator-1.3.4/repository/org.mockito/mockito-core/1.9.5/jars/mockito-core.jar
7f9c51cc2000-7f9c51cc7000 r--s 00033000 08:15 13238937                   /home/cotlowski/Downloads/activator-1.3.4/repository/org.specs2/specs2-mock_2.11/2.3.12/jars/specs2-mock_2.11.jar
7f9c51cc7000-7f9c51cca000 r--s 0002b000 08:15 13238947                   /home/cotlowski/Downloads/activator-1.3.4/repository/org.specs2/specs2-junit_2.11/2.3.12/jars/specs2-junit_2.11.jar
7f9c51cca000-7f9c51cd5000 r--s 0005c000 08:15 13238745                   /home/cotlowski/Downloads/activator-1.3.4/repository/org.scalaz/scalaz-effect_2.11/7.0.6/bundles/scalaz-effect_2.11.jar
7f9c51cd5000-7f9c51cdd000 r--s 00044000 08:15 13238755                   /home/cotlowski/Downloads/activator-1.3.4/repository/org.scalaz/scalaz-concurrent_2.11/7.0.6/bundles/scalaz-concurrent_2.11.jar
7f9c51cdd000-7f9c51d94000 r--s 007d5000 08:15 13238765                   /home/cotlowski/Downloads/activator-1.3.4/repository/org.scalaz/scalaz-core_2.11/7.0.6/bundles/scalaz-core_2.11.jar
7f9c51d94000-7f9c51db3000 r--s 0014d000 08:15 13238907                   /home/cotlowski/Downloads/activator-1.3.4/repository/org.specs2/specs2-common_2.11/2.3.12/jars/specs2-common_2.11.jar
7f9c51db3000-7f9c51dee000 r--s 00223000 08:15 13238917                   /home/cotlowski/Downloads/activator-1.3.4/repository/org.specs2/specs2-matcher_2.11/2.3.12/jars/specs2-matcher_2.11.jar
7f9c51dee000-7f9c51e18000 r--s 001d1000 08:15 13238957                   /home/cotlowski/Downloads/activator-1.3.4/repository/org.specs2/specs2-core_2.11/2.3.12/jars/specs2-core_2.11.jar
7f9c51e18000-7f9c51e1a000 r--s 00009000 08:15 13238997                   /home/cotlowski/Downloads/activator-1.3.4/repository/org.hamcrest/hamcrest-core/1.3/jars/hamcrest-core.jar
7f9c51e1a000-7f9c51e20000 r--s 00036000 08:15 13239035                   /home/cotlowski/Downloads/activator-1.3.4/repository/junit/junit/4.11/jars/junit.jar
7f9c51e20000-7f9c51e24000 r--s 00024000 08:15 13632265                   /home/cotlowski/Downloads/activator-1.3.4/repository/com.typesafe.play/play-test_2.11/2.3.9/jars/play-test_2.11.jar
7f9c51e24000-7f9c51e2d000 r--s 000e4000 08:15 14156454                   /home/cotlowski/.ivy2/cache/mysql/mysql-connector-java/jars/mysql-connector-java-5.1.35.jar
7f9c51e2d000-7f9c51e2e000 r--s 00001000 08:15 13369454                   /home/cotlowski/Downloads/activator-1.3.4/repository/oauth.signpost/signpost-commonshttp4/1.2.1.2/jars/signpost-commonshttp4.jar
7f9c51e2e000-7f9c51e31000 r--s 00009000 08:15 13369464                   /home/cotlowski/Downloads/activator-1.3.4/repository/oauth.signpost/signpost-core/1.2.1.2/jars/signpost-core.jar
7f9c51e31000-7f9c51e3b000 r--s 00079000 08:15 13369475                   /home/cotlowski/Downloads/activator-1.3.4/repository/com.ning/async-http-client/1.8.15/jars/async-http-client.jar
7f9c51e3b000-7f9c51e66000 r--s 001f5000 08:15 13369513                   /home/cotlowski/Downloads/activator-1.3.4/repository/com.google.guava/guava/16.0.1/bundles/guava.jar
7f9c51e66000-7f9c51e72000 r--s 00087000 08:15 13632353                   /home/cotlowski/Downloads/activator-1.3.4/repository/com.typesafe.play/play-ws_2.11/2.3.9/jars/play-ws_2.11.jar
7f9c51e72000-7f9c51e8d000 r--s 0012e000 08:15 13107303                   /home/cotlowski/Downloads/activator-1.3.4/repository/net.sf.ehcache/ehcache-core/2.6.8/jars/ehcache-core.jar
7f9c51e8d000-7f9c51e8f000 r--s 00009000 08:15 13632108                   /home/cotlowski/Downloads/activator-1.3.4/repository/com.typesafe.play/play-cache_2.11/2.3.9/jars/play-cache_2.11.jar
7f9c51e8f000-7f9c51e94000 r--s 0002d000 08:15 13107336                   /home/cotlowski/Downloads/activator-1.3.4/repository/tyrex/tyrex/1.0.1/jars/tyrex.jar
7f9c51e94000-7f9c51ea1000 r--s 00183000 08:15 13107994                   /home/cotlowski/Downloads/activator-1.3.4/repository/com.h2database/h2/1.3.175/jars/h2.jar
7f9c51ea1000-7f9c51ea4000 r--s 00019000 08:15 13107347                   /home/cotlowski/Downloads/activator-1.3.4/repository/com.jolbox/bonecp/0.8.0.RELEASE/bundles/bonecp.jar
7f9c51ea4000-7f9c51eaa000 r--s 0002b000 08:15 13632128                   /home/cotlowski/Downloads/activator-1.3.4/repository/com.typesafe.play/play-jdbc_2.11/2.3.9/jars/play-jdbc_2.11.jar
7f9c51eaa000-7f9c51eac000 r--s 00005000 08:15 13107314                   /home/cotlowski/Downloads/activator-1.3.4/repository/org.scala-lang.plugins/scala-continuations-library_2.11/1.0.1/bundles/scala-continuations-library_2.11.jar
7f9c51eac000-7f9c51eaf000 r--s 00010000 08:15 13107325                   /home/cotlowski/Downloads/activator-1.3.4/repository/com.jsuereth/scala-arm_2.11/1.4/jars/scala-arm_2.11.jar
7f9c51eaf000-7f9c51eb8000 r--s 00064000 08:15 13632118                   /home/cotlowski/Downloads/activator-1.3.4/repository/com.typesafe.play/anorm_2.11/2.3.9/jars/anorm_2.11.jar
7f9c51eb8000-7f9c51eb9000 r--s 00003000 08:15 13369573                   /home/cotlowski/Downloads/activator-1.3.4/repository/javax.transaction/jta/1.1/jars/jta.jar
7f9c51eb9000-7f9c51ec2000 r--s 0002d000 08:15 13369533                   /home/cotlowski/Downloads/activator-1.3.4/repository/xml-apis/xml-apis/1.4.01/jars/xml-apis.jar
7f9c51ec2000-7f9c51edb000 r--s 00135000 08:15 13369593                   /home/cotlowski/Downloads/activator-1.3.4/repository/xerces/xercesImpl/2.11.0/jars/xercesImpl.jar
7f9c51edb000-7f9c51ee2000 r--s 0003a000 08:15 13369887                   /home/cotlowski/Downloads/activator-1.3.4/repository/commons-codec/commons-codec/1.9/jars/commons-codec.jar
7f9c51ee2000-7f9c51ee3000 r--s 00003000 08:15 13370263                   /home/cotlowski/Downloads/activator-1.3.4/repository/com.typesafe.akka/akka-slf4j_2.11/2.3.4/jars/akka-slf4j_2.11.jar
7f9c51ee3000-7f9c51f08000 r--s 00242000 08:15 13370277                   /home/cotlowski/Downloads/activator-1.3.4/repository/com.typesafe.akka/akka-actor_2.11/2.3.4/jars/akka-actor_2.11.jar
7f9c51f08000-7f9c51f0e000 r--s 0003d000 08:15 13369695                   /home/cotlowski/Downloads/activator-1.3.4/repository/ch.qos.logback/logback-classic/1.1.1/jars/logback-classic.jar
7f9c51f0e000-7f9c51f18000 r--s 0005f000 08:15 13369705                   /home/cotlowski/Downloads/activator-1.3.4/repository/ch.qos.logback/logback-core/1.1.1/jars/logback-core.jar
7f9c51f18000-7f9c51f1a000 r--s 00003000 08:15 13369736                   /home/cotlowski/Downloads/activator-1.3.4/repository/org.slf4j/jcl-over-slf4j/1.7.6/jars/jcl-over-slf4j.jar
7f9c51f1a000-7f9c51f1b000 r--s 00001000 08:15 13369746                   /home/cotlowski/Downloads/activator-1.3.4/repository/org.slf4j/jul-to-slf4j/1.7.6/jars/jul-to-slf4j.jar
7f9c51f1b000-7f9c51f1d000 r--s 00006000 08:15 13369788                   /home/cotlowski/Downloads/activator-1.3.4/repository/org.slf4j/slf4j-api/1.7.6/jars/slf4j-api.jar
7f9c51f1d000-7f9c51f36000 r--s 0012c000 08:15 13369828                   /home/cotlowski/Downloads/activator-1.3.4/repository/io.netty/netty/3.9.8.Final/bundles/netty.jar
7f9c51f36000-7f9c51f41000 r--s 0005c000 08:15 13632793                   /home/cotlowski/.ivy2/cache/org.scala-lang.modules/scala-parser-combinators_2.11/bundles/scala-parser-combinators_2.11-1.0.1.jar
7f9c51f41000-7f9c51f8c000 r--s 003e1000 08:15 13632505                   /home/cotlowski/Downloads/activator-1.3.4/repository/org.scala-lang/scala-reflect/2.11.1/jars/scala-reflect.jar
7f9c51f8c000-7f9c51f9d000 r--s 000cf000 08:15 13369613                   /home/cotlowski/Downloads/activator-1.3.4/repository/com.fasterxml.jackson.core/jackson-databind/2.3.2/bundles/jackson-databind.jar
7f9c51f9d000-7f9c51fac000 r--s 0007f000 08:15 13369673                   /home/cotlowski/Downloads/activator-1.3.4/repository/joda-time/joda-time/2.3/jars/joda-time.jar
7f9c51fac000-7f9c51fb5000 r--s 00053000 08:15 13632285                   /home/cotlowski/Downloads/activator-1.3.4/repository/com.typesafe.play/play-functional_2.11/2.3.9/jars/play-functional_2.11.jar
7f9c51fb5000-7f9c51fc0000 r--s 0008f000 08:15 13632314                   /home/cotlowski/Downloads/activator-1.3.4/repository/com.typesafe.play/play-json_2.11/2.3.9/jars/play-json_2.11.jar
7f9c51fc0000-7f9c5200d000 r--s 0034d000 08:15 13632373                   /home/cotlowski/Downloads/activator-1.3.4/repository/com.typesafe.play/play_2.11/2.3.9/jars/play_2.11.jar
7f9c5200d000-7f9c52010000 ---p 00000000 00:00 0 
7f9c52010000-7f9c5210e000 rw-p 00000000 00:00 0                          [stack:6455]
7f9c5210e000-7f9c527f0000 r--p 00000000 08:06 8002918                    /usr/lib/locale/locale-archive
7f9c527f0000-7f9c527f3000 ---p 00000000 00:00 0 
7f9c527f3000-7f9c528f1000 rw-p 00000000 00:00 0                          [stack:6454]
7f9c528f1000-7f9c528f4000 ---p 00000000 00:00 0 
7f9c528f4000-7f9c529f2000 rw-p 00000000 00:00 0                          [stack:6453]
7f9c529f2000-7f9c529f3000 ---p 00000000 00:00 0 
7f9c529f3000-7f9c54000000 rw-p 00000000 00:00 0                          [stack:6452]
7f9c54000000-7f9c54021000 rw-p 00000000 00:00 0 
7f9c54021000-7f9c58000000 ---p 00000000 00:00 0 
7f9c58000000-7f9c58001000 r--s 00001000 08:15 13369799                   /home/cotlowski/Downloads/activator-1.3.4/repository/com.typesafe.netty/netty-http-pipelining/1.1.2/jars/netty-http-pipelining.jar
7f9c58001000-7f9c58004000 r--s 0002e000 08:15 13369651                   /home/cotlowski/Downloads/activator-1.3.4/repository/com.fasterxml.jackson.core/jackson-core/2.3.2/bundles/jackson-core.jar
7f9c58004000-7f9c58008000 r--s 00015000 08:15 13369662                   /home/cotlowski/Downloads/activator-1.3.4/repository/org.joda/joda-convert/1.6/jars/joda-convert.jar
7f9c58008000-7f9c58011000 r--s 00091000 08:15 13369684                   /home/cotlowski/Downloads/activator-1.3.4/repository/org.scala-stm/scala-stm_2.11/0.7/jars/scala-stm_2.11.jar
7f9c58011000-7f9c58023000 r--s 000a1000 08:15 13632324                   /home/cotlowski/Downloads/activator-1.3.4/repository/com.typesafe.play/play-iteratees_2.11/2.3.9/jars/play-iteratees_2.11.jar
7f9c58023000-7f9c5802d000 r--s 000a5000 08:15 13369562                   /home/cotlowski/Downloads/activator-1.3.4/repository/org.javassist/javassist/3.18.2-GA/bundles/javassist.jar
7f9c5802d000-7f9c58086000 r--s 004f6000 08:15 13632777                   /home/cotlowski/.ivy2/cache/org.scala-lang/scala-library/jars/scala-library-2.11.6.jar
7f9c58086000-7f9c58288000 rw-p 00000000 00:00 0 
7f9c58288000-7f9c58455000 r--s 03bd3000 08:06 2887489                    /usr/lib/jvm/java-8-openjdk-amd64/jre/lib/rt.jar
7f9c58455000-7f9c58456000 ---p 00000000 00:00 0 
7f9c58456000-7f9c58556000 rw-p 00000000 00:00 0                          [stack:6451]
7f9c58556000-7f9c58557000 ---p 00000000 00:00 0 
7f9c58557000-7f9c58657000 rw-p 00000000 00:00 0                          [stack:6450]
7f9c58657000-7f9c58658000 ---p 00000000 00:00 0 
7f9c58658000-7f9c58758000 rw-p 00000000 00:00 0                          [stack:6449]
7f9c58758000-7f9c58759000 ---p 00000000 00:00 0 
7f9c58759000-7f9c58883000 rw-p 00000000 00:00 0                          [stack:6448]
7f9c58883000-7f9c58af2000 ---p 00000000 00:00 0 
7f9c58af2000-7f9c58b18000 rw-p 00000000 00:00 0 
7f9c58b18000-7f9c58c3f000 ---p 00000000 00:00 0 
7f9c58c3f000-7f9c58c4c000 rw-p 00000000 00:00 0 
7f9c58c4c000-7f9c59000000 ---p 00000000 00:00 0 
7f9c59000000-7f9c592d0000 rwxp 00000000 00:00 0 
7f9c592d0000-7f9c68000000 ---p 00000000 00:00 0 
7f9c68000000-7f9c68a5a000 rw-p 00000000 00:00 0 
7f9c68a5a000-7f9c6c000000 ---p 00000000 00:00 0 
7f9c6c000000-7f9c6c002000 r--s 00007000 08:15 13369632                   /home/cotlowski/Downloads/activator-1.3.4/repository/com.fasterxml.jackson.core/jackson-annotations/2.3.2/bundles/jackson-annotations.jar
7f9c6c002000-7f9c6c003000 r--s 00001000 08:15 13632275                   /home/cotlowski/Downloads/activator-1.3.4/repository/com.typesafe.play/play-datacommons_2.11/2.3.9/jars/play-datacommons_2.11.jar
7f9c6c003000-7f9c6c007000 r--s 00032000 08:15 13632815                   /home/cotlowski/.ivy2/cache/com.typesafe/config/bundles/config-1.2.1.jar
7f9c6c007000-7f9c6c009000 r--s 00000000 08:15 13632304                   /home/cotlowski/Downloads/activator-1.3.4/repository/com.typesafe.play/play-exceptions/2.3.9/jars/play-exceptions.jar
7f9c6c009000-7f9c6c014000 r--s 00096000 08:15 13632791                   /home/cotlowski/.ivy2/cache/org.scala-lang.modules/scala-xml_2.11/bundles/scala-xml_2.11-1.0.1.jar
7f9c6c014000-7f9c6c01a000 r--s 00048000 08:15 13370148                   /home/cotlowski/Downloads/activator-1.3.4/repository/org.apache.commons/commons-lang3/3.1/jars/commons-lang3.jar
7f9c6c01a000-7f9c6c01c000 r--s 0000d000 08:15 13632383                   /home/cotlowski/Downloads/activator-1.3.4/repository/com.typesafe.play/twirl-api_2.11/1.0.2/jars/twirl-api_2.11.jar
7f9c6c01c000-7f9c6c038000 r--s 00393000 08:06 2887463                    /usr/lib/jvm/java-8-openjdk-amd64/jre/lib/ext/cldrdata.jar
7f9c6c038000-7f9c6c052000 r--s 001d3000 08:06 2887464                    /usr/lib/jvm/java-8-openjdk-amd64/jre/lib/ext/nashorn.jar
7f9c6c052000-7f9c6c0f2000 rw-p 00000000 00:00 0 
7f9c6c0f2000-7f9c6c362000 ---p 00000000 00:00 0 
7f9c6c362000-7f9c6c36a000 r-xp 00000000 08:06 2887420                    /usr/lib/jvm/java-8-openjdk-amd64/jre/lib/amd64/libzip.so
7f9c6c36a000-7f9c6c569000 ---p 00008000 08:06 2887420                    /usr/lib/jvm/java-8-openjdk-amd64/jre/lib/amd64/libzip.so
7f9c6c569000-7f9c6c56a000 r--p 00007000 08:06 2887420                    /usr/lib/jvm/java-8-openjdk-amd64/jre/lib/amd64/libzip.so
7f9c6c56a000-7f9c6c56b000 rw-p 00008000 08:06 2887420                    /usr/lib/jvm/java-8-openjdk-amd64/jre/lib/amd64/libzip.so
7f9c6c56b000-7f9c6c577000 r-xp 00000000 08:06 7606560                    /lib/x86_64-linux-gnu/libnss_files-2.21.so
7f9c6c577000-7f9c6c776000 ---p 0000c000 08:06 7606560                    /lib/x86_64-linux-gnu/libnss_files-2.21.so
7f9c6c776000-7f9c6c777000 r--p 0000b000 08:06 7606560                    /lib/x86_64-linux-gnu/libnss_files-2.21.so
7f9c6c777000-7f9c6c778000 rw-p 0000c000 08:06 7606560                    /lib/x86_64-linux-gnu/libnss_files-2.21.so
7f9c6c778000-7f9c6c783000 r-xp 00000000 08:06 7606570                    /lib/x86_64-linux-gnu/libnss_nis-2.21.so
7f9c6c783000-7f9c6c982000 ---p 0000b000 08:06 7606570                    /lib/x86_64-linux-gnu/libnss_nis-2.21.so
7f9c6c982000-7f9c6c983000 r--p 0000a000 08:06 7606570                    /lib/x86_64-linux-gnu/libnss_nis-2.21.so
7f9c6c983000-7f9c6c984000 rw-p 0000b000 08:06 7606570                    /lib/x86_64-linux-gnu/libnss_nis-2.21.so
7f9c6c984000-7f9c6c99b000 r-xp 00000000 08:06 7606554                    /lib/x86_64-linux-gnu/libnsl-2.21.so
7f9c6c99b000-7f9c6cb9a000 ---p 00017000 08:06 7606554                    /lib/x86_64-linux-gnu/libnsl-2.21.so
7f9c6cb9a000-7f9c6cb9b000 r--p 00016000 08:06 7606554                    /lib/x86_64-linux-gnu/libnsl-2.21.so
7f9c6cb9b000-7f9c6cb9c000 rw-p 00017000 08:06 7606554                    /lib/x86_64-linux-gnu/libnsl-2.21.so
7f9c6cb9c000-7f9c6cb9e000 rw-p 00000000 00:00 0 
7f9c6cb9e000-7f9c6cba6000 r-xp 00000000 08:06 7606556                    /lib/x86_64-linux-gnu/libnss_compat-2.21.so
7f9c6cba6000-7f9c6cda5000 ---p 00008000 08:06 7606556                    /lib/x86_64-linux-gnu/libnss_compat-2.21.so
7f9c6cda5000-7f9c6cda6000 r--p 00007000 08:06 7606556                    /lib/x86_64-linux-gnu/libnss_compat-2.21.so
7f9c6cda6000-7f9c6cda7000 rw-p 00008000 08:06 7606556                    /lib/x86_64-linux-gnu/libnss_compat-2.21.so
7f9c6cda7000-7f9c6cdb1000 r-xp 00000000 08:06 2887439                    /usr/lib/jvm/java-8-openjdk-amd64/jre/lib/amd64/libinstrument.so
7f9c6cdb1000-7f9c6cfb0000 ---p 0000a000 08:06 2887439                    /usr/lib/jvm/java-8-openjdk-amd64/jre/lib/amd64/libinstrument.so
7f9c6cfb0000-7f9c6cfb1000 r--p 00009000 08:06 2887439                    /usr/lib/jvm/java-8-openjdk-amd64/jre/lib/amd64/libinstrument.so
7f9c6cfb1000-7f9c6cfb2000 rw-p 0000a000 08:06 2887439                    /usr/lib/jvm/java-8-openjdk-amd64/jre/lib/amd64/libinstrument.so
7f9c6cfb2000-7f9c6cfe0000 r-xp 00000000 08:06 2887417                    /usr/lib/jvm/java-8-openjdk-amd64/jre/lib/amd64/libjava.so
7f9c6cfe0000-7f9c6d1df000 ---p 0002e000 08:06 2887417                    /usr/lib/jvm/java-8-openjdk-amd64/jre/lib/amd64/libjava.so
7f9c6d1df000-7f9c6d1e0000 r--p 0002d000 08:06 2887417                    /usr/lib/jvm/java-8-openjdk-amd64/jre/lib/amd64/libjava.so
7f9c6d1e0000-7f9c6d1e2000 rw-p 0002e000 08:06 2887417                    /usr/lib/jvm/java-8-openjdk-amd64/jre/lib/amd64/libjava.so
7f9c6d1e2000-7f9c6d1f1000 r-xp 00000000 08:06 2887432                    /usr/lib/jvm/java-8-openjdk-amd64/jre/lib/amd64/libverify.so
7f9c6d1f1000-7f9c6d3f1000 ---p 0000f000 08:06 2887432                    /usr/lib/jvm/java-8-openjdk-amd64/jre/lib/amd64/libverify.so
7f9c6d3f1000-7f9c6d3f4000 r--p 0000f000 08:06 2887432                    /usr/lib/jvm/java-8-openjdk-amd64/jre/lib/amd64/libverify.so
7f9c6d3f4000-7f9c6d3f5000 rw-p 00012000 08:06 2887432                    /usr/lib/jvm/java-8-openjdk-amd64/jre/lib/amd64/libverify.so
7f9c6d3f5000-7f9c6d3fc000 r-xp 00000000 08:06 7606615                    /lib/x86_64-linux-gnu/librt-2.21.so
7f9c6d3fc000-7f9c6d5fb000 ---p 00007000 08:06 7606615                    /lib/x86_64-linux-gnu/librt-2.21.so
7f9c6d5fb000-7f9c6d5fc000 r--p 00006000 08:06 7606615                    /lib/x86_64-linux-gnu/librt-2.21.so
7f9c6d5fc000-7f9c6d5fd000 rw-p 00007000 08:06 7606615                    /lib/x86_64-linux-gnu/librt-2.21.so
7f9c6d5fd000-7f9c6d613000 r-xp 00000000 08:06 7606503                    /lib/x86_64-linux-gnu/libgcc_s.so.1
7f9c6d613000-7f9c6d812000 ---p 00016000 08:06 7606503                    /lib/x86_64-linux-gnu/libgcc_s.so.1
7f9c6d812000-7f9c6d813000 rw-p 00015000 08:06 7606503                    /lib/x86_64-linux-gnu/libgcc_s.so.1
7f9c6d813000-7f9c6d91a000 r-xp 00000000 08:06 7606533                    /lib/x86_64-linux-gnu/libm-2.21.so
7f9c6d91a000-7f9c6db19000 ---p 00107000 08:06 7606533                    /lib/x86_64-linux-gnu/libm-2.21.so
7f9c6db19000-7f9c6db1a000 r--p 00106000 08:06 7606533                    /lib/x86_64-linux-gnu/libm-2.21.so
7f9c6db1a000-7f9c6db1b000 rw-p 00107000 08:06 7606533                    /lib/x86_64-linux-gnu/libm-2.21.so
7f9c6db1b000-7f9c6dc0b000 r-xp 00000000 08:06 8004884                    /usr/lib/x86_64-linux-gnu/libstdc++.so.6.0.20
7f9c6dc0b000-7f9c6de0b000 ---p 000f0000 08:06 8004884                    /usr/lib/x86_64-linux-gnu/libstdc++.so.6.0.20
7f9c6de0b000-7f9c6de13000 r--p 000f0000 08:06 8004884                    /usr/lib/x86_64-linux-gnu/libstdc++.so.6.0.20
7f9c6de13000-7f9c6de15000 rw-p 000f8000 08:06 8004884                    /usr/lib/x86_64-linux-gnu/libstdc++.so.6.0.20
7f9c6de15000-7f9c6de2a000 rw-p 00000000 00:00 0 
7f9c6de2a000-7f9c6eab7000 r-xp 00000000 08:06 2887444                    /usr/lib/jvm/java-8-openjdk-amd64/jre/lib/amd64/server/libjvm.so
7f9c6eab7000-7f9c6ecb7000 ---p 00c8d000 08:06 2887444                    /usr/lib/jvm/java-8-openjdk-amd64/jre/lib/amd64/server/libjvm.so
7f9c6ecb7000-7f9c6ed5a000 r--p 00c8d000 08:06 2887444                    /usr/lib/jvm/java-8-openjdk-amd64/jre/lib/amd64/server/libjvm.so
7f9c6ed5a000-7f9c6ed83000 rw-p 00d30000 08:06 2887444                    /usr/lib/jvm/java-8-openjdk-amd64/jre/lib/amd64/server/libjvm.so
7f9c6ed83000-7f9c6edb2000 rw-p 00000000 00:00 0 
7f9c6edb2000-7f9c6edca000 r-xp 00000000 08:06 7606607                    /lib/x86_64-linux-gnu/libpthread-2.21.so
7f9c6edca000-7f9c6efca000 ---p 00018000 08:06 7606607                    /lib/x86_64-linux-gnu/libpthread-2.21.so
7f9c6efca000-7f9c6efcb000 r--p 00018000 08:06 7606607                    /lib/x86_64-linux-gnu/libpthread-2.21.so
7f9c6efcb000-7f9c6efcc000 rw-p 00019000 08:06 7606607                    /lib/x86_64-linux-gnu/libpthread-2.21.so
7f9c6efcc000-7f9c6efd0000 rw-p 00000000 00:00 0 
7f9c6efd0000-7f9c6efd3000 r-xp 00000000 08:06 7606491                    /lib/x86_64-linux-gnu/libdl-2.21.so
7f9c6efd3000-7f9c6f1d2000 ---p 00003000 08:06 7606491                    /lib/x86_64-linux-gnu/libdl-2.21.so
7f9c6f1d2000-7f9c6f1d3000 r--p 00002000 08:06 7606491                    /lib/x86_64-linux-gnu/libdl-2.21.so
7f9c6f1d3000-7f9c6f1d4000 rw-p 00003000 08:06 7606491                    /lib/x86_64-linux-gnu/libdl-2.21.so
7f9c6f1d4000-7f9c6f1ed000 r-xp 00000000 08:06 7606648                    /lib/x86_64-linux-gnu/libz.so.1.2.8
7f9c6f1ed000-7f9c6f3ed000 ---p 00019000 08:06 7606648                    /lib/x86_64-linux-gnu/libz.so.1.2.8
7f9c6f3ed000-7f9c6f3ee000 r--p 00019000 08:06 7606648                    /lib/x86_64-linux-gnu/libz.so.1.2.8
7f9c6f3ee000-7f9c6f3ef000 rw-p 0001a000 08:06 7606648                    /lib/x86_64-linux-gnu/libz.so.1.2.8
7f9c6f3ef000-7f9c6f5af000 r-xp 00000000 08:06 7606474                    /lib/x86_64-linux-gnu/libc-2.21.so
7f9c6f5af000-7f9c6f7af000 ---p 001c0000 08:06 7606474                    /lib/x86_64-linux-gnu/libc-2.21.so
7f9c6f7af000-7f9c6f7b3000 r--p 001c0000 08:06 7606474                    /lib/x86_64-linux-gnu/libc-2.21.so
7f9c6f7b3000-7f9c6f7b5000 rw-p 001c4000 08:06 7606474                    /lib/x86_64-linux-gnu/libc-2.21.so
7f9c6f7b5000-7f9c6f7b9000 rw-p 00000000 00:00 0 
7f9c6f7b9000-7f9c6f7c7000 r-xp 00000000 08:06 2887451                    /usr/lib/jvm/java-8-openjdk-amd64/jre/lib/amd64/jli/libjli.so
7f9c6f7c7000-7f9c6f9c6000 ---p 0000e000 08:06 2887451                    /usr/lib/jvm/java-8-openjdk-amd64/jre/lib/amd64/jli/libjli.so
7f9c6f9c6000-7f9c6f9c7000 r--p 0000d000 08:06 2887451                    /usr/lib/jvm/java-8-openjdk-amd64/jre/lib/amd64/jli/libjli.so
7f9c6f9c7000-7f9c6f9c8000 rw-p 0000e000 08:06 2887451                    /usr/lib/jvm/java-8-openjdk-amd64/jre/lib/amd64/jli/libjli.so
7f9c6f9c8000-7f9c6f9ec000 r-xp 00000000 08:06 7606446                    /lib/x86_64-linux-gnu/ld-2.21.so
7f9c6f9ec000-7f9c6f9ed000 r--s 00002000 08:15 13632343                   /home/cotlowski/Downloads/activator-1.3.4/repository/com.typesafe.play/build-link/2.3.9/jars/build-link.jar
7f9c6f9ed000-7f9c6f9f3000 r--s 0003a000 08:06 2887468                    /usr/lib/jvm/java-8-openjdk-amd64/jre/lib/ext/sunjce_provider.jar
7f9c6f9f3000-7f9c6f9f6000 r--s 00037000 08:06 2887471                    /usr/lib/jvm/java-8-openjdk-amd64/jre/lib/ext/sunpkcs11.jar
7f9c6f9f6000-7f9c6f9f8000 r--s 00001000 08:06 2887469                    /usr/lib/jvm/java-8-openjdk-amd64/jre/lib/ext/dnsns.jar
7f9c6f9f8000-7f9c6f9fa000 r--s 00006000 08:06 268667                     /usr/share/java/java-atk-wrapper.jar
7f9c6f9fa000-7f9c6f9fb000 r--s 00008000 08:06 2887465                    /usr/lib/jvm/java-8-openjdk-amd64/jre/lib/ext/sunec.jar
7f9c6f9fb000-7f9c6faca000 rw-p 00000000 00:00 0 
7f9c6faca000-7f9c6facd000 ---p 00000000 00:00 0 
7f9c6facd000-7f9c6fbd0000 rw-p 00000000 00:00 0                          [stack:6447]
7f9c6fbd0000-7f9c6fbd3000 r--s 0000f000 08:06 2887470                    /usr/lib/jvm/java-8-openjdk-amd64/jre/lib/ext/icedtea-sound.jar
7f9c6fbd3000-7f9c6fbd4000 r--s 00010000 08:06 2887467                    /usr/lib/jvm/java-8-openjdk-amd64/jre/lib/ext/zipfs.jar
7f9c6fbd4000-7f9c6fbdf000 r--s 00116000 08:06 2887466                    /usr/lib/jvm/java-8-openjdk-amd64/jre/lib/ext/localedata.jar
7f9c6fbdf000-7f9c6fbe7000 rw-s 00000000 08:06 268838                     /tmp/hsperfdata_cotlowski/6443
7f9c6fbe7000-7f9c6fbe8000 rw-p 00000000 00:00 0 
7f9c6fbe8000-7f9c6fbe9000 r--p 00000000 00:00 0 
7f9c6fbe9000-7f9c6fbeb000 rw-p 00000000 00:00 0 
7f9c6fbeb000-7f9c6fbec000 r--p 00023000 08:06 7606446                    /lib/x86_64-linux-gnu/ld-2.21.so
7f9c6fbec000-7f9c6fbed000 rw-p 00024000 08:06 7606446                    /lib/x86_64-linux-gnu/ld-2.21.so
7f9c6fbed000-7f9c6fbee000 rw-p 00000000 00:00 0 
7fff9f346000-7fff9f36a000 rw-p 00000000 00:00 0                          [stack]
7fff9f3bb000-7fff9f3bd000 r--p 00000000 00:00 0                          [vvar]
7fff9f3bd000-7fff9f3bf000 r-xp 00000000 00:00 0                          [vdso]
ffffffffff600000-ffffffffff601000 r-xp 00000000 00:00 0                  [vsyscall]

VM Arguments:
jvm_args: -javaagent:/usr/share/java/jayatanaag.jar 
java_command: sbt.ForkMain 60605
java_class_path (initial): /home/cotlowski/code/js-firstassignment/target/scala-2.11/test-classes:/home/cotlowski/code/js-firstassignment/target/web/classes/test:/home/cotlowski/code/js-firstassignment/target/scala-2.11/classes:/home/cotlowski/code/js-firstassignment/target/web/classes/main:/home/cotlowski/.ivy2/cache/org.scala-lang/scala-library/jars/scala-library-2.11.6.jar:/home/cotlowski/Downloads/activator-1.3.4/repository/com.typesafe.play/twirl-api_2.11/1.0.2/jars/twirl-api_2.11.jar:/home/cotlowski/Downloads/activator-1.3.4/repository/org.apache.commons/commons-lang3/3.1/jars/commons-lang3.jar:/home/cotlowski/.ivy2/cache/org.scala-lang.modules/scala-xml_2.11/bundles/scala-xml_2.11-1.0.1.jar:/home/cotlowski/Downloads/activator-1.3.4/repository/com.typesafe.play/play_2.11/2.3.9/jars/play_2.11.jar:/home/cotlowski/Downloads/activator-1.3.4/repository/com.typesafe.play/build-link/2.3.9/jars/build-link.jar:/home/cotlowski/Downloads/activator-1.3.4/repository/com.typesafe.play/play-exceptions/2.3.9/jars/play-exceptions.jar:/home/cotlowski/Downloads/activator-1.3.4/repository/org.javassist/javassist/3.18.2-GA/bundles/javassist.jar:/home/cotlowski/Downloads/activator-1.3.4/repository/com.typesafe.play/play-iteratees_2.11/2.3.9/jars/play-iteratees_2.11.jar:/home/cotlowski/Downloads/activator-1.3.4/repository/org.scala-stm/scala-stm_2.11/0.7/jars/scala-stm_2.11.jar:/home/cotlowski/.ivy2/cache/com.typesafe/config/bundles/config-1.2.1.jar:/home/cotlowski/Downloads/activator-1.3.4/repository/com.typesafe.play/play-json_2.11/2.3.9/jars/play-json_2.11.jar:/home/cotlowski/Downloads/activator-1.3.4/repository/com.typesafe.play/play-functional_2.11/2.3.9/jars/play-functional_2.11.jar:/home/cotlowski/Downloads/activator-1.3.4/repository/com.typesafe.play/play-datacommons_2.11/2.3.9/jars/play-datacommons_2.11.jar:/home/cotlowski/Downloads/activator-1.3.4/repository/joda-time/joda-time/2.3/jars/joda-time.jar:/home/cotlowski/Downloads/activator-1.3.4/repository/org.joda/joda-conv
Launcher Type: SUN_STANDARD

Environment Variables:
JAVA_TOOL_OPTIONS=-javaagent:/usr/share/java/jayatanaag.jar 
PATH=/home/cotlowski/code/scala-2.11.6/bin:/usr/local/sbin:/usr/local/bin:/usr/sbin:/usr/bin:/sbin:/bin:/usr/games:/usr/local/games:/home/cotlowski/Downloads/activator-1.3.4
SHELL=/bin/bash
DISPLAY=:0

Signal Handlers:
SIGSEGV: [libjvm.so+0xa90d80], sa_mask[0]=11111111011111111101111111111110, sa_flags=SA_RESTART|SA_SIGINFO
SIGBUS: [libjvm.so+0xa90d80], sa_mask[0]=11111111011111111101111111111110, sa_flags=SA_RESTART|SA_SIGINFO
SIGFPE: [libjvm.so+0x8dbc70], sa_mask[0]=11111111011111111101111111111110, sa_flags=SA_RESTART|SA_SIGINFO
SIGPIPE: [libjvm.so+0x8dbc70], sa_mask[0]=11111111011111111101111111111110, sa_flags=SA_RESTART|SA_SIGINFO
SIGXFSZ: [libjvm.so+0x8dbc70], sa_mask[0]=11111111011111111101111111111110, sa_flags=SA_RESTART|SA_SIGINFO
SIGILL: [libjvm.so+0x8dbc70], sa_mask[0]=11111111011111111101111111111110, sa_flags=SA_RESTART|SA_SIGINFO
SIGUSR1: SIG_DFL, sa_mask[0]=00000000000000000000000000000000, sa_flags=none
SIGUSR2: [libjvm.so+0x8dbb20], sa_mask[0]=00100000000000000000000000000000, sa_flags=SA_RESTART|SA_SIGINFO
SIGHUP: [libjvm.so+0x8dbd40], sa_mask[0]=11111111011111111101111111111110, sa_flags=SA_RESTART|SA_SIGINFO
SIGINT: [libjvm.so+0x8dbd40], sa_mask[0]=11111111011111111101111111111110, sa_flags=SA_RESTART|SA_SIGINFO
SIGTERM: [libjvm.so+0x8dbd40], sa_mask[0]=11111111011111111101111111111110, sa_flags=SA_RESTART|SA_SIGINFO
SIGQUIT: [libjvm.so+0x8dbd40], sa_mask[0]=11111111011111111101111111111110, sa_flags=SA_RESTART|SA_SIGINFO


---------------  S Y S T E M  ---------------

OS:DISTRIB_ID=Ubuntu
DISTRIB_RELEASE=15.04
DISTRIB_CODENAME=vivid
DISTRIB_DESCRIPTION="Ubuntu 15.04"

uname:Linux 3.19.0-18-generic #18-Ubuntu SMP Tue May 19 18:31:35 UTC 2015 x86_64
libc:glibc 2.21 NPTL 2.21 
rlimit: STACK 8192k, CORE 0k, NPROC 31845, NOFILE 65536, AS infinity
load average:0.68 0.48 0.42

/proc/meminfo:
MemTotal:        8174784 kB
MemFree:          245556 kB
MemAvailable:     409968 kB
Buffers:           37884 kB
Cached:           568060 kB
SwapCached:        59620 kB
Active:          3042624 kB
Inactive:        1156760 kB
Active(anon):    2859172 kB
Inactive(anon):  1032052 kB
Active(file):     183452 kB
Inactive(file):   124708 kB
Unevictable:          68 kB
Mlocked:              68 kB
SwapTotal:      15624188 kB
SwapFree:       14699752 kB
Dirty:               596 kB
Writeback:            16 kB
AnonPages:       3559360 kB
Mapped:           725384 kB
Shmem:            297952 kB
Slab:             155504 kB
SReclaimable:      50388 kB
SUnreclaim:       105116 kB
KernelStack:       13392 kB
PageTables:        61908 kB
NFS_Unstable:          0 kB
Bounce:                0 kB
WritebackTmp:          0 kB
CommitLimit:    19711580 kB
Committed_AS:   13737296 kB
VmallocTotal:   34359738367 kB
VmallocUsed:      357168 kB
VmallocChunk:   34359378440 kB
HardwareCorrupted:     0 kB
AnonHugePages:   1884160 kB
CmaTotal:              0 kB
CmaFree:               0 kB
HugePages_Total:       0
HugePages_Free:        0
HugePages_Rsvd:        0
HugePages_Surp:        0
Hugepagesize:       2048 kB
DirectMap4k:     3648448 kB
DirectMap2M:     4739072 kB


CPU:total 4 (4 cores per cpu, 1 threads per core) family 6 model 23 stepping 7, cmov, cx8, fxsr, mmx, sse, sse2, sse3, ssse3, sse4.1, tsc

/proc/cpuinfo:
processor	: 0
vendor_id	: GenuineIntel
cpu family	: 6
model		: 23
model name	: Intel(R) Core(TM)2 Quad  CPU   Q9550  @ 2.83GHz
stepping	: 7
microcode	: 0x70a
cpu MHz		: 2834.000
cache size	: 6144 KB
physical id	: 0
siblings	: 4
core id		: 0
cpu cores	: 4
apicid		: 0
initial apicid	: 0
fpu		: yes
fpu_exception	: yes
cpuid level	: 10
wp		: yes
flags		: fpu vme de pse tsc msr pae mce cx8 apic sep mtrr pge mca cmov pat pse36 clflush dts acpi mmx fxsr sse sse2 ss ht tm pbe syscall nx lm constant_tsc arch_perfmon pebs bts rep_good nopl aperfmperf pni dtes64 monitor ds_cpl vmx smx est tm2 ssse3 cx16 xtpr pdcm sse4_1 lahf_lm dtherm tpr_shadow vnmi flexpriority
bugs		:
bogomips	: 5666.72
clflush size	: 64
cache_alignment	: 64
address sizes	: 36 bits physical, 48 bits virtual
power management:

processor	: 1
vendor_id	: GenuineIntel
cpu family	: 6
model		: 23
model name	: Intel(R) Core(TM)2 Quad  CPU   Q9550  @ 2.83GHz
stepping	: 7
microcode	: 0x70a
cpu MHz		: 2834.000
cache size	: 6144 KB
physical id	: 0
siblings	: 4
core id		: 3
cpu cores	: 4
apicid		: 3
initial apicid	: 3
fpu		: yes
fpu_exception	: yes
cpuid level	: 10
wp		: yes
flags		: fpu vme de pse tsc msr pae mce cx8 apic sep mtrr pge mca cmov pat pse36 clflush dts acpi mmx fxsr sse sse2 ss ht tm pbe syscall nx lm constant_tsc arch_perfmon pebs bts rep_good nopl aperfmperf pni dtes64 monitor ds_cpl vmx smx est tm2 ssse3 cx16 xtpr pdcm sse4_1 lahf_lm dtherm tpr_shadow vnmi flexpriority
bugs		:
bogomips	: 5666.72
clflush size	: 64
cache_alignment	: 64
address sizes	: 36 bits physical, 48 bits virtual
power management:

processor	: 2
vendor_id	: GenuineIntel
cpu family	: 6
model		: 23
model name	: Intel(R) Core(TM)2 Quad  CPU   Q9550  @ 2.83GHz
stepping	: 7
microcode	: 0x70a
cpu MHz		: 2834.000
cache size	: 6144 KB
physical id	: 0
siblings	: 4
core id		: 2
cpu cores	: 4
apicid		: 2
initial apicid	: 2
fpu		: yes
fpu_exception	: yes
cpuid level	: 10
wp		: yes
flags		: fpu vme de pse tsc msr pae mce cx8 apic sep mtrr pge mca cmov pat pse36 clflush dts acpi mmx fxsr sse sse2 ss ht tm pbe syscall nx lm constant_tsc arch_perfmon pebs bts rep_good nopl aperfmperf pni dtes64 monitor ds_cpl vmx smx est tm2 ssse3 cx16 xtpr pdcm sse4_1 lahf_lm dtherm tpr_shadow vnmi flexpriority
bugs		:
bogomips	: 5666.72
clflush size	: 64
cache_alignment	: 64
address sizes	: 36 bits physical, 48 bits virtual
power management:

processor	: 3
vendor_id	: GenuineIntel
cpu family	: 6
model		: 23
model name	: Intel(R) Core(TM)2 Quad  CPU   Q9550  @ 2.83GHz
stepping	: 7
microcode	: 0x70a
cpu MHz		: 2834.000
cache size	: 6144 KB
physical id	: 0
siblings	: 4
core id		: 1
cpu cores	: 4
apicid		: 1
initial apicid	: 1
fpu		: yes
fpu_exception	: yes
cpuid level	: 10
wp		: yes
flags		: fpu vme de pse tsc msr pae mce cx8 apic sep mtrr pge mca cmov pat pse36 clflush dts acpi mmx fxsr sse sse2 ss ht tm pbe syscall nx lm constant_tsc arch_perfmon pebs bts rep_good nopl aperfmperf pni dtes64 monitor ds_cpl vmx smx est tm2 ssse3 cx16 xtpr pdcm sse4_1 lahf_lm dtherm tpr_shadow vnmi flexpriority
bugs		:
bogomips	: 5666.72
clflush size	: 64
cache_alignment	: 64
address sizes	: 36 bits physical, 48 bits virtual
power management:



Memory: 4k page, physical 8174784k(245556k free), swap 15624188k(14699752k free)

vm_info: OpenJDK 64-Bit Server VM (25.45-b02) for linux-amd64 JRE (1.8.0_45-internal-b14), built on Apr 20 2015 00:35:04 by "buildd" with gcc 4.9.2

time: Tue Jun  9 11:53:03 2015
elapsed time: 1 seconds (0d 0h 0m 1s)

