#
# A fatal error has been detected by the Java Runtime Environment:
#
#  SIGSEGV (0xb) at pc=0x00007f32c2005060, pid=12006, tid=139857444644608
#
# JRE version: OpenJDK Runtime Environment (8.0_45-b14) (build 1.8.0_45-internal-b14)
# Java VM: OpenJDK 64-Bit Server VM (25.45-b02 mixed mode linux-amd64 compressed oops)
# Problematic frame:
# C  0x00007f32c2005060
#
# Failed to write core dump. Core dumps have been disabled. To enable core dumping, try "ulimit -c unlimited" before starting Java again
#
# If you would like to submit a bug report, please visit:
#   http://bugreport.java.com/bugreport/crash.jsp
#

---------------  T H R E A D  ---------------

Current thread (0x00007f3310011000):  JavaThread "main" [_thread_in_Java, id=12010, stack(0x00007f33193ea000,0x00007f33194eb000)]

siginfo: si_signo: 11 (SIGSEGV), si_code: 1 (SEGV_MAPERR), si_addr: 0x00007f32c2005060

Registers:
RAX=0x00007f33142f21a0, RBX=0x0000000000000418, RCX=0x00007f3314304a90, RDX=0x00007f33010073d0
RSP=0x00007f33194e8388, RBP=0x00007f33194e8420, RSI=0x0000000000000044, RDI=0x0000000000000044
R8 =0x0000000040000000, R9 =0x00000000d6c6e470, R10=0x00007f33186c6e40, R11=0x00007f330113cb80
R12=0x0000000000000000, R13=0x00007f33194e83d8, R14=0x00007f33194e84a0, R15=0x00007f3310011000
RIP=0x00007f32c2005060, EFLAGS=0x0000000000010202, CSGSFS=0x0000000000000033, ERR=0x0000000000000014
  TRAPNO=0x000000000000000e

Top of Stack: (sp=0x00007f33194e8388)
0x00007f33194e8388:   00007f330113cbf4 00007f33194e8bb0
0x00007f33194e8398:   00007f331000e640 00007f33194e84b0
0x00007f33194e83a8:   00007f3317dc4538 00007f3300000044
0x00007f33194e83b8:   0000000000000001 00007f33194e8420
0x00007f33194e83c8:   00007f33010073d0 00007f33010073d0
0x00007f33194e83d8:   0000000000000044 00007f33194e83e0
0x00007f33194e83e8:   00007f331425da45 00007f33194e84a0
0x00007f33194e83f8:   00007f3314304a90 0000000000000000
0x00007f33194e8408:   00007f331425dbf8 00007f33194e83d8
0x00007f33194e8418:   00007f33194e8498 00007f33194e84e8
0x00007f33194e8428:   00007f3301007710 0000000000000000
0x00007f33194e8438:   0000000000000000 0000000000000000
0x00007f33194e8448:   0000000000000000 0000000000000000
0x00007f33194e8458:   0000000000000000 0000000000000000
0x00007f33194e8468:   0000000000000000 0000000000000000
0x00007f33194e8478:   0000000000000001 0000000000000044
0x00007f33194e8488:   0000000000000003 0000000000000000
0x00007f33194e8498:   00000000d673e6e8 00000000d6c56498
0x00007f33194e84a8:   00007f33194e84a8 00007f331458caf2
0x00007f33194e84b8:   00007f33194e8510 00007f331458ce40
0x00007f33194e84c8:   0000000000000000 00007f331458cb18
0x00007f33194e84d8:   00007f33194e8498 00007f33194e84f8
0x00007f33194e84e8:   00007f33194e8558 00007f330100798d
0x00007f33194e84f8:   0000000000000001 00000000d6c56498
0x00007f33194e8508:   00000000d6c31a48 00000000d6c6f348
0x00007f33194e8518:   00007f33194e8518 00007f331458cdbc
0x00007f33194e8528:   00007f33194e8588 00007f331458ce40
0x00007f33194e8538:   0000000000000000 00007f331458cdc8
0x00007f33194e8548:   00007f33194e84f8 00007f33194e8568
0x00007f33194e8558:   00007f33194e85d8 00007f330100798d
0x00007f33194e8568:   0000000000000000 0000000000000001
0x00007f33194e8578:   00000000d6c56498 00000000d6c31a48 

Instructions: (pc=0x00007f32c2005060)
0x00007f32c2005040:   
[error occurred during error reporting (printing registers, top of stack, instructions near pc), id 0xb]

Register to memory mapping:

RAX={method} {0x00007f33142f21a0} 'toUpperCaseEx' '(I)I' in 'java/lang/Character'
RBX=0x0000000000000418 is an unknown value
RCX=0x00007f3314304a90 is pointing into metadata
RDX=0x00007f33010073d0 is at code_begin+624 in an Interpreter codelet
invoke return entry points  [0x00007f3301007160, 0x00007f3301007a60]  2304 bytes
RSP=0x00007f33194e8388 is pointing into the stack for thread: 0x00007f3310011000
RBP=0x00007f33194e8420 is pointing into the stack for thread: 0x00007f3310011000
RSI=0x0000000000000044 is an unknown value
RDI=0x0000000000000044 is an unknown value
R8 =0x0000000040000000 is an unknown value
R9 =0x00000000d6c6e470 is an oop
[C 
 - klass: {type array char}
 - length: 7
R10=0x00007f33186c6e40: <offset 0xf7ce40> in /usr/lib/jvm/java-8-openjdk-amd64/jre/lib/amd64/server/libjvm.so at 0x00007f331774a000
R11=0x00007f330113cb80 is at entry_point+0 in (nmethod*)0x00007f330113ca10
R12=0x0000000000000000 is an unknown value
R13=0x00007f33194e83d8 is pointing into the stack for thread: 0x00007f3310011000
R14=0x00007f33194e84a0 is pointing into the stack for thread: 0x00007f3310011000
R15=0x00007f3310011000 is a thread


Stack: [0x00007f33193ea000,0x00007f33194eb000],  sp=0x00007f33194e8388,  free space=1016k
Native frames: (J=compiled Java code, j=interpreted, Vv=VM code, C=native code)
C  0x00007f32c2005060
j  java.security.Provider$ServiceKey.<init>(Ljava/lang/String;Ljava/lang/String;Z)V+18
j  java.security.Provider$ServiceKey.<init>(Ljava/lang/String;Ljava/lang/String;ZLjava/security/Provider$1;)V+4
j  java.security.Provider.parseLegacyPut(Ljava/lang/String;Ljava/lang/String;)V+380
j  java.security.Provider.ensureLegacyParsed()V+103
j  java.security.Provider.getService(Ljava/lang/String;Ljava/lang/String;)Ljava/security/Provider$Service;+64
j  sun.security.jca.ProviderList.getService(Ljava/lang/String;Ljava/lang/String;)Ljava/security/Provider$Service;+22
j  sun.security.jca.GetInstance.getInstance(Ljava/lang/String;Ljava/lang/Class;Ljava/lang/String;)Lsun/security/jca/GetInstance$Instance;+7
j  java.security.Security.getImpl(Ljava/lang/String;Ljava/lang/String;Ljava/lang/String;)[Ljava/lang/Object;+10
j  java.security.MessageDigest.getInstance(Ljava/lang/String;)Ljava/security/MessageDigest;+7
j  java.io.ObjectStreamClass.computeDefaultSUID(Ljava/lang/Class;)J+615
j  java.io.ObjectStreamClass.access$100(Ljava/lang/Class;)J+1
j  java.io.ObjectStreamClass$1.run()Ljava/lang/Long;+7
j  java.io.ObjectStreamClass$1.run()Ljava/lang/Object;+1
v  ~StubRoutines::call_stub
V  [libjvm.so+0x6868c3]  JavaCalls::call_helper(JavaValue*, methodHandle*, JavaCallArguments*, Thread*)+0xd63
V  [libjvm.so+0x6d56c4]  JVM_DoPrivileged+0x564
j  java.security.AccessController.doPrivileged(Ljava/security/PrivilegedAction;)Ljava/lang/Object;+0
j  java.io.ObjectStreamClass.getSerialVersionUID()J+16
j  java.io.ObjectStreamClass.initNonProxy(Ljava/io/ObjectStreamClass;Ljava/lang/Class;Ljava/lang/ClassNotFoundException;Ljava/io/ObjectStreamClass;)V+205
j  java.io.ObjectInputStream.readNonProxyDesc(Z)Ljava/io/ObjectStreamClass;+166
j  java.io.ObjectInputStream.readClassDesc(Z)Ljava/io/ObjectStreamClass;+77
j  java.io.ObjectInputStream.readOrdinaryObject(Z)Ljava/lang/Object;+22
j  java.io.ObjectInputStream.readObject0(Z)Ljava/lang/Object;+389
j  java.io.ObjectInputStream.readObject()Ljava/lang/Object;+19
j  sbt.ForkMain$Run.runTests(Ljava/io/ObjectInputStream;Ljava/io/ObjectOutputStream;)V+1
j  sbt.ForkMain$Run.run(Ljava/io/ObjectInputStream;Ljava/io/ObjectOutputStream;)V+3
j  sbt.ForkMain.main([Ljava/lang/String;)V+59
v  ~StubRoutines::call_stub
V  [libjvm.so+0x6868c3]  JavaCalls::call_helper(JavaValue*, methodHandle*, JavaCallArguments*, Thread*)+0xd63
V  [libjvm.so+0x697d59]  jni_invoke_static(JNIEnv_*, JavaValue*, _jobject*, JNICallType, _jmethodID*, JNI_ArgumentPusher*, Thread*) [clone .isra.88]+0x2f9
V  [libjvm.so+0x6aa2e5]  jni_CallStaticVoidMethod+0x165
C  [libjli.so+0x3888]
C  [libpthread.so.0+0x76aa]  start_thread+0xca


---------------  P R O C E S S  ---------------

Java Threads: ( => current thread )
  0x00007f3310756000 JavaThread "Service Thread" daemon [_thread_blocked, id=12025, stack(0x00007f32f2213000,0x00007f32f2314000)]
  0x00007f331074b000 JavaThread "C1 CompilerThread2" daemon [_thread_blocked, id=12024, stack(0x00007f32f2314000,0x00007f32f2415000)]
  0x00007f3310749000 JavaThread "C2 CompilerThread1" daemon [_thread_blocked, id=12023, stack(0x00007f32f2415000,0x00007f32f2516000)]
  0x00007f3310744000 JavaThread "C2 CompilerThread0" daemon [_thread_blocked, id=12022, stack(0x00007f32f2516000,0x00007f32f2617000)]
  0x00007f3310177800 JavaThread "Signal Dispatcher" daemon [_thread_blocked, id=12021, stack(0x00007f32f361b000,0x00007f32f371c000)]
  0x00007f331014d000 JavaThread "Finalizer" daemon [_thread_blocked, id=12018, stack(0x00007f32f3dfe000,0x00007f32f3eff000)]
  0x00007f331014a800 JavaThread "Reference Handler" daemon [_thread_blocked, id=12017, stack(0x00007f32f3eff000,0x00007f32f4000000)]
=>0x00007f3310011000 JavaThread "main" [_thread_in_Java, id=12010, stack(0x00007f33193ea000,0x00007f33194eb000)]

Other Threads:
  0x00007f3310145800 VMThread [stack: 0x00007f32f809f000,0x00007f32f81a0000] [id=12016]
  0x00007f3310758800 WatcherThread [stack: 0x00007f32f2112000,0x00007f32f2213000] [id=12026]

VM state:not at safepoint (normal execution)

VM Mutex/Monitor currently owned by a thread: None

Heap:
 PSYoungGen      total 37888K, used 5910K [0x00000000d6700000, 0x00000000d9100000, 0x0000000100000000)
  eden space 32768K, 18% used [0x00000000d6700000,0x00000000d6cc5ad0,0x00000000d8700000)
  from space 5120K, 0% used [0x00000000d8c00000,0x00000000d8c00000,0x00000000d9100000)
  to   space 5120K, 0% used [0x00000000d8700000,0x00000000d8700000,0x00000000d8c00000)
 ParOldGen       total 86016K, used 0K [0x0000000083400000, 0x0000000088800000, 0x00000000d6700000)
  object space 86016K, 0% used [0x0000000083400000,0x0000000083400000,0x0000000088800000)
 Metaspace       used 3847K, capacity 4614K, committed 4864K, reserved 1056768K
  class space    used 409K, capacity 433K, committed 512K, reserved 1048576K

Card table byte_map: [0x00007f33154db000,0x00007f33158c2000] byte_map_base: 0x00007f33150c1000

Marking Bits: (ParMarkBitMap*) 0x00007f33186b6e80
 Begin Bits: [0x00007f32f81a0000, 0x00007f32fa0d0000)
 End Bits:   [0x00007f32fa0d0000, 0x00007f32fc000000)

Polling page: 0x00007f3319508000

CodeCache: size=245760Kb used=1288Kb max_used=1288Kb free=244471Kb
 bounds [0x00007f3301000000, 0x00007f3301270000, 0x00007f3310000000]
 total_blobs=387 nmethods=121 adapters=182
 compilation: enabled

Compilation events (10 events):
Event: 0.590 Thread 0x00007f331074b000 nmethod 108 0x00007f330113b9d0 code [0x00007f330113bba0, 0x00007f330113c338]
Event: 0.590 Thread 0x00007f331074b000  109       1       java.lang.CharacterDataLatin1::getProperties (11 bytes)
Event: 0.590 Thread 0x00007f331074b000 nmethod 109 0x00007f330113c690 code [0x00007f330113c800, 0x00007f330113c930]
Event: 0.590 Thread 0x00007f331074b000  110       3       java.lang.Character::toUpperCaseEx (30 bytes)
Event: 0.590 Thread 0x00007f331074b000 nmethod 110 0x00007f330113ca10 code [0x00007f330113cb80, 0x00007f330113cdd8]
Event: 0.590 Thread 0x00007f331074b000  111       3       java.lang.CharacterDataLatin1::toUpperCaseEx (71 bytes)
Event: 0.590 Thread 0x00007f331074b000 nmethod 111 0x00007f330113ce90 code [0x00007f330113d000, 0x00007f330113d2d0]
Event: 0.590 Thread 0x00007f331074b000  112       3       java.lang.String::toLowerCase (439 bytes)
Event: 0.591 Thread 0x00007f3310749000  116       4       java.lang.CharacterData::of (120 bytes)
Event: 0.592 Thread 0x00007f3310749000 nmethod 116 0x00007f33011400d0 code [0x00007f3301140220, 0x00007f3301140298]

GC Heap History (0 events):
No events

Deoptimization events (0 events):
No events

Internal exceptions (10 events):
Event: 0.413 Thread 0x00007f3310011000 Exception <a 'java/security/PrivilegedActionException'> (0x00000000d68ccc48) thrown at [/build/buildd/openjdk-8-8u45-b14/src/hotspot/src/share/vm/prims/jvm.cpp, line 1382]
Event: 0.467 Thread 0x00007f3310011000 Exception <a 'java/security/PrivilegedActionException'> (0x00000000d69faca0) thrown at [/build/buildd/openjdk-8-8u45-b14/src/hotspot/src/share/vm/prims/jvm.cpp, line 1382]
Event: 0.467 Thread 0x00007f3310011000 Exception <a 'java/security/PrivilegedActionException'> (0x00000000d69fae58) thrown at [/build/buildd/openjdk-8-8u45-b14/src/hotspot/src/share/vm/prims/jvm.cpp, line 1382]
Event: 0.468 Thread 0x00007f3310011000 Exception <a 'java/security/PrivilegedActionException'> (0x00000000d69fbbe0) thrown at [/build/buildd/openjdk-8-8u45-b14/src/hotspot/src/share/vm/prims/jvm.cpp, line 1382]
Event: 0.468 Thread 0x00007f3310011000 Exception <a 'java/security/PrivilegedActionException'> (0x00000000d69fbd98) thrown at [/build/buildd/openjdk-8-8u45-b14/src/hotspot/src/share/vm/prims/jvm.cpp, line 1382]
Event: 0.468 Thread 0x00007f3310011000 Exception <a 'java/security/PrivilegedActionException'> (0x00000000d69fcb58) thrown at [/build/buildd/openjdk-8-8u45-b14/src/hotspot/src/share/vm/prims/jvm.cpp, line 1382]
Event: 0.468 Thread 0x00007f3310011000 Exception <a 'java/security/PrivilegedActionException'> (0x00000000d69fcd10) thrown at [/build/buildd/openjdk-8-8u45-b14/src/hotspot/src/share/vm/prims/jvm.cpp, line 1382]
Event: 0.469 Thread 0x00007f3310011000 Exception <a 'java/security/PrivilegedActionException'> (0x00000000d6a043f8) thrown at [/build/buildd/openjdk-8-8u45-b14/src/hotspot/src/share/vm/prims/jvm.cpp, line 1382]
Event: 0.469 Thread 0x00007f3310011000 Exception <a 'java/security/PrivilegedActionException'> (0x00000000d6a045b0) thrown at [/build/buildd/openjdk-8-8u45-b14/src/hotspot/src/share/vm/prims/jvm.cpp, line 1382]
Event: 0.564 Thread 0x00007f3310011000 Exception <a 'java/lang/NoSuchMethodError': <clinit>> (0x00000000d6c13050) thrown at [/build/buildd/openjdk-8-8u45-b14/src/hotspot/src/share/vm/prims/jni.cpp, line 1598]

Events (10 events):
Event: 0.589 loading class java/util/LinkedHashMap$LinkedEntrySet
Event: 0.589 loading class java/util/LinkedHashMap$LinkedEntrySet done
Event: 0.589 loading class java/util/LinkedHashMap$LinkedEntryIterator
Event: 0.589 loading class java/util/LinkedHashMap$LinkedHashIterator
Event: 0.589 loading class java/util/LinkedHashMap$LinkedHashIterator done
Event: 0.589 loading class java/util/LinkedHashMap$LinkedEntryIterator done
Event: 0.590 loading class java/security/Provider$Service
Event: 0.590 loading class java/security/Provider$Service done
Event: 0.590 loading class java/security/Provider$UString
Event: 0.590 loading class java/security/Provider$UString done


Dynamic libraries:
00400000-00401000 r-xp 00000000 08:06 2887504                            /usr/lib/jvm/java-8-openjdk-amd64/jre/bin/java
00600000-00601000 r--p 00000000 08:06 2887504                            /usr/lib/jvm/java-8-openjdk-amd64/jre/bin/java
00601000-00602000 rw-p 00001000 08:06 2887504                            /usr/lib/jvm/java-8-openjdk-amd64/jre/bin/java
016f3000-01714000 rw-p 00000000 00:00 0                                  [heap]
83400000-88800000 rw-p 00000000 00:00 0 
88800000-d6700000 ---p 00000000 00:00 0 
d6700000-d9100000 rw-p 00000000 00:00 0 
d9100000-100000000 ---p 00000000 00:00 0 
100000000-100080000 rw-p 00000000 00:00 0 
100080000-140000000 ---p 00000000 00:00 0 
7f32c4000000-7f32c4021000 rw-p 00000000 00:00 0 
7f32c4021000-7f32c8000000 ---p 00000000 00:00 0 
7f32c8000000-7f32c8021000 rw-p 00000000 00:00 0 
7f32c8021000-7f32cc000000 ---p 00000000 00:00 0 
7f32cc000000-7f32cc066000 rw-p 00000000 00:00 0 
7f32cc066000-7f32d0000000 ---p 00000000 00:00 0 
7f32d0000000-7f32d006f000 rw-p 00000000 00:00 0 
7f32d006f000-7f32d4000000 ---p 00000000 00:00 0 
7f32d4000000-7f32d4021000 rw-p 00000000 00:00 0 
7f32d4021000-7f32d8000000 ---p 00000000 00:00 0 
7f32d8000000-7f32d80d2000 rw-p 00000000 00:00 0 
7f32d80d2000-7f32dc000000 ---p 00000000 00:00 0 
7f32dc000000-7f32dc021000 rw-p 00000000 00:00 0 
7f32dc021000-7f32e0000000 ---p 00000000 00:00 0 
7f32e0000000-7f32e0021000 rw-p 00000000 00:00 0 
7f32e0021000-7f32e4000000 ---p 00000000 00:00 0 
7f32e4000000-7f32e4021000 rw-p 00000000 00:00 0 
7f32e4021000-7f32e8000000 ---p 00000000 00:00 0 
7f32e8000000-7f32e8021000 rw-p 00000000 00:00 0 
7f32e8021000-7f32ec000000 ---p 00000000 00:00 0 
7f32ec000000-7f32ec021000 rw-p 00000000 00:00 0 
7f32ec021000-7f32f0000000 ---p 00000000 00:00 0 
7f32f1983000-7f32f1efa000 rw-p 00000000 00:00 0 
7f32f1efa000-7f32f1f11000 r-xp 00000000 08:06 2887427                    /usr/lib/jvm/java-8-openjdk-amd64/jre/lib/amd64/libnet.so
7f32f1f11000-7f32f2110000 ---p 00017000 08:06 2887427                    /usr/lib/jvm/java-8-openjdk-amd64/jre/lib/amd64/libnet.so
7f32f2110000-7f32f2111000 r--p 00016000 08:06 2887427                    /usr/lib/jvm/java-8-openjdk-amd64/jre/lib/amd64/libnet.so
7f32f2111000-7f32f2112000 rw-p 00017000 08:06 2887427                    /usr/lib/jvm/java-8-openjdk-amd64/jre/lib/amd64/libnet.so
7f32f2112000-7f32f2113000 ---p 00000000 00:00 0 
7f32f2113000-7f32f2213000 rw-p 00000000 00:00 0                          [stack:12026]
7f32f2213000-7f32f2216000 ---p 00000000 00:00 0 
7f32f2216000-7f32f2314000 rw-p 00000000 00:00 0                          [stack:12025]
7f32f2314000-7f32f2317000 ---p 00000000 00:00 0 
7f32f2317000-7f32f2415000 rw-p 00000000 00:00 0                          [stack:12024]
7f32f2415000-7f32f2418000 ---p 00000000 00:00 0 
7f32f2418000-7f32f2516000 rw-p 00000000 00:00 0                          [stack:12023]
7f32f2516000-7f32f2519000 ---p 00000000 00:00 0 
7f32f2519000-7f32f2617000 rw-p 00000000 00:00 0                          [stack:12022]
7f32f2617000-7f32f261c000 r-xp 00000000 08:06 8003903                    /usr/lib/x86_64-linux-gnu/libXdmcp.so.6.0.0
7f32f261c000-7f32f281b000 ---p 00005000 08:06 8003903                    /usr/lib/x86_64-linux-gnu/libXdmcp.so.6.0.0
7f32f281b000-7f32f281c000 r--p 00004000 08:06 8003903                    /usr/lib/x86_64-linux-gnu/libXdmcp.so.6.0.0
7f32f281c000-7f32f281d000 rw-p 00005000 08:06 8003903                    /usr/lib/x86_64-linux-gnu/libXdmcp.so.6.0.0
7f32f281d000-7f32f281f000 r-xp 00000000 08:06 8003892                    /usr/lib/x86_64-linux-gnu/libXau.so.6.0.0
7f32f281f000-7f32f2a1f000 ---p 00002000 08:06 8003892                    /usr/lib/x86_64-linux-gnu/libXau.so.6.0.0
7f32f2a1f000-7f32f2a20000 r--p 00002000 08:06 8003892                    /usr/lib/x86_64-linux-gnu/libXau.so.6.0.0
7f32f2a20000-7f32f2a21000 rw-p 00003000 08:06 8003892                    /usr/lib/x86_64-linux-gnu/libXau.so.6.0.0
7f32f2a21000-7f32f2a3e000 r-xp 00000000 08:06 8005090                    /usr/lib/x86_64-linux-gnu/libxcb.so.1.1.0
7f32f2a3e000-7f32f2c3e000 ---p 0001d000 08:06 8005090                    /usr/lib/x86_64-linux-gnu/libxcb.so.1.1.0
7f32f2c3e000-7f32f2c3f000 r--p 0001d000 08:06 8005090                    /usr/lib/x86_64-linux-gnu/libxcb.so.1.1.0
7f32f2c3f000-7f32f2c40000 rw-p 0001e000 08:06 8005090                    /usr/lib/x86_64-linux-gnu/libxcb.so.1.1.0
7f32f2c40000-7f32f2d73000 r-xp 00000000 08:06 8003888                    /usr/lib/x86_64-linux-gnu/libX11.so.6.3.0
7f32f2d73000-7f32f2f73000 ---p 00133000 08:06 8003888                    /usr/lib/x86_64-linux-gnu/libX11.so.6.3.0
7f32f2f73000-7f32f2f74000 r--p 00133000 08:06 8003888                    /usr/lib/x86_64-linux-gnu/libX11.so.6.3.0
7f32f2f74000-7f32f2f78000 rw-p 00134000 08:06 8003888                    /usr/lib/x86_64-linux-gnu/libX11.so.6.3.0
7f32f2f78000-7f32f2f79000 rw-p 00000000 00:00 0 
7f32f2f8a000-7f32f2f8d000 rw-p 00000000 00:00 0 
7f32f2f8d000-7f32f2f92000 r--s 00094000 08:06 2887456                    /usr/lib/jvm/java-8-openjdk-amd64/jre/lib/jsse.jar
7f32f2f92000-7f32f2f94000 r-xp 00000000 08:06 8000926                    /usr/lib/jayatana/libjayatanaag.so
7f32f2f94000-7f32f3193000 ---p 00002000 08:06 8000926                    /usr/lib/jayatana/libjayatanaag.so
7f32f3193000-7f32f3194000 r--p 00001000 08:06 8000926                    /usr/lib/jayatana/libjayatanaag.so
7f32f3194000-7f32f3195000 rw-p 00002000 08:06 8000926                    /usr/lib/jayatana/libjayatanaag.so
7f32f3195000-7f32f3196000 r--s 00000000 08:06 266986                     /usr/share/java/jayatanaag.jar
7f32f3196000-7f32f3198000 r--s 00002000 08:15 13763237                   /home/cotlowski/.sbt/boot/scala-2.10.4/org.scala-sbt/sbt/0.13.8/test-interface-1.0.jar
7f32f3198000-7f32f3199000 r--s 00005000 08:15 13763210                   /home/cotlowski/.sbt/boot/scala-2.10.4/org.scala-sbt/sbt/0.13.8/test-agent-0.13.8.jar
7f32f3199000-7f32f319a000 r--s 00000000 08:15 14156926                   /home/cotlowski/.ivy2/cache/com.jaroop/play-sbt-tasks_2.11/jars/play-sbt-tasks_2.11-1.0.3.jar
7f32f319a000-7f32f319c000 r--s 00004000 08:15 14156924                   /home/cotlowski/.ivy2/cache/com.jaroop/play-sql-runner_2.11/jars/play-sql-runner_2.11-1.0.5.jar
7f32f319c000-7f32f319d000 r--s 00007000 08:15 14156922                   /home/cotlowski/.ivy2/cache/com.jaroop/play-test-helpers_2.11/jars/play-test-helpers_2.11-1.0.6.jar
7f32f319d000-7f32f319f000 r--s 00006000 08:15 13238626                   /home/cotlowski/Downloads/activator-1.3.4/repository/org.easytesting/fest-util/1.1.6/jars/fest-util.jar
7f32f319f000-7f32f31a2000 r--s 00011000 08:15 13238636                   /home/cotlowski/Downloads/activator-1.3.4/repository/org.easytesting/fest-assert/1.4/jars/fest-assert.jar
7f32f31a2000-7f32f31a7000 r--s 0001d000 08:15 13238463                   /home/cotlowski/Downloads/activator-1.3.4/repository/org.seleniumhq.selenium/selenium-support/2.39.0/jars/selenium-support.jar
7f32f31a7000-7f32f31ac000 r--s 00024000 08:15 13238405                   /home/cotlowski/Downloads/activator-1.3.4/repository/org.webbitserver/webbit/0.4.14/jars/webbit.jar
7f32f31ac000-7f32f31ae000 r--s 00043000 08:15 13238482                   /home/cotlowski/Downloads/activator-1.3.4/repository/org.seleniumhq.selenium/selenium-safari-driver/2.39.0/jars/selenium-safari-driver.jar
7f32f31ae000-7f32f31b0000 r--s 00002000 08:15 13238501                   /home/cotlowski/Downloads/activator-1.3.4/repository/org.seleniumhq.selenium/selenium-iphone-driver/2.39.0/jars/selenium-iphone-driver.jar
7f32f31b0000-7f32f31b1000 r--s 00002000 08:15 13238520                   /home/cotlowski/Downloads/activator-1.3.4/repository/org.seleniumhq.selenium/selenium-ie-driver/2.39.0/jars/selenium-ie-driver.jar
7f32f31b1000-7f32f31b3000 r--s 00261000 08:15 13238539                   /home/cotlowski/Downloads/activator-1.3.4/repository/org.seleniumhq.selenium/selenium-firefox-driver/2.39.0/jars/selenium-firefox-driver.jar
7f32f31b3000-7f32f31b5000 r--s 00016000 08:15 13108268                   /home/cotlowski/Downloads/activator-1.3.4/repository/org.eclipse.jetty/jetty-http/8.1.12.v20130726/jars/jetty-http.jar
7f32f31b5000-7f32f31b8000 r--s 00017000 08:15 13108296                   /home/cotlowski/Downloads/activator-1.3.4/repository/org.eclipse.jetty/jetty-io/8.1.12.v20130726/jars/jetty-io.jar
7f32f31b8000-7f32f31bd000 r--s 00042000 08:15 13108324                   /home/cotlowski/Downloads/activator-1.3.4/repository/org.eclipse.jetty/jetty-util/8.1.12.v20130726/jars/jetty-util.jar
7f32f31bd000-7f32f31c0000 r--s 0001c000 08:15 13108352                   /home/cotlowski/Downloads/activator-1.3.4/repository/org.eclipse.jetty/jetty-websocket/8.1.12.v20130726/jars/jetty-websocket.jar
7f32f31c0000-7f32f31c4000 r--s 00027000 08:15 13631703                   /home/cotlowski/Downloads/activator-1.3.4/repository/commons-io/commons-io/2.2/jars/commons-io.jar
7f32f31c4000-7f32f31c5000 r--s 00003000 08:15 13108239                   /home/cotlowski/Downloads/activator-1.3.4/repository/org.w3c.css/sac/1.3/jars/sac.jar
7f32f31c5000-7f32f31c9000 r--s 00053000 08:15 13108381                   /home/cotlowski/Downloads/activator-1.3.4/repository/net.sourceforge.cssparser/cssparser/0.9.11/jars/cssparser.jar
7f32f31c9000-7f32f31cc000 r--s 0001c000 08:15 13108410                   /home/cotlowski/Downloads/activator-1.3.4/repository/net.sourceforge.nekohtml/nekohtml/1.9.19/jars/nekohtml.jar
7f32f31cc000-7f32f31da000 r--s 000ef000 08:15 13238305                   /home/cotlowski/Downloads/activator-1.3.4/repository/net.sourceforge.htmlunit/htmlunit-core-js/2.13/jars/htmlunit-core-js.jar
7f32f31da000-7f32f31dc000 r--s 00008000 08:15 13369925                   /home/cotlowski/Downloads/activator-1.3.4/repository/org.apache.httpcomponents/httpmime/4.3.1/jars/httpmime.jar
7f32f31dc000-7f32f31ea000 r--s 0007f000 08:15 13108421                   /home/cotlowski/Downloads/activator-1.3.4/repository/commons-collections/commons-collections/3.2.1/jars/commons-collections.jar
7f32f31ea000-7f32f31ed000 r--s 00041000 08:15 13108432                   /home/cotlowski/Downloads/activator-1.3.4/repository/xalan/serializer/2.7.1/jars/serializer.jar
7f32f31ed000-7f32f3212000 r--s 002e3000 08:15 13238276                   /home/cotlowski/Downloads/activator-1.3.4/repository/xalan/xalan/2.7.1/jars/xalan.jar
7f32f3212000-7f32f3229000 r--s 00124000 08:15 13238333                   /home/cotlowski/Downloads/activator-1.3.4/repository/net.sourceforge.htmlunit/htmlunit/2.13/jars/htmlunit.jar
7f32f3229000-7f32f322b000 r--s 0000d000 08:15 13238558                   /home/cotlowski/Downloads/activator-1.3.4/repository/org.seleniumhq.selenium/selenium-htmlunit-driver/2.39.0/jars/selenium-htmlunit-driver.jar
7f32f322b000-7f32f322c000 r--s 00002000 08:15 13238577                   /home/cotlowski/Downloads/activator-1.3.4/repository/org.seleniumhq.selenium/selenium-chrome-driver/2.39.0/jars/selenium-chrome-driver.jar
7f32f322c000-7f32f3237000 r--s 000d5000 08:15 13238344                   /home/cotlowski/Downloads/activator-1.3.4/repository/net.java.dev.jna/platform/3.4.0/jars/platform.jar
7f32f3237000-7f32f323b000 r--s 000f3000 08:15 13238354                   /home/cotlowski/Downloads/activator-1.3.4/repository/net.java.dev.jna/jna/3.4.0/jars/jna.jar
7f32f323b000-7f32f323d000 r--s 0000b000 08:15 13370129                   /home/cotlowski/Downloads/activator-1.3.4/repository/org.apache.commons/commons-exec/1.1/jars/commons-exec.jar
7f32f323d000-7f32f323f000 r--s 0000e000 08:15 13370028                   /home/cotlowski/Downloads/activator-1.3.4/repository/commons-logging/commons-logging/1.1.3/jars/commons-logging.jar
7f32f323f000-7f32f3245000 r--s 0003f000 08:15 13369962                   /home/cotlowski/Downloads/activator-1.3.4/repository/org.apache.httpcomponents/httpcore/4.3/jars/httpcore.jar
7f32f3245000-7f32f3250000 r--s 00084000 08:15 13370008                   /home/cotlowski/Downloads/activator-1.3.4/repository/org.apache.httpcomponents/httpclient/4.3.1/jars/httpclient.jar
7f32f3250000-7f32f3256000 r--s 0001e000 08:15 13238425                   /home/cotlowski/Downloads/activator-1.3.4/repository/org.seleniumhq.selenium/selenium-api/2.39.0/jars/selenium-api.jar
7f32f3256000-7f32f3258000 r--s 00008000 08:15 13238374                   /home/cotlowski/Downloads/activator-1.3.4/repository/org.json/json/20080701/jars/json.jar
7f32f3258000-7f32f325f000 r--s 00049000 08:15 13238394                   /home/cotlowski/Downloads/activator-1.3.4/repository/cglib/cglib-nodep/2.1_3/jars/cglib-nodep.jar
7f32f325f000-7f32f3265000 r--s 00037000 08:15 13238444                   /home/cotlowski/Downloads/activator-1.3.4/repository/org.seleniumhq.selenium/selenium-remote-driver/2.39.0/jars/selenium-remote-driver.jar
7f32f3265000-7f32f3268000 r--s 00049000 08:15 13238596                   /home/cotlowski/Downloads/activator-1.3.4/repository/org.seleniumhq.selenium/selenium-android-driver/2.39.0/jars/selenium-android-driver.jar
7f32f3268000-7f32f326e000 r--s 00059000 08:15 13238615                   /home/cotlowski/Downloads/activator-1.3.4/repository/org.seleniumhq.selenium/selenium-java/2.39.0/jars/selenium-java.jar
7f32f326e000-7f32f3271000 r--s 00012000 08:15 13238776                   /home/cotlowski/Downloads/activator-1.3.4/repository/org.fluentlenium/fluentlenium-core/0.9.2/jars/fluentlenium-core.jar
7f32f3271000-7f32f3273000 r--s 00002000 08:15 13238786                   /home/cotlowski/Downloads/activator-1.3.4/repository/org.fluentlenium/fluentlenium-festassert/0.9.2/jars/fluentlenium-festassert.jar
7f32f3273000-7f32f3276000 r--s 00006000 08:15 13238806                   /home/cotlowski/Downloads/activator-1.3.4/repository/com.google.code.findbugs/jsr305/2.0.3/jars/jsr305.jar
7f32f3276000-7f32f3278000 r--s 00002000 08:15 13763185                   /home/cotlowski/.ivy2/cache/org.scala-sbt/test-interface/jars/test-interface-1.0.jar
7f32f3278000-7f32f3279000 r--s 00006000 08:15 13239066                   /home/cotlowski/Downloads/activator-1.3.4/repository/com.novocode/junit-interface/0.11-RC1/jars/junit-interface.jar
7f32f3279000-7f32f327d000 r--s 00018000 08:15 13238887                   /home/cotlowski/Downloads/activator-1.3.4/repository/org.specs2/classycle/1.4.3/jars/classycle.jar
7f32f327d000-7f32f336d000 r--s 00c16000 08:15 13632413                   /home/cotlowski/Downloads/activator-1.3.4/repository/org.scala-lang/scala-compiler/2.11.0/jars/scala-compiler.jar
7f32f336d000-7f32f336f000 r--s 0000f000 08:15 13238897                   /home/cotlowski/Downloads/activator-1.3.4/repository/org.specs2/specs2-analysis_2.11/2.3.12/jars/specs2-analysis_2.11.jar
7f32f336f000-7f32f337b000 r--s 00075000 08:15 13238927                   /home/cotlowski/Downloads/activator-1.3.4/repository/org.specs2/specs2-matcher-extra_2.11/2.3.12/jars/specs2-matcher-extra_2.11.jar
7f32f337b000-7f32f337d000 r--s 00005000 08:15 13238656                   /home/cotlowski/Downloads/activator-1.3.4/repository/org.objenesis/objenesis/1.0/jars/objenesis.jar
7f32f337d000-7f32f339c000 r--s 00150000 08:15 13238677                   /home/cotlowski/Downloads/activator-1.3.4/repository/org.mockito/mockito-core/1.9.5/jars/mockito-core.jar
7f32f339c000-7f32f33a1000 r--s 00033000 08:15 13238937                   /home/cotlowski/Downloads/activator-1.3.4/repository/org.specs2/specs2-mock_2.11/2.3.12/jars/specs2-mock_2.11.jar
7f32f33a1000-7f32f33a4000 r--s 0002b000 08:15 13238947                   /home/cotlowski/Downloads/activator-1.3.4/repository/org.specs2/specs2-junit_2.11/2.3.12/jars/specs2-junit_2.11.jar
7f32f33a4000-7f32f33af000 r--s 0005c000 08:15 13238745                   /home/cotlowski/Downloads/activator-1.3.4/repository/org.scalaz/scalaz-effect_2.11/7.0.6/bundles/scalaz-effect_2.11.jar
7f32f33af000-7f32f33b7000 r--s 00044000 08:15 13238755                   /home/cotlowski/Downloads/activator-1.3.4/repository/org.scalaz/scalaz-concurrent_2.11/7.0.6/bundles/scalaz-concurrent_2.11.jar
7f32f33b7000-7f32f346e000 r--s 007d5000 08:15 13238765                   /home/cotlowski/Downloads/activator-1.3.4/repository/org.scalaz/scalaz-core_2.11/7.0.6/bundles/scalaz-core_2.11.jar
7f32f346e000-7f32f348d000 r--s 0014d000 08:15 13238907                   /home/cotlowski/Downloads/activator-1.3.4/repository/org.specs2/specs2-common_2.11/2.3.12/jars/specs2-common_2.11.jar
7f32f348d000-7f32f34c8000 r--s 00223000 08:15 13238917                   /home/cotlowski/Downloads/activator-1.3.4/repository/org.specs2/specs2-matcher_2.11/2.3.12/jars/specs2-matcher_2.11.jar
7f32f34c8000-7f32f34f2000 r--s 001d1000 08:15 13238957                   /home/cotlowski/Downloads/activator-1.3.4/repository/org.specs2/specs2-core_2.11/2.3.12/jars/specs2-core_2.11.jar
7f32f34f2000-7f32f34f4000 r--s 00009000 08:15 13238997                   /home/cotlowski/Downloads/activator-1.3.4/repository/org.hamcrest/hamcrest-core/1.3/jars/hamcrest-core.jar
7f32f34f4000-7f32f34fa000 r--s 00036000 08:15 13239035                   /home/cotlowski/Downloads/activator-1.3.4/repository/junit/junit/4.11/jars/junit.jar
7f32f34fa000-7f32f34fe000 r--s 00024000 08:15 13632265                   /home/cotlowski/Downloads/activator-1.3.4/repository/com.typesafe.play/play-test_2.11/2.3.9/jars/play-test_2.11.jar
7f32f34fe000-7f32f3507000 r--s 000e4000 08:15 14156454                   /home/cotlowski/.ivy2/cache/mysql/mysql-connector-java/jars/mysql-connector-java-5.1.35.jar
7f32f3507000-7f32f3508000 r--s 00001000 08:15 13369454                   /home/cotlowski/Downloads/activator-1.3.4/repository/oauth.signpost/signpost-commonshttp4/1.2.1.2/jars/signpost-commonshttp4.jar
7f32f3508000-7f32f350b000 r--s 00009000 08:15 13369464                   /home/cotlowski/Downloads/activator-1.3.4/repository/oauth.signpost/signpost-core/1.2.1.2/jars/signpost-core.jar
7f32f350b000-7f32f3515000 r--s 00079000 08:15 13369475                   /home/cotlowski/Downloads/activator-1.3.4/repository/com.ning/async-http-client/1.8.15/jars/async-http-client.jar
7f32f3515000-7f32f3540000 r--s 001f5000 08:15 13369513                   /home/cotlowski/Downloads/activator-1.3.4/repository/com.google.guava/guava/16.0.1/bundles/guava.jar
7f32f3540000-7f32f354c000 r--s 00087000 08:15 13632353                   /home/cotlowski/Downloads/activator-1.3.4/repository/com.typesafe.play/play-ws_2.11/2.3.9/jars/play-ws_2.11.jar
7f32f354c000-7f32f3567000 r--s 0012e000 08:15 13107303                   /home/cotlowski/Downloads/activator-1.3.4/repository/net.sf.ehcache/ehcache-core/2.6.8/jars/ehcache-core.jar
7f32f3567000-7f32f3569000 r--s 00009000 08:15 13632108                   /home/cotlowski/Downloads/activator-1.3.4/repository/com.typesafe.play/play-cache_2.11/2.3.9/jars/play-cache_2.11.jar
7f32f3569000-7f32f356e000 r--s 0002d000 08:15 13107336                   /home/cotlowski/Downloads/activator-1.3.4/repository/tyrex/tyrex/1.0.1/jars/tyrex.jar
7f32f356e000-7f32f357b000 r--s 00183000 08:15 13107994                   /home/cotlowski/Downloads/activator-1.3.4/repository/com.h2database/h2/1.3.175/jars/h2.jar
7f32f357b000-7f32f357e000 r--s 00019000 08:15 13107347                   /home/cotlowski/Downloads/activator-1.3.4/repository/com.jolbox/bonecp/0.8.0.RELEASE/bundles/bonecp.jar
7f32f357e000-7f32f3584000 r--s 0002b000 08:15 13632128                   /home/cotlowski/Downloads/activator-1.3.4/repository/com.typesafe.play/play-jdbc_2.11/2.3.9/jars/play-jdbc_2.11.jar
7f32f3584000-7f32f3586000 r--s 00005000 08:15 13107314                   /home/cotlowski/Downloads/activator-1.3.4/repository/org.scala-lang.plugins/scala-continuations-library_2.11/1.0.1/bundles/scala-continuations-library_2.11.jar
7f32f3586000-7f32f3589000 r--s 00010000 08:15 13107325                   /home/cotlowski/Downloads/activator-1.3.4/repository/com.jsuereth/scala-arm_2.11/1.4/jars/scala-arm_2.11.jar
7f32f3589000-7f32f3592000 r--s 00064000 08:15 13632118                   /home/cotlowski/Downloads/activator-1.3.4/repository/com.typesafe.play/anorm_2.11/2.3.9/jars/anorm_2.11.jar
7f32f3592000-7f32f3593000 r--s 00003000 08:15 13369573                   /home/cotlowski/Downloads/activator-1.3.4/repository/javax.transaction/jta/1.1/jars/jta.jar
7f32f3593000-7f32f359c000 r--s 0002d000 08:15 13369533                   /home/cotlowski/Downloads/activator-1.3.4/repository/xml-apis/xml-apis/1.4.01/jars/xml-apis.jar
7f32f359c000-7f32f35b5000 r--s 00135000 08:15 13369593                   /home/cotlowski/Downloads/activator-1.3.4/repository/xerces/xercesImpl/2.11.0/jars/xercesImpl.jar
7f32f35b5000-7f32f35bc000 r--s 0003a000 08:15 13369887                   /home/cotlowski/Downloads/activator-1.3.4/repository/commons-codec/commons-codec/1.9/jars/commons-codec.jar
7f32f35bc000-7f32f35bd000 r--s 00003000 08:15 13370263                   /home/cotlowski/Downloads/activator-1.3.4/repository/com.typesafe.akka/akka-slf4j_2.11/2.3.4/jars/akka-slf4j_2.11.jar
7f32f35bd000-7f32f35e2000 r--s 00242000 08:15 13370277                   /home/cotlowski/Downloads/activator-1.3.4/repository/com.typesafe.akka/akka-actor_2.11/2.3.4/jars/akka-actor_2.11.jar
7f32f35e2000-7f32f35e8000 r--s 0003d000 08:15 13369695                   /home/cotlowski/Downloads/activator-1.3.4/repository/ch.qos.logback/logback-classic/1.1.1/jars/logback-classic.jar
7f32f35e8000-7f32f35f2000 r--s 0005f000 08:15 13369705                   /home/cotlowski/Downloads/activator-1.3.4/repository/ch.qos.logback/logback-core/1.1.1/jars/logback-core.jar
7f32f35f2000-7f32f35f4000 r--s 00003000 08:15 13369736                   /home/cotlowski/Downloads/activator-1.3.4/repository/org.slf4j/jcl-over-slf4j/1.7.6/jars/jcl-over-slf4j.jar
7f32f35f4000-7f32f35f5000 r--s 00001000 08:15 13369746                   /home/cotlowski/Downloads/activator-1.3.4/repository/org.slf4j/jul-to-slf4j/1.7.6/jars/jul-to-slf4j.jar
7f32f35f5000-7f32f35f7000 r--s 00006000 08:15 13369788                   /home/cotlowski/Downloads/activator-1.3.4/repository/org.slf4j/slf4j-api/1.7.6/jars/slf4j-api.jar
7f32f35f7000-7f32f3610000 r--s 0012c000 08:15 13369828                   /home/cotlowski/Downloads/activator-1.3.4/repository/io.netty/netty/3.9.8.Final/bundles/netty.jar
7f32f3610000-7f32f361b000 r--s 0005c000 08:15 13632793                   /home/cotlowski/.ivy2/cache/org.scala-lang.modules/scala-parser-combinators_2.11/bundles/scala-parser-combinators_2.11-1.0.1.jar
7f32f361b000-7f32f361e000 ---p 00000000 00:00 0 
7f32f361e000-7f32f371c000 rw-p 00000000 00:00 0                          [stack:12021]
7f32f371c000-7f32f3dfe000 r--p 00000000 08:06 8002918                    /usr/lib/locale/locale-archive
7f32f3dfe000-7f32f3e01000 ---p 00000000 00:00 0 
7f32f3e01000-7f32f3eff000 rw-p 00000000 00:00 0                          [stack:12018]
7f32f3eff000-7f32f3f02000 ---p 00000000 00:00 0 
7f32f3f02000-7f32f4000000 rw-p 00000000 00:00 0                          [stack:12017]
7f32f4000000-7f32f4021000 rw-p 00000000 00:00 0 
7f32f4021000-7f32f8000000 ---p 00000000 00:00 0 
7f32f8000000-7f32f8001000 r--s 00001000 08:15 13369799                   /home/cotlowski/Downloads/activator-1.3.4/repository/com.typesafe.netty/netty-http-pipelining/1.1.2/jars/netty-http-pipelining.jar
7f32f8001000-7f32f804c000 r--s 003e1000 08:15 13632505                   /home/cotlowski/Downloads/activator-1.3.4/repository/org.scala-lang/scala-reflect/2.11.1/jars/scala-reflect.jar
7f32f804c000-7f32f805d000 r--s 000cf000 08:15 13369613                   /home/cotlowski/Downloads/activator-1.3.4/repository/com.fasterxml.jackson.core/jackson-databind/2.3.2/bundles/jackson-databind.jar
7f32f805d000-7f32f8060000 r--s 0002e000 08:15 13369651                   /home/cotlowski/Downloads/activator-1.3.4/repository/com.fasterxml.jackson.core/jackson-core/2.3.2/bundles/jackson-core.jar
7f32f8060000-7f32f8062000 r--s 00007000 08:15 13369632                   /home/cotlowski/Downloads/activator-1.3.4/repository/com.fasterxml.jackson.core/jackson-annotations/2.3.2/bundles/jackson-annotations.jar
7f32f8062000-7f32f8066000 r--s 00015000 08:15 13369662                   /home/cotlowski/Downloads/activator-1.3.4/repository/org.joda/joda-convert/1.6/jars/joda-convert.jar
7f32f8066000-7f32f8075000 r--s 0007f000 08:15 13369673                   /home/cotlowski/Downloads/activator-1.3.4/repository/joda-time/joda-time/2.3/jars/joda-time.jar
7f32f8075000-7f32f807e000 r--s 00053000 08:15 13632285                   /home/cotlowski/Downloads/activator-1.3.4/repository/com.typesafe.play/play-functional_2.11/2.3.9/jars/play-functional_2.11.jar
7f32f807e000-7f32f8089000 r--s 0008f000 08:15 13632314                   /home/cotlowski/Downloads/activator-1.3.4/repository/com.typesafe.play/play-json_2.11/2.3.9/jars/play-json_2.11.jar
7f32f8089000-7f32f808d000 r--s 00032000 08:15 13632815                   /home/cotlowski/.ivy2/cache/com.typesafe/config/bundles/config-1.2.1.jar
7f32f808d000-7f32f809f000 r--s 000a1000 08:15 13632324                   /home/cotlowski/Downloads/activator-1.3.4/repository/com.typesafe.play/play-iteratees_2.11/2.3.9/jars/play-iteratees_2.11.jar
7f32f809f000-7f32f80a0000 ---p 00000000 00:00 0 
7f32f80a0000-7f32fc000000 rw-p 00000000 00:00 0                          [stack:12016]
7f32fc000000-7f32fc021000 rw-p 00000000 00:00 0 
7f32fc021000-7f3300000000 ---p 00000000 00:00 0 
7f3300000000-7f3300009000 r--s 00091000 08:15 13369684                   /home/cotlowski/Downloads/activator-1.3.4/repository/org.scala-stm/scala-stm_2.11/0.7/jars/scala-stm_2.11.jar
7f3300009000-7f3300013000 r--s 000a5000 08:15 13369562                   /home/cotlowski/Downloads/activator-1.3.4/repository/org.javassist/javassist/3.18.2-GA/bundles/javassist.jar
7f3300013000-7f3300015000 r--s 00000000 08:15 13632304                   /home/cotlowski/Downloads/activator-1.3.4/repository/com.typesafe.play/play-exceptions/2.3.9/jars/play-exceptions.jar
7f3300015000-7f3300062000 r--s 0034d000 08:15 13632373                   /home/cotlowski/Downloads/activator-1.3.4/repository/com.typesafe.play/play_2.11/2.3.9/jars/play_2.11.jar
7f3300062000-7f33000bb000 r--s 004f6000 08:15 13632777                   /home/cotlowski/.ivy2/cache/org.scala-lang/scala-library/jars/scala-library-2.11.6.jar
7f33000bb000-7f33000d7000 r--s 00393000 08:06 2887463                    /usr/lib/jvm/java-8-openjdk-amd64/jre/lib/ext/cldrdata.jar
7f33000d7000-7f33000f1000 r--s 001d3000 08:06 2887464                    /usr/lib/jvm/java-8-openjdk-amd64/jre/lib/ext/nashorn.jar
7f33000f1000-7f3301000000 rw-p 00000000 00:00 0 
7f3301000000-7f3301270000 rwxp 00000000 00:00 0 
7f3301270000-7f3310000000 ---p 00000000 00:00 0 
7f3310000000-7f33107bf000 rw-p 00000000 00:00 0 
7f33107bf000-7f3314000000 ---p 00000000 00:00 0 
7f3314000000-7f3314001000 r--s 00001000 08:15 13632275                   /home/cotlowski/Downloads/activator-1.3.4/repository/com.typesafe.play/play-datacommons_2.11/2.3.9/jars/play-datacommons_2.11.jar
7f3314001000-7f331400c000 r--s 00096000 08:15 13632791                   /home/cotlowski/.ivy2/cache/org.scala-lang.modules/scala-xml_2.11/bundles/scala-xml_2.11-1.0.1.jar
7f331400c000-7f3314012000 r--s 00048000 08:15 13370148                   /home/cotlowski/Downloads/activator-1.3.4/repository/org.apache.commons/commons-lang3/3.1/jars/commons-lang3.jar
7f3314012000-7f3314014000 r--s 0000d000 08:15 13632383                   /home/cotlowski/Downloads/activator-1.3.4/repository/com.typesafe.play/twirl-api_2.11/1.0.2/jars/twirl-api_2.11.jar
7f3314014000-7f33141e1000 r--s 03bd3000 08:06 2887489                    /usr/lib/jvm/java-8-openjdk-amd64/jre/lib/rt.jar
7f33141e1000-7f3314697000 rw-p 00000000 00:00 0 
7f3314697000-7f3314a57000 ---p 00000000 00:00 0 
7f3314a57000-7f3314e3d000 rw-p 00000000 00:00 0 
7f3314e3d000-7f3314e3e000 ---p 00000000 00:00 0 
7f3314e3e000-7f3314f3e000 rw-p 00000000 00:00 0                          [stack:12014]
7f3314f3e000-7f3314f3f000 ---p 00000000 00:00 0 
7f3314f3f000-7f331503f000 rw-p 00000000 00:00 0                          [stack:12013]
7f331503f000-7f3315040000 ---p 00000000 00:00 0 
7f3315040000-7f3315140000 rw-p 00000000 00:00 0                          [stack:12012]
7f3315140000-7f3315141000 ---p 00000000 00:00 0 
7f3315141000-7f331526b000 rw-p 00000000 00:00 0                          [stack:12011]
7f331526b000-7f33154db000 ---p 00000000 00:00 0 
7f33154db000-7f3315505000 rw-p 00000000 00:00 0 
7f3315505000-7f3315774000 ---p 00000000 00:00 0 
7f3315774000-7f331578a000 rw-p 00000000 00:00 0 
7f331578a000-7f33158c1000 ---p 00000000 00:00 0 
7f33158c1000-7f33158cc000 rw-p 00000000 00:00 0 
7f33158cc000-7f3315c82000 ---p 00000000 00:00 0 
7f3315c82000-7f3315c8a000 r-xp 00000000 08:06 2887420                    /usr/lib/jvm/java-8-openjdk-amd64/jre/lib/amd64/libzip.so
7f3315c8a000-7f3315e89000 ---p 00008000 08:06 2887420                    /usr/lib/jvm/java-8-openjdk-amd64/jre/lib/amd64/libzip.so
7f3315e89000-7f3315e8a000 r--p 00007000 08:06 2887420                    /usr/lib/jvm/java-8-openjdk-amd64/jre/lib/amd64/libzip.so
7f3315e8a000-7f3315e8b000 rw-p 00008000 08:06 2887420                    /usr/lib/jvm/java-8-openjdk-amd64/jre/lib/amd64/libzip.so
7f3315e8b000-7f3315e97000 r-xp 00000000 08:06 7606560                    /lib/x86_64-linux-gnu/libnss_files-2.21.so
7f3315e97000-7f3316096000 ---p 0000c000 08:06 7606560                    /lib/x86_64-linux-gnu/libnss_files-2.21.so
7f3316096000-7f3316097000 r--p 0000b000 08:06 7606560                    /lib/x86_64-linux-gnu/libnss_files-2.21.so
7f3316097000-7f3316098000 rw-p 0000c000 08:06 7606560                    /lib/x86_64-linux-gnu/libnss_files-2.21.so
7f3316098000-7f33160a3000 r-xp 00000000 08:06 7606570                    /lib/x86_64-linux-gnu/libnss_nis-2.21.so
7f33160a3000-7f33162a2000 ---p 0000b000 08:06 7606570                    /lib/x86_64-linux-gnu/libnss_nis-2.21.so
7f33162a2000-7f33162a3000 r--p 0000a000 08:06 7606570                    /lib/x86_64-linux-gnu/libnss_nis-2.21.so
7f33162a3000-7f33162a4000 rw-p 0000b000 08:06 7606570                    /lib/x86_64-linux-gnu/libnss_nis-2.21.so
7f33162a4000-7f33162bb000 r-xp 00000000 08:06 7606554                    /lib/x86_64-linux-gnu/libnsl-2.21.so
7f33162bb000-7f33164ba000 ---p 00017000 08:06 7606554                    /lib/x86_64-linux-gnu/libnsl-2.21.so
7f33164ba000-7f33164bb000 r--p 00016000 08:06 7606554                    /lib/x86_64-linux-gnu/libnsl-2.21.so
7f33164bb000-7f33164bc000 rw-p 00017000 08:06 7606554                    /lib/x86_64-linux-gnu/libnsl-2.21.so
7f33164bc000-7f33164be000 rw-p 00000000 00:00 0 
7f33164be000-7f33164c6000 r-xp 00000000 08:06 7606556                    /lib/x86_64-linux-gnu/libnss_compat-2.21.so
7f33164c6000-7f33166c5000 ---p 00008000 08:06 7606556                    /lib/x86_64-linux-gnu/libnss_compat-2.21.so
7f33166c5000-7f33166c6000 r--p 00007000 08:06 7606556                    /lib/x86_64-linux-gnu/libnss_compat-2.21.so
7f33166c6000-7f33166c7000 rw-p 00008000 08:06 7606556                    /lib/x86_64-linux-gnu/libnss_compat-2.21.so
7f33166c7000-7f33166d1000 r-xp 00000000 08:06 2887439                    /usr/lib/jvm/java-8-openjdk-amd64/jre/lib/amd64/libinstrument.so
7f33166d1000-7f33168d0000 ---p 0000a000 08:06 2887439                    /usr/lib/jvm/java-8-openjdk-amd64/jre/lib/amd64/libinstrument.so
7f33168d0000-7f33168d1000 r--p 00009000 08:06 2887439                    /usr/lib/jvm/java-8-openjdk-amd64/jre/lib/amd64/libinstrument.so
7f33168d1000-7f33168d2000 rw-p 0000a000 08:06 2887439                    /usr/lib/jvm/java-8-openjdk-amd64/jre/lib/amd64/libinstrument.so
7f33168d2000-7f3316900000 r-xp 00000000 08:06 2887417                    /usr/lib/jvm/java-8-openjdk-amd64/jre/lib/amd64/libjava.so
7f3316900000-7f3316aff000 ---p 0002e000 08:06 2887417                    /usr/lib/jvm/java-8-openjdk-amd64/jre/lib/amd64/libjava.so
7f3316aff000-7f3316b00000 r--p 0002d000 08:06 2887417                    /usr/lib/jvm/java-8-openjdk-amd64/jre/lib/amd64/libjava.so
7f3316b00000-7f3316b02000 rw-p 0002e000 08:06 2887417                    /usr/lib/jvm/java-8-openjdk-amd64/jre/lib/amd64/libjava.so
7f3316b02000-7f3316b11000 r-xp 00000000 08:06 2887432                    /usr/lib/jvm/java-8-openjdk-amd64/jre/lib/amd64/libverify.so
7f3316b11000-7f3316d11000 ---p 0000f000 08:06 2887432                    /usr/lib/jvm/java-8-openjdk-amd64/jre/lib/amd64/libverify.so
7f3316d11000-7f3316d14000 r--p 0000f000 08:06 2887432                    /usr/lib/jvm/java-8-openjdk-amd64/jre/lib/amd64/libverify.so
7f3316d14000-7f3316d15000 rw-p 00012000 08:06 2887432                    /usr/lib/jvm/java-8-openjdk-amd64/jre/lib/amd64/libverify.so
7f3316d15000-7f3316d1c000 r-xp 00000000 08:06 7606615                    /lib/x86_64-linux-gnu/librt-2.21.so
7f3316d1c000-7f3316f1b000 ---p 00007000 08:06 7606615                    /lib/x86_64-linux-gnu/librt-2.21.so
7f3316f1b000-7f3316f1c000 r--p 00006000 08:06 7606615                    /lib/x86_64-linux-gnu/librt-2.21.so
7f3316f1c000-7f3316f1d000 rw-p 00007000 08:06 7606615                    /lib/x86_64-linux-gnu/librt-2.21.so
7f3316f1d000-7f3316f33000 r-xp 00000000 08:06 7606503                    /lib/x86_64-linux-gnu/libgcc_s.so.1
7f3316f33000-7f3317132000 ---p 00016000 08:06 7606503                    /lib/x86_64-linux-gnu/libgcc_s.so.1
7f3317132000-7f3317133000 rw-p 00015000 08:06 7606503                    /lib/x86_64-linux-gnu/libgcc_s.so.1
7f3317133000-7f331723a000 r-xp 00000000 08:06 7606533                    /lib/x86_64-linux-gnu/libm-2.21.so
7f331723a000-7f3317439000 ---p 00107000 08:06 7606533                    /lib/x86_64-linux-gnu/libm-2.21.so
7f3317439000-7f331743a000 r--p 00106000 08:06 7606533                    /lib/x86_64-linux-gnu/libm-2.21.so
7f331743a000-7f331743b000 rw-p 00107000 08:06 7606533                    /lib/x86_64-linux-gnu/libm-2.21.so
7f331743b000-7f331752b000 r-xp 00000000 08:06 8004884                    /usr/lib/x86_64-linux-gnu/libstdc++.so.6.0.20
7f331752b000-7f331772b000 ---p 000f0000 08:06 8004884                    /usr/lib/x86_64-linux-gnu/libstdc++.so.6.0.20
7f331772b000-7f3317733000 r--p 000f0000 08:06 8004884                    /usr/lib/x86_64-linux-gnu/libstdc++.so.6.0.20
7f3317733000-7f3317735000 rw-p 000f8000 08:06 8004884                    /usr/lib/x86_64-linux-gnu/libstdc++.so.6.0.20
7f3317735000-7f331774a000 rw-p 00000000 00:00 0 
7f331774a000-7f33183d7000 r-xp 00000000 08:06 2887444                    /usr/lib/jvm/java-8-openjdk-amd64/jre/lib/amd64/server/libjvm.so
7f33183d7000-7f33185d7000 ---p 00c8d000 08:06 2887444                    /usr/lib/jvm/java-8-openjdk-amd64/jre/lib/amd64/server/libjvm.so
7f33185d7000-7f331867a000 r--p 00c8d000 08:06 2887444                    /usr/lib/jvm/java-8-openjdk-amd64/jre/lib/amd64/server/libjvm.so
7f331867a000-7f33186a3000 rw-p 00d30000 08:06 2887444                    /usr/lib/jvm/java-8-openjdk-amd64/jre/lib/amd64/server/libjvm.so
7f33186a3000-7f33186d2000 rw-p 00000000 00:00 0 
7f33186d2000-7f33186ea000 r-xp 00000000 08:06 7606607                    /lib/x86_64-linux-gnu/libpthread-2.21.so
7f33186ea000-7f33188ea000 ---p 00018000 08:06 7606607                    /lib/x86_64-linux-gnu/libpthread-2.21.so
7f33188ea000-7f33188eb000 r--p 00018000 08:06 7606607                    /lib/x86_64-linux-gnu/libpthread-2.21.so
7f33188eb000-7f33188ec000 rw-p 00019000 08:06 7606607                    /lib/x86_64-linux-gnu/libpthread-2.21.so
7f33188ec000-7f33188f0000 rw-p 00000000 00:00 0 
7f33188f0000-7f33188f3000 r-xp 00000000 08:06 7606491                    /lib/x86_64-linux-gnu/libdl-2.21.so
7f33188f3000-7f3318af2000 ---p 00003000 08:06 7606491                    /lib/x86_64-linux-gnu/libdl-2.21.so
7f3318af2000-7f3318af3000 r--p 00002000 08:06 7606491                    /lib/x86_64-linux-gnu/libdl-2.21.so
7f3318af3000-7f3318af4000 rw-p 00003000 08:06 7606491                    /lib/x86_64-linux-gnu/libdl-2.21.so
7f3318af4000-7f3318b0d000 r-xp 00000000 08:06 7606648                    /lib/x86_64-linux-gnu/libz.so.1.2.8
7f3318b0d000-7f3318d0d000 ---p 00019000 08:06 7606648                    /lib/x86_64-linux-gnu/libz.so.1.2.8
7f3318d0d000-7f3318d0e000 r--p 00019000 08:06 7606648                    /lib/x86_64-linux-gnu/libz.so.1.2.8
7f3318d0e000-7f3318d0f000 rw-p 0001a000 08:06 7606648                    /lib/x86_64-linux-gnu/libz.so.1.2.8
7f3318d0f000-7f3318ecf000 r-xp 00000000 08:06 7606474                    /lib/x86_64-linux-gnu/libc-2.21.so
7f3318ecf000-7f33190cf000 ---p 001c0000 08:06 7606474                    /lib/x86_64-linux-gnu/libc-2.21.so
7f33190cf000-7f33190d3000 r--p 001c0000 08:06 7606474                    /lib/x86_64-linux-gnu/libc-2.21.so
7f33190d3000-7f33190d5000 rw-p 001c4000 08:06 7606474                    /lib/x86_64-linux-gnu/libc-2.21.so
7f33190d5000-7f33190d9000 rw-p 00000000 00:00 0 
7f33190d9000-7f33190e7000 r-xp 00000000 08:06 2887451                    /usr/lib/jvm/java-8-openjdk-amd64/jre/lib/amd64/jli/libjli.so
7f33190e7000-7f33192e6000 ---p 0000e000 08:06 2887451                    /usr/lib/jvm/java-8-openjdk-amd64/jre/lib/amd64/jli/libjli.so
7f33192e6000-7f33192e7000 r--p 0000d000 08:06 2887451                    /usr/lib/jvm/java-8-openjdk-amd64/jre/lib/amd64/jli/libjli.so
7f33192e7000-7f33192e8000 rw-p 0000e000 08:06 2887451                    /usr/lib/jvm/java-8-openjdk-amd64/jre/lib/amd64/jli/libjli.so
7f33192e8000-7f331930c000 r-xp 00000000 08:06 7606446                    /lib/x86_64-linux-gnu/ld-2.21.so
7f331930c000-7f331930d000 r--s 00002000 08:15 13632343                   /home/cotlowski/Downloads/activator-1.3.4/repository/com.typesafe.play/build-link/2.3.9/jars/build-link.jar
7f331930d000-7f3319313000 r--s 0003a000 08:06 2887468                    /usr/lib/jvm/java-8-openjdk-amd64/jre/lib/ext/sunjce_provider.jar
7f3319313000-7f3319316000 r--s 00037000 08:06 2887471                    /usr/lib/jvm/java-8-openjdk-amd64/jre/lib/ext/sunpkcs11.jar
7f3319316000-7f3319318000 r--s 00001000 08:06 2887469                    /usr/lib/jvm/java-8-openjdk-amd64/jre/lib/ext/dnsns.jar
7f3319318000-7f331931a000 r--s 00006000 08:06 268667                     /usr/share/java/java-atk-wrapper.jar
7f331931a000-7f331931b000 r--s 00008000 08:06 2887465                    /usr/lib/jvm/java-8-openjdk-amd64/jre/lib/ext/sunec.jar
7f331931b000-7f33193ea000 rw-p 00000000 00:00 0 
7f33193ea000-7f33193ed000 ---p 00000000 00:00 0 
7f33193ed000-7f33194f0000 rw-p 00000000 00:00 0                          [stack:12010]
7f33194f0000-7f33194f3000 r--s 0000f000 08:06 2887470                    /usr/lib/jvm/java-8-openjdk-amd64/jre/lib/ext/icedtea-sound.jar
7f33194f3000-7f33194f4000 r--s 00010000 08:06 2887467                    /usr/lib/jvm/java-8-openjdk-amd64/jre/lib/ext/zipfs.jar
7f33194f4000-7f33194ff000 r--s 00116000 08:06 2887466                    /usr/lib/jvm/java-8-openjdk-amd64/jre/lib/ext/localedata.jar
7f33194ff000-7f3319507000 rw-s 00000000 08:06 268838                     /tmp/hsperfdata_cotlowski/12006
7f3319507000-7f3319508000 rw-p 00000000 00:00 0 
7f3319508000-7f3319509000 r--p 00000000 00:00 0 
7f3319509000-7f331950b000 rw-p 00000000 00:00 0 
7f331950b000-7f331950c000 r--p 00023000 08:06 7606446                    /lib/x86_64-linux-gnu/ld-2.21.so
7f331950c000-7f331950d000 rw-p 00024000 08:06 7606446                    /lib/x86_64-linux-gnu/ld-2.21.so
7f331950d000-7f331950e000 rw-p 00000000 00:00 0 
7fff3fef8000-7fff3ff1c000 rw-p 00000000 00:00 0                          [stack]
7fff3ffac000-7fff3ffae000 r--p 00000000 00:00 0                          [vvar]
7fff3ffae000-7fff3ffb0000 r-xp 00000000 00:00 0                          [vdso]
ffffffffff600000-ffffffffff601000 r-xp 00000000 00:00 0                  [vsyscall]

VM Arguments:
jvm_args: -javaagent:/usr/share/java/jayatanaag.jar 
java_command: sbt.ForkMain 46805
java_class_path (initial): /home/cotlowski/code/js-firstassignment/target/scala-2.11/test-classes:/home/cotlowski/code/js-firstassignment/target/web/classes/test:/home/cotlowski/code/js-firstassignment/target/scala-2.11/classes:/home/cotlowski/code/js-firstassignment/target/web/classes/main:/home/cotlowski/.ivy2/cache/org.scala-lang/scala-library/jars/scala-library-2.11.6.jar:/home/cotlowski/Downloads/activator-1.3.4/repository/com.typesafe.play/twirl-api_2.11/1.0.2/jars/twirl-api_2.11.jar:/home/cotlowski/Downloads/activator-1.3.4/repository/org.apache.commons/commons-lang3/3.1/jars/commons-lang3.jar:/home/cotlowski/.ivy2/cache/org.scala-lang.modules/scala-xml_2.11/bundles/scala-xml_2.11-1.0.1.jar:/home/cotlowski/Downloads/activator-1.3.4/repository/com.typesafe.play/play_2.11/2.3.9/jars/play_2.11.jar:/home/cotlowski/Downloads/activator-1.3.4/repository/com.typesafe.play/build-link/2.3.9/jars/build-link.jar:/home/cotlowski/Downloads/activator-1.3.4/repository/com.typesafe.play/play-exceptions/2.3.9/jars/play-exceptions.jar:/home/cotlowski/Downloads/activator-1.3.4/repository/org.javassist/javassist/3.18.2-GA/bundles/javassist.jar:/home/cotlowski/Downloads/activator-1.3.4/repository/com.typesafe.play/play-iteratees_2.11/2.3.9/jars/play-iteratees_2.11.jar:/home/cotlowski/Downloads/activator-1.3.4/repository/org.scala-stm/scala-stm_2.11/0.7/jars/scala-stm_2.11.jar:/home/cotlowski/.ivy2/cache/com.typesafe/config/bundles/config-1.2.1.jar:/home/cotlowski/Downloads/activator-1.3.4/repository/com.typesafe.play/play-json_2.11/2.3.9/jars/play-json_2.11.jar:/home/cotlowski/Downloads/activator-1.3.4/repository/com.typesafe.play/play-functional_2.11/2.3.9/jars/play-functional_2.11.jar:/home/cotlowski/Downloads/activator-1.3.4/repository/com.typesafe.play/play-datacommons_2.11/2.3.9/jars/play-datacommons_2.11.jar:/home/cotlowski/Downloads/activator-1.3.4/repository/joda-time/joda-time/2.3/jars/joda-time.jar:/home/cotlowski/Downloads/activator-1.3.4/repository/org.joda/joda-conv
Launcher Type: SUN_STANDARD

Environment Variables:
JAVA_TOOL_OPTIONS=-javaagent:/usr/share/java/jayatanaag.jar 
PATH=/home/cotlowski/code/scala-2.11.6/bin:/usr/local/sbin:/usr/local/bin:/usr/sbin:/usr/bin:/sbin:/bin:/usr/games:/usr/local/games:/home/cotlowski/Downloads/activator-1.3.4
SHELL=/bin/bash
DISPLAY=:0

Signal Handlers:
SIGSEGV: [libjvm.so+0xa90d80], sa_mask[0]=11111111011111111101111111111110, sa_flags=SA_RESTART|SA_SIGINFO
SIGBUS: [libjvm.so+0xa90d80], sa_mask[0]=11111111011111111101111111111110, sa_flags=SA_RESTART|SA_SIGINFO
SIGFPE: [libjvm.so+0x8dbc70], sa_mask[0]=11111111011111111101111111111110, sa_flags=SA_RESTART|SA_SIGINFO
SIGPIPE: [libjvm.so+0x8dbc70], sa_mask[0]=11111111011111111101111111111110, sa_flags=SA_RESTART|SA_SIGINFO
SIGXFSZ: [libjvm.so+0x8dbc70], sa_mask[0]=11111111011111111101111111111110, sa_flags=SA_RESTART|SA_SIGINFO
SIGILL: [libjvm.so+0x8dbc70], sa_mask[0]=11111111011111111101111111111110, sa_flags=SA_RESTART|SA_SIGINFO
SIGUSR1: SIG_DFL, sa_mask[0]=00000000000000000000000000000000, sa_flags=none
SIGUSR2: [libjvm.so+0x8dbb20], sa_mask[0]=00100000000000000000000000000000, sa_flags=SA_RESTART|SA_SIGINFO
SIGHUP: [libjvm.so+0x8dbd40], sa_mask[0]=11111111011111111101111111111110, sa_flags=SA_RESTART|SA_SIGINFO
SIGINT: [libjvm.so+0x8dbd40], sa_mask[0]=11111111011111111101111111111110, sa_flags=SA_RESTART|SA_SIGINFO
SIGTERM: [libjvm.so+0x8dbd40], sa_mask[0]=11111111011111111101111111111110, sa_flags=SA_RESTART|SA_SIGINFO
SIGQUIT: [libjvm.so+0x8dbd40], sa_mask[0]=11111111011111111101111111111110, sa_flags=SA_RESTART|SA_SIGINFO


---------------  S Y S T E M  ---------------

OS:DISTRIB_ID=Ubuntu
DISTRIB_RELEASE=15.04
DISTRIB_CODENAME=vivid
DISTRIB_DESCRIPTION="Ubuntu 15.04"

uname:Linux 3.19.0-18-generic #18-Ubuntu SMP Tue May 19 18:31:35 UTC 2015 x86_64
libc:glibc 2.21 NPTL 2.21 
rlimit: STACK 8192k, CORE 0k, NPROC 31845, NOFILE 65536, AS infinity
load average:0.35 0.43 0.41

/proc/meminfo:
MemTotal:        8174784 kB
MemFree:          352176 kB
MemAvailable:     453900 kB
Buffers:           23996 kB
Cached:           420368 kB
SwapCached:        34140 kB
Active:          2996476 kB
Inactive:        1106256 kB
Active(anon):    2853748 kB
Inactive(anon):  1003268 kB
Active(file):     142728 kB
Inactive(file):   102988 kB
Unevictable:          68 kB
Mlocked:              68 kB
SwapTotal:      15624188 kB
SwapFree:       14876168 kB
Dirty:              1196 kB
Writeback:             0 kB
AnonPages:       3641872 kB
Mapped:           714152 kB
Shmem:            198504 kB
Slab:             154740 kB
SReclaimable:      49900 kB
SUnreclaim:       104840 kB
KernelStack:       12560 kB
PageTables:        58816 kB
NFS_Unstable:          0 kB
Bounce:                0 kB
WritebackTmp:          0 kB
CommitLimit:    19711580 kB
Committed_AS:   11665212 kB
VmallocTotal:   34359738367 kB
VmallocUsed:      355228 kB
VmallocChunk:   34359380436 kB
HardwareCorrupted:     0 kB
AnonHugePages:   2035712 kB
CmaTotal:              0 kB
CmaFree:               0 kB
HugePages_Total:       0
HugePages_Free:        0
HugePages_Rsvd:        0
HugePages_Surp:        0
Hugepagesize:       2048 kB
DirectMap4k:     3621824 kB
DirectMap2M:     4765696 kB


CPU:total 4 (4 cores per cpu, 1 threads per core) family 6 model 23 stepping 7, cmov, cx8, fxsr, mmx, sse, sse2, sse3, ssse3, sse4.1, tsc

/proc/cpuinfo:
processor	: 0
vendor_id	: GenuineIntel
cpu family	: 6
model		: 23
model name	: Intel(R) Core(TM)2 Quad  CPU   Q9550  @ 2.83GHz
stepping	: 7
microcode	: 0x70a
cpu MHz		: 2834.000
cache size	: 6144 KB
physical id	: 0
siblings	: 4
core id		: 0
cpu cores	: 4
apicid		: 0
initial apicid	: 0
fpu		: yes
fpu_exception	: yes
cpuid level	: 10
wp		: yes
flags		: fpu vme de pse tsc msr pae mce cx8 apic sep mtrr pge mca cmov pat pse36 clflush dts acpi mmx fxsr sse sse2 ss ht tm pbe syscall nx lm constant_tsc arch_perfmon pebs bts rep_good nopl aperfmperf pni dtes64 monitor ds_cpl vmx smx est tm2 ssse3 cx16 xtpr pdcm sse4_1 lahf_lm dtherm tpr_shadow vnmi flexpriority
bugs		:
bogomips	: 5666.72
clflush size	: 64
cache_alignment	: 64
address sizes	: 36 bits physical, 48 bits virtual
power management:

processor	: 1
vendor_id	: GenuineIntel
cpu family	: 6
model		: 23
model name	: Intel(R) Core(TM)2 Quad  CPU   Q9550  @ 2.83GHz
stepping	: 7
microcode	: 0x70a
cpu MHz		: 2000.000
cache size	: 6144 KB
physical id	: 0
siblings	: 4
core id		: 3
cpu cores	: 4
apicid		: 3
initial apicid	: 3
fpu		: yes
fpu_exception	: yes
cpuid level	: 10
wp		: yes
flags		: fpu vme de pse tsc msr pae mce cx8 apic sep mtrr pge mca cmov pat pse36 clflush dts acpi mmx fxsr sse sse2 ss ht tm pbe syscall nx lm constant_tsc arch_perfmon pebs bts rep_good nopl aperfmperf pni dtes64 monitor ds_cpl vmx smx est tm2 ssse3 cx16 xtpr pdcm sse4_1 lahf_lm dtherm tpr_shadow vnmi flexpriority
bugs		:
bogomips	: 5666.72
clflush size	: 64
cache_alignment	: 64
address sizes	: 36 bits physical, 48 bits virtual
power management:

processor	: 2
vendor_id	: GenuineIntel
cpu family	: 6
model		: 23
model name	: Intel(R) Core(TM)2 Quad  CPU   Q9550  @ 2.83GHz
stepping	: 7
microcode	: 0x70a
cpu MHz		: 2000.000
cache size	: 6144 KB
physical id	: 0
siblings	: 4
core id		: 2
cpu cores	: 4
apicid		: 2
initial apicid	: 2
fpu		: yes
fpu_exception	: yes
cpuid level	: 10
wp		: yes
flags		: fpu vme de pse tsc msr pae mce cx8 apic sep mtrr pge mca cmov pat pse36 clflush dts acpi mmx fxsr sse sse2 ss ht tm pbe syscall nx lm constant_tsc arch_perfmon pebs bts rep_good nopl aperfmperf pni dtes64 monitor ds_cpl vmx smx est tm2 ssse3 cx16 xtpr pdcm sse4_1 lahf_lm dtherm tpr_shadow vnmi flexpriority
bugs		:
bogomips	: 5666.72
clflush size	: 64
cache_alignment	: 64
address sizes	: 36 bits physical, 48 bits virtual
power management:

processor	: 3
vendor_id	: GenuineIntel
cpu family	: 6
model		: 23
model name	: Intel(R) Core(TM)2 Quad  CPU   Q9550  @ 2.83GHz
stepping	: 7
microcode	: 0x70a
cpu MHz		: 2000.000
cache size	: 6144 KB
physical id	: 0
siblings	: 4
core id		: 1
cpu cores	: 4
apicid		: 1
initial apicid	: 1
fpu		: yes
fpu_exception	: yes
cpuid level	: 10
wp		: yes
flags		: fpu vme de pse tsc msr pae mce cx8 apic sep mtrr pge mca cmov pat pse36 clflush dts acpi mmx fxsr sse sse2 ss ht tm pbe syscall nx lm constant_tsc arch_perfmon pebs bts rep_good nopl aperfmperf pni dtes64 monitor ds_cpl vmx smx est tm2 ssse3 cx16 xtpr pdcm sse4_1 lahf_lm dtherm tpr_shadow vnmi flexpriority
bugs		:
bogomips	: 5666.72
clflush size	: 64
cache_alignment	: 64
address sizes	: 36 bits physical, 48 bits virtual
power management:



Memory: 4k page, physical 8174784k(352176k free), swap 15624188k(14876168k free)

vm_info: OpenJDK 64-Bit Server VM (25.45-b02) for linux-amd64 JRE (1.8.0_45-internal-b14), built on Apr 20 2015 00:35:04 by "buildd" with gcc 4.9.2

time: Mon Jun  8 17:17:01 2015
elapsed time: 0 seconds (0d 0h 0m 0s)

