#
# A fatal error has been detected by the Java Runtime Environment:
#
#  SIGSEGV (0xb) at pc=0x00007fbf58d6a060, pid=2516, tid=140461240821504
#
# JRE version: OpenJDK Runtime Environment (8.0_45-b14) (build 1.8.0_45-internal-b14)
# Java VM: OpenJDK 64-Bit Server VM (25.45-b02 mixed mode linux-amd64 compressed oops)
# Problematic frame:
# C  0x00007fbf58d6a060
#
# Failed to write core dump. Core dumps have been disabled. To enable core dumping, try "ulimit -c unlimited" before starting Java again
#
# If you would like to submit a bug report, please visit:
#   http://bugreport.java.com/bugreport/crash.jsp
#

---------------  T H R E A D  ---------------

Current thread (0x00007fbfa800b000):  JavaThread "main" [_thread_in_Java, id=2562, stack(0x00007fbfae4d2000,0x00007fbfae5d3000)]

siginfo: si_signo: 11 (SIGSEGV), si_code: 2 (SEGV_ACCERR), si_addr: 0x00007fbf58d6a060

Registers:
RAX=0x00000001000594a0, RBX=0x00007fbf94b5b618, RCX=0x00000000cafebabe, RDX=0x0000000000000000
RSP=0x00007fbfae5cf4d8, RBP=0x00000000cafebabe, RSI=0x00000000fab05a58, RDI=0x00000000c00004a0
R8 =0x00007fbf9484a648, R9 =0x0000000100010160, R10=0x00007fbf94b5b618, R11=0x00000000fab05a58
R12=0x0000000000000000, R13=0x00007fbfae5cf710, R14=0x00000001001a9028, R15=0x00007fbfa800b000
RIP=0x00007fbf58d6a060, EFLAGS=0x0000000000010206, CSGSFS=0x0000000000000033, ERR=0x0000000000000014
  TRAPNO=0x000000000000000e

Top of Stack: (sp=0x00007fbfae5cf4d8)
0x00007fbfae5cf4d8:   00007fbf9869e944 00000000c00004a0
0x00007fbfae5cf4e8:   00000000f3226c20 0000000000000002
0x00007fbfae5cf4f8:   00007fbf97f18204 00000000f4150b60
0x00007fbfae5cf508:   00000000f4150750 00007fbf971a4000
0x00007fbfae5cf518:   00000000f4150b80 00000000f3226c10
0x00007fbfae5cf528:   00007fbf9869f234 00007fbfae5cf7d0
0x00007fbfae5cf538:   00007fbf98cfe104 0000000000000000
0x00007fbfae5cf548:   00007fbf98597070 00007fbf97d6c98d
0x00007fbfae5cf558:   80c253a0c9b3ca00 00007fbf86fba670
0x00007fbfae5cf568:   00007fbfa800b000 00000000f3386a68
0x00007fbfae5cf578:   00007fbf98c9d358 00007fbfad1deba0
0x00007fbfae5cf588:   00000000f3322560 00000000f3226c10
0x00007fbfae5cf598:   00007fbf985180d0 00007fbfae5cf6b0
0x00007fbfae5cf5a8:   00007fbfaceac538 00000000f37a2150
0x00007fbfae5cf5b8:   00007fbf98cac830 00000000f3226bf0
0x00007fbfae5cf5c8:   00007fbf98cb3918 00000000cafebabe
0x00007fbfae5cf5d8:   00000000f3226bf0 00007fbfad1deba0
0x00007fbfae5cf5e8:   0000000000000000 00000000f3226bd0
0x00007fbfae5cf5f8:   00007fbf98cb6230 cafebabe00000000
0x00007fbfae5cf608:   00000000f3226bd0 00000000f4150630
0x00007fbfae5cf618:   00007fbf98b85a1c 00000000f4100560
0x00007fbfae5cf628:   00007fbf98bc4888 00000000f4150750
0x00007fbfae5cf638:   00007fbf9837cc9c 000001f0000001be
0x00007fbfae5cf648:   00000000f41506b0 00000000f4076740
0x00007fbfae5cf658:   00000000f4093138 00000000f4150750
0x00007fbfae5cf668:   00007fbf98a2b444 00007fbf86fba5c0
0x00007fbfae5cf678:   00000000f3e563d0 00007fbf86fba5c0
0x00007fbfae5cf688:   00007fbfa800b000 0000000000000000
0x00007fbfae5cf698:   00000000f4076740 00000000f3226bd0
0x00007fbfae5cf6a8:   00000000f4150750 00007fbf000001be
0x00007fbfae5cf6b8:   00007fbfaceacd55 00000000f4150750
0x00007fbfae5cf6c8:   00007fbf989a6648 00000000f4150750 

Instructions: (pc=0x00007fbf58d6a060)
0x00007fbf58d6a040:   
[error occurred during error reporting (printing registers, top of stack, instructions near pc), id 0xb]

Register to memory mapping:

RAX=0x00000001000594a0 is pointing into metadata
RBX={method} {0x00007fbf94b5b618} 'hashCode' '()I' in 'java/net/URI'
RCX=
[error occurred during error reporting (printing register info), id 0xb]

Stack: [0x00007fbfae4d2000,0x00007fbfae5d3000],  sp=0x00007fbfae5cf4d8,  free space=1013k
Native frames: (J=compiled Java code, j=interpreted, Vv=VM code, C=native code)
C  0x00007fbf58d6a060


---------------  P R O C E S S  ---------------

Java Threads: ( => current thread )
  0x00007fbfa8abf000 JavaThread "process reaper" daemon [_thread_blocked, id=2578, stack(0x00007fbf8c80c000,0x00007fbf8c845000)]
  0x00007fbfa821b800 JavaThread "Service Thread" daemon [_thread_blocked, id=2574, stack(0x00007fbf8dc51000,0x00007fbf8dd52000)]
  0x00007fbfa820e000 JavaThread "C1 CompilerThread2" daemon [_thread_in_vm, id=2573, stack(0x00007fbf8dd52000,0x00007fbf8de53000)]
  0x00007fbfa820c000 JavaThread "C2 CompilerThread1" daemon [_thread_in_native, id=2572, stack(0x00007fbf8de53000,0x00007fbf8df54000)]
  0x00007fbfa81ff000 JavaThread "C2 CompilerThread0" daemon [_thread_in_native, id=2571, stack(0x00007fbf8df54000,0x00007fbf8e055000)]
  0x00007fbfa8171800 JavaThread "Signal Dispatcher" daemon [_thread_blocked, id=2570, stack(0x00007fbf8ec11000,0x00007fbf8ed12000)]
  0x00007fbfa8146800 JavaThread "Finalizer" daemon [_thread_blocked, id=2569, stack(0x00007fbf8f3f4000,0x00007fbf8f4f5000)]
  0x00007fbfa8144800 JavaThread "Reference Handler" daemon [_thread_blocked, id=2568, stack(0x00007fbf8f4f5000,0x00007fbf8f5f6000)]
=>0x00007fbfa800b000 JavaThread "main" [_thread_in_Java, id=2562, stack(0x00007fbfae4d2000,0x00007fbfae5d3000)]

Other Threads:
  0x00007fbfa813f800 VMThread [stack: 0x00007fbf8f5f6000,0x00007fbf8f6f7000] [id=2567]
  0x00007fbfa821e000 WatcherThread [stack: 0x00007fbf8db50000,0x00007fbf8dc51000] [id=2575]

VM state:not at safepoint (normal execution)

VM Mutex/Monitor currently owned by a thread:  ([mutex/lock_event])
[0x00007fbfa8007d80] Compile_lock - owner thread: 0x0000000000000000

Heap:
 PSYoungGen      total 305664K, used 198825K [0x00000000eab00000, 0x0000000100000000, 0x0000000100000000)
  eden space 262144K, 59% used [0x00000000eab00000,0x00000000f42ab370,0x00000000fab00000)
  from space 43520K, 99% used [0x00000000fab00000,0x00000000fd57f408,0x00000000fd580000)
  to   space 43520K, 0% used [0x00000000fd580000,0x00000000fd580000,0x0000000100000000)
 ParOldGen       total 699392K, used 13645K [0x00000000c0000000, 0x00000000eab00000, 0x00000000eab00000)
  object space 699392K, 1% used [0x00000000c0000000,0x00000000c0d53568,0x00000000eab00000)
 Metaspace       used 46747K, capacity 47294K, committed 47488K, reserved 1087488K
  class space    used 8390K, capacity 8531K, committed 8576K, reserved 1048576K

Card table byte_map: [0x00007fbf977a4000,0x00007fbf979a5000] byte_map_base: 0x00007fbf971a4000

Marking Bits: (ParMarkBitMap*) 0x00007fbfad79ee80
 Begin Bits: [0x00007fbf9524a000, 0x00007fbf9624a000)
 End Bits:   [0x00007fbf9624a000, 0x00007fbf9724a000)

Polling page: 0x00007fbfae5f0000

CodeCache: size=245760Kb used=15958Kb max_used=15958Kb free=229801Kb
 bounds [0x00007fbf97d65000, 0x00007fbf98d15000, 0x00007fbfa6d65000]
 total_blobs=5840 nmethods=5413 adapters=337
 compilation: enabled

Compilation events (10 events):
Event: 5.692 Thread 0x00007fbfa820e000 nmethod 5721 0x00007fbf98cf3750 code [0x00007fbf98cf38c0, 0x00007fbf98cf3bc8]
Event: 5.692 Thread 0x00007fbfa820e000 5722       3       sbt.EvaluateSettings$$anon$1::apply (467 bytes)
Event: 5.696 Thread 0x00007fbfa820e000 nmethod 5722 0x00007fbf98cf8cd0 code [0x00007fbf98cf9420, 0x00007fbf98cff4c8]
Event: 5.696 Thread 0x00007fbfa820e000 5723       3       sbt.EvaluateSettings$MixedNode::<init> (22 bytes)
Event: 5.697 Thread 0x00007fbfa820e000 nmethod 5723 0x00007fbf98cf5690 code [0x00007fbf98cf5800, 0x00007fbf98cf59c8]
Event: 5.697 Thread 0x00007fbfa820e000 5726       3       sbt.EvaluateSettings$INode::<init> (59 bytes)
Event: 5.697 Thread 0x00007fbfa820e000 nmethod 5726 0x00007fbf98cf4e50 code [0x00007fbf98cf5000, 0x00007fbf98cf54c8]
Event: 5.697 Thread 0x00007fbfa820e000 5730       3       sbt.DelegatingPMap::get (15 bytes)
Event: 5.698 Thread 0x00007fbfa820e000 nmethod 5730 0x00007fbf98d05990 code [0x00007fbf98d05ba0, 0x00007fbf98d06698]
Event: 5.698 Thread 0x00007fbfa820e000 5729       3       sbt.EvaluateSettings::sbt$EvaluateSettings$$single (17 bytes)

GC Heap History (2 events):
Event: 3.056 GC heap before
{Heap before GC invocations=1 (full 0):
 PSYoungGen      total 305664K, used 262144K [0x00000000eab00000, 0x0000000100000000, 0x0000000100000000)
  eden space 262144K, 100% used [0x00000000eab00000,0x00000000fab00000,0x00000000fab00000)
  from space 43520K, 0% used [0x00000000fd580000,0x00000000fd580000,0x0000000100000000)
  to   space 43520K, 0% used [0x00000000fab00000,0x00000000fab00000,0x00000000fd580000)
 ParOldGen       total 699392K, used 0K [0x00000000c0000000, 0x00000000eab00000, 0x00000000eab00000)
  object space 699392K, 0% used [0x00000000c0000000,0x00000000c0000000,0x00000000eab00000)
 Metaspace       used 35461K, capacity 35924K, committed 36096K, reserved 1079296K
  class space    used 5899K, capacity 6021K, committed 6144K, reserved 1048576K
Event: 3.177 GC heap after
Heap after GC invocations=1 (full 0):
 PSYoungGen      total 305664K, used 43517K [0x00000000eab00000, 0x0000000100000000, 0x0000000100000000)
  eden space 262144K, 0% used [0x00000000eab00000,0x00000000eab00000,0x00000000fab00000)
  from space 43520K, 99% used [0x00000000fab00000,0x00000000fd57f408,0x00000000fd580000)
  to   space 43520K, 0% used [0x00000000fd580000,0x00000000fd580000,0x0000000100000000)
 ParOldGen       total 699392K, used 13645K [0x00000000c0000000, 0x00000000eab00000, 0x00000000eab00000)
  object space 699392K, 1% used [0x00000000c0000000,0x00000000c0d53568,0x00000000eab00000)
 Metaspace       used 35461K, capacity 35924K, committed 36096K, reserved 1079296K
  class space    used 5899K, capacity 6021K, committed 6144K, reserved 1048576K
}

Deoptimization events (10 events):
Event: 5.151 Thread 0x00007fbfa800b000 Uncommon trap: reason=bimorphic action=maybe_recompile pc=0x00007fbf9869ac18 method=scala.reflect.internal.Names$TypeName.toTermName()Lscala/reflect/internal/Names$TermName; @ 8
Event: 5.152 Thread 0x00007fbfa800b000 Uncommon trap: reason=bimorphic action=maybe_recompile pc=0x00007fbf9869ac18 method=scala.reflect.internal.Names$TypeName.toTermName()Lscala/reflect/internal/Names$TermName; @ 8
Event: 5.153 Thread 0x00007fbfa800b000 Uncommon trap: reason=class_check action=maybe_recompile pc=0x00007fbf981ae21c method=scala.reflect.internal.Types$ThisType$.apply(Lscala/reflect/internal/Symbols$Symbol;)Lscala/reflect/internal/Types$Type; @ 50
Event: 5.153 Thread 0x00007fbfa800b000 Uncommon trap: reason=bimorphic action=maybe_recompile pc=0x00007fbf9869ac18 method=scala.reflect.internal.Names$TypeName.toTermName()Lscala/reflect/internal/Names$TermName; @ 8
Event: 5.170 Thread 0x00007fbfa800b000 Uncommon trap: reason=class_check action=maybe_recompile pc=0x00007fbf982b24e4 method=scala.reflect.internal.Types$NoArgsTypeRef.scala$reflect$internal$Types$NoArgsTypeRef$$$outer()Lscala/reflect/internal/SymbolTable; @ 4
Event: 5.173 Thread 0x00007fbfa800b000 Uncommon trap: reason=class_check action=maybe_recompile pc=0x00007fbf981ae21c method=scala.reflect.internal.Types$ThisType$.apply(Lscala/reflect/internal/Symbols$Symbol;)Lscala/reflect/internal/Types$Type; @ 50
Event: 5.174 Thread 0x00007fbfa800b000 Uncommon trap: reason=class_check action=maybe_recompile pc=0x00007fbf981ae21c method=scala.reflect.internal.Types$ThisType$.apply(Lscala/reflect/internal/Symbols$Symbol;)Lscala/reflect/internal/Types$Type; @ 50
Event: 5.174 Thread 0x00007fbfa800b000 Uncommon trap: reason=class_check action=maybe_recompile pc=0x00007fbf981ae21c method=scala.reflect.internal.Types$ThisType$.apply(Lscala/reflect/internal/Symbols$Symbol;)Lscala/reflect/internal/Types$Type; @ 50
Event: 5.174 Thread 0x00007fbfa800b000 Uncommon trap: reason=bimorphic action=maybe_recompile pc=0x00007fbf98ab1128 method=scala.reflect.internal.Symbols$Symbol.typeParams()Lscala/collection/immutable/List; @ 37
Event: 5.217 Thread 0x00007fbfa800b000 Uncommon trap: reason=class_check action=maybe_recompile pc=0x00007fbf982b24e4 method=scala.reflect.internal.Types$NoArgsTypeRef.scala$reflect$internal$Types$NoArgsTypeRef$$$outer()Lscala/reflect/internal/SymbolTable; @ 4

Internal exceptions (10 events):
Event: 1.747 Thread 0x00007fbfa800b000 Exception <a 'java/lang/ClassNotFoundException': scala/reflect/ScalaLongSignature> (0x00000000f30c32f0) thrown at [/build/buildd/openjdk-8-8u45-b14/src/hotspot/src/share/vm/classfile/systemDictionary.cpp, line 210]
Event: 1.750 Thread 0x00007fbfa800b000 Exception <a 'java/lang/ClassNotFoundException': scala/reflect/ScalaSignature> (0x00000000f30d2220) thrown at [/build/buildd/openjdk-8-8u45-b14/src/hotspot/src/share/vm/classfile/systemDictionary.cpp, line 210]
Event: 1.750 Thread 0x00007fbfa800b000 Exception <a 'java/lang/ClassNotFoundException': scala/reflect/ScalaLongSignature> (0x00000000f30d27a8) thrown at [/build/buildd/openjdk-8-8u45-b14/src/hotspot/src/share/vm/classfile/systemDictionary.cpp, line 210]
Event: 1.751 Thread 0x00007fbfa800b000 Exception <a 'java/lang/ArrayIndexOutOfBoundsException'> (0x00000000f30d71e8) thrown at [/build/buildd/openjdk-8-8u45-b14/src/hotspot/src/share/vm/runtime/sharedRuntime.cpp, line 605]
Event: 2.127 Thread 0x00007fbfa800b000 Exception <a 'java/lang/ArrayIndexOutOfBoundsException'> (0x00000000f4e503f0) thrown at [/build/buildd/openjdk-8-8u45-b14/src/hotspot/src/share/vm/runtime/sharedRuntime.cpp, line 605]
Event: 2.153 Thread 0x00007fbfa800b000 Exception <a 'java/lang/ArrayIndexOutOfBoundsException'> (0x00000000f547e780) thrown at [/build/buildd/openjdk-8-8u45-b14/src/hotspot/src/share/vm/runtime/sharedRuntime.cpp, line 605]
Event: 2.159 Thread 0x00007fbfa800b000 Exception <a 'java/lang/ArrayIndexOutOfBoundsException'> (0x00000000f549bf28) thrown at [/build/buildd/openjdk-8-8u45-b14/src/hotspot/src/share/vm/runtime/sharedRuntime.cpp, line 605]
Event: 3.837 Thread 0x00007fbfa800b000 Implicit null exception at 0x00007fbf9856ef20 to 0x00007fbf9856f1bd
Event: 5.204 Thread 0x00007fbfa800b000 Exception <a 'java/lang/ClassNotFoundException': java/net> (0x00000000f12b5a58) thrown at [/build/buildd/openjdk-8-8u45-b14/src/hotspot/src/share/vm/classfile/systemDictionary.cpp, line 210]
Event: 5.204 Thread 0x00007fbfa800b000 Exception <a 'java/lang/ClassNotFoundException': java/net/package> (0x00000000f12b68b0) thrown at [/build/buildd/openjdk-8-8u45-b14/src/hotspot/src/share/vm/classfile/systemDictionary.cpp, line 210]

Events (10 events):
Event: 5.690 loading class sbt/Init$ValidationCapture
Event: 5.690 loading class sbt/Init$ValidationCapture done
Event: 5.691 loading class sbt/EvaluateSettings$$anon$1$$anonfun$apply$3
Event: 5.691 loading class sbt/EvaluateSettings$$anon$1$$anonfun$apply$3 done
Event: 5.691 loading class sbt/EvaluateSettings$$anon$1$$anonfun$apply$2
Event: 5.691 loading class sbt/EvaluateSettings$$anon$1$$anonfun$apply$2 done
Event: 5.692 loading class sbt/EvaluateSettings$$anonfun$sbt$EvaluateSettings$$strictConstant$1
Event: 5.692 loading class sbt/EvaluateSettings$$anonfun$sbt$EvaluateSettings$$strictConstant$1 done
Event: 5.692 loading class sbt/EvaluateSettings$$anon$1$$anonfun$apply$1
Event: 5.692 loading class sbt/EvaluateSettings$$anon$1$$anonfun$apply$1 done


Dynamic libraries:
00400000-00401000 r-xp 00000000 08:06 2887504                            /usr/lib/jvm/java-8-openjdk-amd64/jre/bin/java
00600000-00601000 r--p 00000000 08:06 2887504                            /usr/lib/jvm/java-8-openjdk-amd64/jre/bin/java
00601000-00602000 rw-p 00001000 08:06 2887504                            /usr/lib/jvm/java-8-openjdk-amd64/jre/bin/java
00f3b000-00f5c000 rw-p 00000000 00:00 0                                  [heap]
c0000000-100860000 rw-p 00000000 00:00 0 
100860000-140000000 ---p 00000000 00:00 0 
7fbf50000000-7fbf50021000 rw-p 00000000 00:00 0 
7fbf50021000-7fbf54000000 ---p 00000000 00:00 0 
7fbf58000000-7fbf58021000 rw-p 00000000 00:00 0 
7fbf58021000-7fbf5c000000 ---p 00000000 00:00 0 
7fbf5c000000-7fbf5c021000 rw-p 00000000 00:00 0 
7fbf5c021000-7fbf60000000 ---p 00000000 00:00 0 
7fbf60000000-7fbf618eb000 rw-p 00000000 00:00 0 
7fbf618eb000-7fbf64000000 ---p 00000000 00:00 0 
7fbf64000000-7fbf6489b000 rw-p 00000000 00:00 0 
7fbf6489b000-7fbf68000000 ---p 00000000 00:00 0 
7fbf68000000-7fbf68021000 rw-p 00000000 00:00 0 
7fbf68021000-7fbf6c000000 ---p 00000000 00:00 0 
7fbf6c000000-7fbf6d33a000 rw-p 00000000 00:00 0 
7fbf6d33a000-7fbf70000000 ---p 00000000 00:00 0 
7fbf70000000-7fbf70021000 rw-p 00000000 00:00 0 
7fbf70021000-7fbf74000000 ---p 00000000 00:00 0 
7fbf74000000-7fbf74021000 rw-p 00000000 00:00 0 
7fbf74021000-7fbf78000000 ---p 00000000 00:00 0 
7fbf78000000-7fbf78021000 rw-p 00000000 00:00 0 
7fbf78021000-7fbf7c000000 ---p 00000000 00:00 0 
7fbf7c000000-7fbf7c021000 rw-p 00000000 00:00 0 
7fbf7c021000-7fbf80000000 ---p 00000000 00:00 0 
7fbf80000000-7fbf80021000 rw-p 00000000 00:00 0 
7fbf80021000-7fbf84000000 ---p 00000000 00:00 0 
7fbf86e00000-7fbf87000000 rw-p 00000000 00:00 0 
7fbf87000000-7fbf87200000 rw-p 00000000 00:00 0 
7fbf87200000-7fbf87400000 rw-p 00000000 00:00 0 
7fbf87400000-7fbf87600000 rw-p 00000000 00:00 0 
7fbf87600000-7fbf87800000 rw-p 00000000 00:00 0 
7fbf87800000-7fbf87a00000 rw-p 00000000 00:00 0 
7fbf87a00000-7fbf87c00000 rw-p 00000000 00:00 0 
7fbf87c00000-7fbf87e00000 rw-p 00000000 00:00 0 
7fbf87e00000-7fbf88000000 rw-p 00000000 00:00 0 
7fbf88000000-7fbf88021000 rw-p 00000000 00:00 0 
7fbf88021000-7fbf8c000000 ---p 00000000 00:00 0 
7fbf8c174000-7fbf8c179000 r--s 002f8000 08:06 2887461                    /usr/lib/jvm/java-8-openjdk-amd64/jre/lib/charsets.jar
7fbf8c179000-7fbf8c17c000 r--s 00015000 08:06 2887490                    /usr/lib/jvm/java-8-openjdk-amd64/jre/lib/jce.jar
7fbf8c17c000-7fbf8c18f000 r--s 00345000 08:06 2887460                    /usr/lib/jvm/java-8-openjdk-amd64/jre/lib/resources.jar
7fbf8c18f000-7fbf8c38f000 rw-p 00000000 00:00 0 
7fbf8c38f000-7fbf8c58f000 rw-p 00000000 00:00 0 
7fbf8c58f000-7fbf8c607000 r--s 010ee000 08:06 2887890                    /usr/lib/jvm/java-8-openjdk-amd64/lib/tools.jar
7fbf8c607000-7fbf8c807000 rw-p 00000000 00:00 0 
7fbf8c807000-7fbf8c80c000 r--s 00094000 08:06 2887456                    /usr/lib/jvm/java-8-openjdk-amd64/jre/lib/jsse.jar
7fbf8c80c000-7fbf8c80f000 ---p 00000000 00:00 0 
7fbf8c80f000-7fbf8ca45000 rw-p 00000000 00:00 0                          [stack:2578]
7fbf8ca45000-7fbf8ca47000 r--s 0000b000 08:15 13763212                   /home/cotlowski/.sbt/boot/scala-2.10.4/org.scala-sbt/sbt/0.13.8/xsbti/interface-0.13.8.jar
7fbf8ca47000-7fbf8ca4a000 r--s 0001a000 08:15 13763236                   /home/cotlowski/.sbt/boot/scala-2.10.4/org.scala-sbt/sbt/0.13.8/cache-0.13.8.jar
7fbf8ca4a000-7fbf8cc4a000 rw-p 00000000 00:00 0 
7fbf8cc4a000-7fbf8cc4d000 r--s 00018000 08:15 13763213                   /home/cotlowski/.sbt/boot/scala-2.10.4/org.scala-sbt/sbt/0.13.8/logging-0.13.8.jar
7fbf8cc4d000-7fbf8cc4e000 r--s 00005000 08:15 13763210                   /home/cotlowski/.sbt/boot/scala-2.10.4/org.scala-sbt/sbt/0.13.8/test-agent-0.13.8.jar
7fbf8cc4e000-7fbf8cc84000 r--s 002d9000 08:15 13763205                   /home/cotlowski/.sbt/boot/scala-2.10.4/org.scala-sbt/sbt/0.13.8/scala-reflect-2.10.4.jar
7fbf8cc84000-7fbf8cc93000 r--s 000bb000 08:15 13763224                   /home/cotlowski/.sbt/boot/scala-2.10.4/org.scala-sbt/sbt/0.13.8/scala-pickling_2.10-0.10.0.jar
7fbf8cc93000-7fbf8cc96000 r--s 0001d000 08:15 13763204                   /home/cotlowski/.sbt/boot/scala-2.10.4/org.scala-sbt/sbt/0.13.8/task-system-0.13.8.jar
7fbf8cc96000-7fbf8ccc2000 r--s 00235000 08:15 13763245                   /home/cotlowski/.sbt/boot/scala-2.10.4/org.scala-sbt/sbt/0.13.8/main-0.13.8.jar
7fbf8ccc2000-7fbf8ccc3000 r--s 00001000 08:15 13763233                   /home/cotlowski/.sbt/boot/scala-2.10.4/org.scala-sbt/sbt/0.13.8/json4s-support_2.10-0.6.0.jar
7fbf8ccc3000-7fbf8ccc8000 r--s 00024000 08:15 13763198                   /home/cotlowski/.sbt/boot/scala-2.10.4/org.scala-sbt/sbt/0.13.8/persist-0.13.8.jar
7fbf8ccc8000-7fbf8ccd2000 r--s 00085000 08:15 13763249                   /home/cotlowski/.sbt/boot/scala-2.10.4/org.scala-sbt/sbt/0.13.8/json4s-core_2.10-3.2.10.jar
7fbf8ccd2000-7fbf8ccd5000 r--s 0001c000 08:15 13763252                   /home/cotlowski/.sbt/boot/scala-2.10.4/org.scala-sbt/sbt/0.13.8/compiler-integration-0.13.8.jar
7fbf8ccd5000-7fbf8ccd7000 r--s 00006000 08:15 13763235                   /home/cotlowski/.sbt/boot/scala-2.10.4/org.scala-sbt/sbt/0.13.8/relation-0.13.8.jar
7fbf8ccd7000-7fbf8ccdb000 r--s 0001b000 08:15 13763197                   /home/cotlowski/.sbt/boot/scala-2.10.4/org.scala-sbt/sbt/0.13.8/process-0.13.8.jar
7fbf8ccdb000-7fbf8ccdd000 r--s 00013000 08:15 13763209                   /home/cotlowski/.sbt/boot/scala-2.10.4/org.scala-sbt/sbt/0.13.8/json4s-ast_2.10-3.2.10.jar
7fbf8ccdd000-7fbf8cce0000 r--s 00012000 08:15 13763228                   /home/cotlowski/.sbt/boot/scala-2.10.4/org.scala-sbt/sbt/0.13.8/classfile-0.13.8.jar
7fbf8cce0000-7fbf8cce1000 r--s 00005000 08:15 13763232                   /home/cotlowski/.sbt/boot/scala-2.10.4/org.scala-sbt/sbt/0.13.8/sbt-0.13.8.jar
7fbf8cce1000-7fbf8cce8000 r--s 0004b000 08:15 13763251                   /home/cotlowski/.sbt/boot/scala-2.10.4/org.scala-sbt/sbt/0.13.8/serialization_2.10-0.1.1.jar
7fbf8cce8000-7fbf8ccfe000 r--s 00100000 08:15 13763202                   /home/cotlowski/.sbt/boot/scala-2.10.4/org.scala-sbt/sbt/0.13.8/ivy-2.3.0-sbt-fccfbd44c9f64523b61398a0155784dcbaeae28f.jar
7fbf8ccfe000-7fbf8cd08000 r--s 00092000 08:15 13763244                   /home/cotlowski/.sbt/boot/scala-2.10.4/org.scala-sbt/sbt/0.13.8/main-settings-0.13.8.jar
7fbf8cd08000-7fbf8cd10000 r--s 00057000 08:15 13763229                   /home/cotlowski/.sbt/boot/scala-2.10.4/org.scala-sbt/sbt/0.13.8/completion-0.13.8.jar
7fbf8cd10000-7fbf8cd1c000 r--s 000a4000 08:15 13763239                   /home/cotlowski/.sbt/boot/scala-2.10.4/org.scala-sbt/sbt/0.13.8/quasiquotes_2.10-2.0.1.jar
7fbf8cd1c000-7fbf8cd1f000 r--s 0001d000 08:15 13763217                   /home/cotlowski/.sbt/boot/scala-2.10.4/org.scala-sbt/sbt/0.13.8/tasks-0.13.8.jar
7fbf8cd1f000-7fbf8cd26000 r--s 00049000 08:15 13763200                   /home/cotlowski/.sbt/boot/scala-2.10.4/org.scala-sbt/sbt/0.13.8/api-0.13.8.jar
7fbf8cd26000-7fbf8cd46000 r--s 001a4000 08:15 13763218                   /home/cotlowski/.sbt/boot/scala-2.10.4/org.scala-sbt/sbt/0.13.8/ivy-0.13.8.jar
7fbf8cd46000-7fbf8cd49000 r--s 0001e000 08:15 13763203                   /home/cotlowski/.sbt/boot/scala-2.10.4/org.scala-sbt/sbt/0.13.8/run-0.13.8.jar
7fbf8cd49000-7fbf8cd4f000 r--s 0003d000 08:15 13763220                   /home/cotlowski/.sbt/boot/scala-2.10.4/org.scala-sbt/sbt/0.13.8/io-0.13.8.jar
7fbf8cd4f000-7fbf8cd58000 r--s 0006e000 08:15 13763215                   /home/cotlowski/.sbt/boot/scala-2.10.4/org.scala-sbt/sbt/0.13.8/actions-0.13.8.jar
7fbf8cd58000-7fbf8cd5a000 r--s 00012000 08:15 13763195                   /home/cotlowski/.sbt/boot/scala-2.10.4/org.scala-sbt/sbt/0.13.8/jawn-parser_2.10-0.6.0.jar
7fbf8cd5a000-7fbf8cd5c000 r--s 00002000 08:15 13763199                   /home/cotlowski/.sbt/boot/scala-2.10.4/org.scala-sbt/sbt/0.13.8/control-0.13.8.jar
7fbf8cd5c000-7fbf8cd5e000 r--s 00001000 08:15 13763206                   /home/cotlowski/.sbt/boot/scala-2.10.4/org.scala-sbt/sbt/0.13.8/launcher-interface-0.13.8.jar
7fbf8cd5e000-7fbf8cd62000 r--s 00034000 08:15 13763248                   /home/cotlowski/.sbt/boot/scala-2.10.4/org.scala-sbt/sbt/0.13.8/jsch-0.1.46.jar
7fbf8cd62000-7fbf8cd64000 r--s 0000b000 08:15 13763223                   /home/cotlowski/.sbt/boot/scala-2.10.4/org.scala-sbt/sbt/0.13.8/tracking-0.13.8.jar
7fbf8cd64000-7fbf8cd67000 r--s 00030000 08:15 13763227                   /home/cotlowski/.sbt/boot/scala-2.10.4/org.scala-sbt/sbt/0.13.8/jline-2.11.jar
7fbf8cd67000-7fbf8cd69000 r--s 00001000 08:15 13763222                   /home/cotlowski/.sbt/boot/scala-2.10.4/org.scala-sbt/sbt/0.13.8/compiler-ivy-integration-0.13.8.jar
7fbf8cd69000-7fbf8cd6d000 r--s 00022000 08:15 13763240                   /home/cotlowski/.sbt/boot/scala-2.10.4/org.scala-sbt/sbt/0.13.8/sbinary_2.10-0.4.2.jar
7fbf8cd6d000-7fbf8cd6e000 r--s 00001000 08:15 13763219                   /home/cotlowski/.sbt/boot/scala-2.10.4/org.scala-sbt/sbt/0.13.8/cross-0.13.8.jar
7fbf8cd6e000-7fbf8cd78000 r--s 0006e000 08:15 13763201                   /home/cotlowski/.sbt/boot/scala-2.10.4/org.scala-sbt/sbt/0.13.8/incremental-compiler-0.13.8.jar
7fbf8cd78000-7fbf8cd7a000 r--s 00007000 08:15 13763238                   /home/cotlowski/.sbt/boot/scala-2.10.4/org.scala-sbt/sbt/0.13.8/paranamer-2.6.jar
7fbf8cd7a000-7fbf8cd82000 r--s 00060000 08:15 13763214                   /home/cotlowski/.sbt/boot/scala-2.10.4/org.scala-sbt/sbt/0.13.8/collections-0.13.8.jar
7fbf8cd82000-7fbf8cd87000 r--s 00036000 08:15 13763196                   /home/cotlowski/.sbt/boot/scala-2.10.4/org.scala-sbt/sbt/0.13.8/command-0.13.8.jar
7fbf8cd87000-7fbf8cd8c000 r--s 00036000 08:15 13763234                   /home/cotlowski/.sbt/boot/scala-2.10.4/org.scala-sbt/sbt/0.13.8/compile-0.13.8.jar
7fbf8cd8c000-7fbf8cd8e000 r--s 00002000 08:15 13763237                   /home/cotlowski/.sbt/boot/scala-2.10.4/org.scala-sbt/sbt/0.13.8/test-interface-1.0.jar
7fbf8cd8e000-7fbf8cd91000 r--s 00013000 08:15 13763221                   /home/cotlowski/.sbt/boot/scala-2.10.4/org.scala-sbt/sbt/0.13.8/classpath-0.13.8.jar
7fbf8cd91000-7fbf8cd93000 r--s 00017000 08:15 13763243                   /home/cotlowski/.sbt/boot/scala-2.10.4/org.scala-sbt/sbt/0.13.8/testing-0.13.8.jar
7fbf8cd93000-7fbf8cd95000 r--s 0000e000 08:15 13763216                   /home/cotlowski/.sbt/boot/scala-2.10.4/org.scala-sbt/sbt/0.13.8/logic-0.13.8.jar
7fbf8cd95000-7fbf8cd97000 r--s 00014000 08:15 13763250                   /home/cotlowski/.sbt/boot/scala-2.10.4/org.scala-sbt/sbt/0.13.8/apply-macro-0.13.8.jar
7fbf8cd97000-7fbf8cdcd000 r--s 002d9000 08:15 13763270                   /home/cotlowski/.sbt/boot/scala-2.10.4/lib/scala-reflect.jar
7fbf8cdcd000-7fbf8ceca000 r--s 00cca000 08:15 13763269                   /home/cotlowski/.sbt/boot/scala-2.10.4/lib/scala-compiler.jar
7fbf8ceca000-7fbf8cece000 r--s 00025000 08:15 13763268                   /home/cotlowski/.sbt/boot/scala-2.10.4/lib/jline.jar
7fbf8cece000-7fbf8ced1000 r--s 00018000 08:15 13763267                   /home/cotlowski/.sbt/boot/scala-2.10.4/lib/jansi.jar
7fbf8ced1000-7fbf8cf43000 r--s 0065a000 08:15 13763271                   /home/cotlowski/.sbt/boot/scala-2.10.4/lib/scala-library.jar
7fbf8cf43000-7fbf8d143000 rw-p 00000000 00:00 0 
7fbf8d143000-7fbf8d145000 r--s 00002000 08:15 13632840                   /home/cotlowski/.sbt/boot/scala-2.11.6/com.typesafe.activator/activator-launcher/1.3.4/control_2.11-0.13.8.jar
7fbf8d145000-7fbf8d14c000 r--s 00042000 08:15 13632850                   /home/cotlowski/.sbt/boot/scala-2.11.6/com.typesafe.activator/activator-launcher/1.3.4/activator-templates-cache-1.0-a0afb008ea619bf9d87dc010156cddffa8a6f880.jar
7fbf8d14c000-7fbf8d157000 r--s 0005c000 08:15 13632848                   /home/cotlowski/.sbt/boot/scala-2.11.6/com.typesafe.activator/activator-launcher/1.3.4/scala-parser-combinators_2.11-1.0.1.jar
7fbf8d157000-7fbf8d15d000 r--s 0003b000 08:15 13632852                   /home/cotlowski/.sbt/boot/scala-2.11.6/com.typesafe.activator/activator-launcher/1.3.4/io_2.11-0.13.8.jar
7fbf8d15d000-7fbf8d15f000 r--s 00001000 08:15 13632859                   /home/cotlowski/.sbt/boot/scala-2.11.6/com.typesafe.activator/activator-launcher/1.3.4/launcher-interface-0.13.8.jar
7fbf8d15f000-7fbf8d184000 r--s 001f7000 08:15 13632853                   /home/cotlowski/.sbt/boot/scala-2.11.6/com.typesafe.activator/activator-launcher/1.3.4/lucene-core-4.3.0.jar
7fbf8d184000-7fbf8d194000 r--s 0016e000 08:15 13632866                   /home/cotlowski/.sbt/boot/scala-2.11.6/com.typesafe.activator/activator-launcher/1.3.4/lucene-analyzers-common-4.3.0.jar
7fbf8d194000-7fbf8d254000 r--s 0072c000 08:15 13632844                   /home/cotlowski/.sbt/boot/scala-2.11.6/com.typesafe.activator/activator-launcher/1.3.4/aws-java-sdk-1.3.29.jar
7fbf8d254000-7fbf8d25a000 r--s 0003d000 08:15 13632869                   /home/cotlowski/.sbt/boot/scala-2.11.6/com.typesafe.activator/activator-launcher/1.3.4/activator-common-1.0-a0afb008ea619bf9d87dc010156cddffa8a6f880.jar
7fbf8d25a000-7fbf8d267000 r--s 00097000 08:15 13632865                   /home/cotlowski/.sbt/boot/scala-2.11.6/com.typesafe.activator/activator-launcher/1.3.4/jackson-mapper-asl-1.8.9.jar
7fbf8d267000-7fbf8d26f000 r--s 0004e000 08:15 13632867                   /home/cotlowski/.sbt/boot/scala-2.11.6/com.typesafe.activator/activator-launcher/1.3.4/httpclient-4.1.jar
7fbf8d26f000-7fbf8d27a000 r--s 00096000 08:15 13632855                   /home/cotlowski/.sbt/boot/scala-2.11.6/com.typesafe.activator/activator-launcher/1.3.4/scala-xml_2.11-1.0.1.jar
7fbf8d27a000-7fbf8d2c6000 r--s 003f3000 08:15 13762571                   /home/cotlowski/.sbt/boot/scala-2.11.6/lib/scala-reflect.jar
7fbf8d2c6000-7fbf8d3c1000 r--s 00c99000 08:15 13762568                   /home/cotlowski/.sbt/boot/scala-2.11.6/lib/scala-compiler.jar
7fbf8d3c1000-7fbf8d3cc000 r--s 00094000 08:15 13762569                   /home/cotlowski/.sbt/boot/scala-2.11.6/lib/scala-xml_2.11.jar
7fbf8d3cc000-7fbf8d425000 r--s 004f6000 08:15 13762567                   /home/cotlowski/.sbt/boot/scala-2.11.6/lib/scala-library.jar
7fbf8d425000-7fbf8d436000 r-xp 00000000 08:06 2887446                    /usr/lib/jvm/java-8-openjdk-amd64/jre/lib/amd64/libnio.so
7fbf8d436000-7fbf8d635000 ---p 00011000 08:06 2887446                    /usr/lib/jvm/java-8-openjdk-amd64/jre/lib/amd64/libnio.so
7fbf8d635000-7fbf8d636000 r--p 00010000 08:06 2887446                    /usr/lib/jvm/java-8-openjdk-amd64/jre/lib/amd64/libnio.so
7fbf8d636000-7fbf8d637000 rw-p 00011000 08:06 2887446                    /usr/lib/jvm/java-8-openjdk-amd64/jre/lib/amd64/libnio.so
7fbf8d637000-7fbf8d938000 rw-p 00000000 00:00 0 
7fbf8d938000-7fbf8d94f000 r-xp 00000000 08:06 2887427                    /usr/lib/jvm/java-8-openjdk-amd64/jre/lib/amd64/libnet.so
7fbf8d94f000-7fbf8db4e000 ---p 00017000 08:06 2887427                    /usr/lib/jvm/java-8-openjdk-amd64/jre/lib/amd64/libnet.so
7fbf8db4e000-7fbf8db4f000 r--p 00016000 08:06 2887427                    /usr/lib/jvm/java-8-openjdk-amd64/jre/lib/amd64/libnet.so
7fbf8db4f000-7fbf8db50000 rw-p 00017000 08:06 2887427                    /usr/lib/jvm/java-8-openjdk-amd64/jre/lib/amd64/libnet.so
7fbf8db50000-7fbf8db51000 ---p 00000000 00:00 0 
7fbf8db51000-7fbf8dc51000 rw-p 00000000 00:00 0                          [stack:2575]
7fbf8dc51000-7fbf8dc54000 ---p 00000000 00:00 0 
7fbf8dc54000-7fbf8dd52000 rw-p 00000000 00:00 0                          [stack:2574]
7fbf8dd52000-7fbf8dd55000 ---p 00000000 00:00 0 
7fbf8dd55000-7fbf8de53000 rw-p 00000000 00:00 0                          [stack:2573]
7fbf8de53000-7fbf8de56000 ---p 00000000 00:00 0 
7fbf8de56000-7fbf8df54000 rw-p 00000000 00:00 0                          [stack:2572]
7fbf8df54000-7fbf8df57000 ---p 00000000 00:00 0 
7fbf8df57000-7fbf8e055000 rw-p 00000000 00:00 0                          [stack:2571]
7fbf8e055000-7fbf8e05a000 r-xp 00000000 08:06 8003903                    /usr/lib/x86_64-linux-gnu/libXdmcp.so.6.0.0
7fbf8e05a000-7fbf8e259000 ---p 00005000 08:06 8003903                    /usr/lib/x86_64-linux-gnu/libXdmcp.so.6.0.0
7fbf8e259000-7fbf8e25a000 r--p 00004000 08:06 8003903                    /usr/lib/x86_64-linux-gnu/libXdmcp.so.6.0.0
7fbf8e25a000-7fbf8e25b000 rw-p 00005000 08:06 8003903                    /usr/lib/x86_64-linux-gnu/libXdmcp.so.6.0.0
7fbf8e25b000-7fbf8e25d000 r-xp 00000000 08:06 8003892                    /usr/lib/x86_64-linux-gnu/libXau.so.6.0.0
7fbf8e25d000-7fbf8e45d000 ---p 00002000 08:06 8003892                    /usr/lib/x86_64-linux-gnu/libXau.so.6.0.0
7fbf8e45d000-7fbf8e45e000 r--p 00002000 08:06 8003892                    /usr/lib/x86_64-linux-gnu/libXau.so.6.0.0
7fbf8e45e000-7fbf8e45f000 rw-p 00003000 08:06 8003892                    /usr/lib/x86_64-linux-gnu/libXau.so.6.0.0
7fbf8e45f000-7fbf8e47c000 r-xp 00000000 08:06 8005090                    /usr/lib/x86_64-linux-gnu/libxcb.so.1.1.0
7fbf8e47c000-7fbf8e67c000 ---p 0001d000 08:06 8005090                    /usr/lib/x86_64-linux-gnu/libxcb.so.1.1.0
7fbf8e67c000-7fbf8e67d000 r--p 0001d000 08:06 8005090                    /usr/lib/x86_64-linux-gnu/libxcb.so.1.1.0
7fbf8e67d000-7fbf8e67e000 rw-p 0001e000 08:06 8005090                    /usr/lib/x86_64-linux-gnu/libxcb.so.1.1.0
7fbf8e67e000-7fbf8e7b1000 r-xp 00000000 08:06 8003888                    /usr/lib/x86_64-linux-gnu/libX11.so.6.3.0
7fbf8e7b1000-7fbf8e9b1000 ---p 00133000 08:06 8003888                    /usr/lib/x86_64-linux-gnu/libX11.so.6.3.0
7fbf8e9b1000-7fbf8e9b2000 r--p 00133000 08:06 8003888                    /usr/lib/x86_64-linux-gnu/libX11.so.6.3.0
7fbf8e9b2000-7fbf8e9b6000 rw-p 00134000 08:06 8003888                    /usr/lib/x86_64-linux-gnu/libX11.so.6.3.0
7fbf8e9b6000-7fbf8e9b7000 rw-p 00000000 00:00 0 
7fbf8e9b7000-7fbf8e9ba000 r--s 00030000 08:15 13632857                   /home/cotlowski/.sbt/boot/scala-2.11.6/com.typesafe.activator/activator-launcher/1.3.4/jline-2.11.jar
7fbf8e9ba000-7fbf8e9be000 r--s 00014000 08:15 13632854                   /home/cotlowski/.sbt/boot/scala-2.11.6/com.typesafe.activator/activator-launcher/1.3.4/xz-1.0.jar
7fbf8e9be000-7fbf8e9c1000 r--s 0001b000 08:15 13632861                   /home/cotlowski/.sbt/boot/scala-2.11.6/com.typesafe.activator/activator-launcher/1.3.4/activator-launcher-1.3.4.jar
7fbf8e9c1000-7fbf8e9cc000 r--s 0005b000 08:15 13762566                   /home/cotlowski/.sbt/boot/scala-2.11.6/lib/scala-parser-combinators_2.11.jar
7fbf8e9cc000-7fbf8e9d0000 r--s 00031000 08:15 13762570                   /home/cotlowski/.sbt/boot/scala-2.11.6/lib/jline.jar
7fbf8e9d0000-7fbf8e9d2000 r-xp 00000000 08:06 8000926                    /usr/lib/jayatana/libjayatanaag.so
7fbf8e9d2000-7fbf8ebd1000 ---p 00002000 08:06 8000926                    /usr/lib/jayatana/libjayatanaag.so
7fbf8ebd1000-7fbf8ebd2000 r--p 00001000 08:06 8000926                    /usr/lib/jayatana/libjayatanaag.so
7fbf8ebd2000-7fbf8ebd3000 rw-p 00002000 08:06 8000926                    /usr/lib/jayatana/libjayatanaag.so
7fbf8ebd3000-7fbf8ebef000 r--s 0010d000 08:15 12848394                   /home/cotlowski/Downloads/activator-1.3.4/activator-launch-1.3.4.jar
7fbf8ebef000-7fbf8ebf5000 r--s 0003a000 08:06 2887468                    /usr/lib/jvm/java-8-openjdk-amd64/jre/lib/ext/sunjce_provider.jar
7fbf8ebf5000-7fbf8ec11000 r--s 00393000 08:06 2887463                    /usr/lib/jvm/java-8-openjdk-amd64/jre/lib/ext/cldrdata.jar
7fbf8ec11000-7fbf8ec14000 ---p 00000000 00:00 0 
7fbf8ec14000-7fbf8ed12000 rw-p 00000000 00:00 0                          [stack:2570]
7fbf8ed12000-7fbf8f3f4000 r--p 00000000 08:06 8002918                    /usr/lib/locale/locale-archive
7fbf8f3f4000-7fbf8f3f7000 ---p 00000000 00:00 0 
7fbf8f3f7000-7fbf8f4f5000 rw-p 00000000 00:00 0                          [stack:2569]
7fbf8f4f5000-7fbf8f4f8000 ---p 00000000 00:00 0 
7fbf8f4f8000-7fbf8f5f6000 rw-p 00000000 00:00 0                          [stack:2568]
7fbf8f5f6000-7fbf8f5f7000 ---p 00000000 00:00 0 
7fbf8f5f7000-7fbf90000000 rw-p 00000000 00:00 0                          [stack:2567]
7fbf90000000-7fbf90021000 rw-p 00000000 00:00 0 
7fbf90021000-7fbf94000000 ---p 00000000 00:00 0 
7fbf94000000-7fbf94001000 r--s 00001000 08:15 13632858                   /home/cotlowski/.sbt/boot/scala-2.11.6/com.typesafe.activator/activator-launcher/1.3.4/activator-props-1.3.4.jar
7fbf94001000-7fbf94607000 rw-p 00000000 00:00 0 
7fbf94607000-7fbf947d4000 r--s 03bd3000 08:06 2887489                    /usr/lib/jvm/java-8-openjdk-amd64/jre/lib/rt.jar
7fbf947d4000-7fbf9724a000 rw-p 00000000 00:00 0 
7fbf9724a000-7fbf9724b000 ---p 00000000 00:00 0 
7fbf9724b000-7fbf9734b000 rw-p 00000000 00:00 0                          [stack:2566]
7fbf9734b000-7fbf9734c000 ---p 00000000 00:00 0 
7fbf9734c000-7fbf9744c000 rw-p 00000000 00:00 0                          [stack:2565]
7fbf9744c000-7fbf9744d000 ---p 00000000 00:00 0 
7fbf9744d000-7fbf9754d000 rw-p 00000000 00:00 0                          [stack:2564]
7fbf9754d000-7fbf9754e000 ---p 00000000 00:00 0 
7fbf9754e000-7fbf979e4000 rw-p 00000000 00:00 0                          [stack:2563]
7fbf979e4000-7fbf97d65000 ---p 00000000 00:00 0 
7fbf97d65000-7fbf98d15000 rwxp 00000000 00:00 0 
7fbf98d15000-7fbfa6d65000 ---p 00000000 00:00 0 
7fbfa6d65000-7fbfa6d6d000 r-xp 00000000 08:06 2887420                    /usr/lib/jvm/java-8-openjdk-amd64/jre/lib/amd64/libzip.so
7fbfa6d6d000-7fbfa6f6c000 ---p 00008000 08:06 2887420                    /usr/lib/jvm/java-8-openjdk-amd64/jre/lib/amd64/libzip.so
7fbfa6f6c000-7fbfa6f6d000 r--p 00007000 08:06 2887420                    /usr/lib/jvm/java-8-openjdk-amd64/jre/lib/amd64/libzip.so
7fbfa6f6d000-7fbfa6f6e000 rw-p 00008000 08:06 2887420                    /usr/lib/jvm/java-8-openjdk-amd64/jre/lib/amd64/libzip.so
7fbfa6f6e000-7fbfa6f7a000 r-xp 00000000 08:06 7606560                    /lib/x86_64-linux-gnu/libnss_files-2.21.so
7fbfa6f7a000-7fbfa7179000 ---p 0000c000 08:06 7606560                    /lib/x86_64-linux-gnu/libnss_files-2.21.so
7fbfa7179000-7fbfa717a000 r--p 0000b000 08:06 7606560                    /lib/x86_64-linux-gnu/libnss_files-2.21.so
7fbfa717a000-7fbfa717b000 rw-p 0000c000 08:06 7606560                    /lib/x86_64-linux-gnu/libnss_files-2.21.so
7fbfa717b000-7fbfa7186000 r-xp 00000000 08:06 7606570                    /lib/x86_64-linux-gnu/libnss_nis-2.21.so
7fbfa7186000-7fbfa7385000 ---p 0000b000 08:06 7606570                    /lib/x86_64-linux-gnu/libnss_nis-2.21.so
7fbfa7385000-7fbfa7386000 r--p 0000a000 08:06 7606570                    /lib/x86_64-linux-gnu/libnss_nis-2.21.so
7fbfa7386000-7fbfa7387000 rw-p 0000b000 08:06 7606570                    /lib/x86_64-linux-gnu/libnss_nis-2.21.so
7fbfa7387000-7fbfa739e000 r-xp 00000000 08:06 7606554                    /lib/x86_64-linux-gnu/libnsl-2.21.so
7fbfa739e000-7fbfa759d000 ---p 00017000 08:06 7606554                    /lib/x86_64-linux-gnu/libnsl-2.21.so
7fbfa759d000-7fbfa759e000 r--p 00016000 08:06 7606554                    /lib/x86_64-linux-gnu/libnsl-2.21.so
7fbfa759e000-7fbfa759f000 rw-p 00017000 08:06 7606554                    /lib/x86_64-linux-gnu/libnsl-2.21.so
7fbfa759f000-7fbfa75a1000 rw-p 00000000 00:00 0 
7fbfa75a1000-7fbfa75a9000 r-xp 00000000 08:06 7606556                    /lib/x86_64-linux-gnu/libnss_compat-2.21.so
7fbfa75a9000-7fbfa77a8000 ---p 00008000 08:06 7606556                    /lib/x86_64-linux-gnu/libnss_compat-2.21.so
7fbfa77a8000-7fbfa77a9000 r--p 00007000 08:06 7606556                    /lib/x86_64-linux-gnu/libnss_compat-2.21.so
7fbfa77a9000-7fbfa77aa000 rw-p 00008000 08:06 7606556                    /lib/x86_64-linux-gnu/libnss_compat-2.21.so
7fbfa77aa000-7fbfa77b4000 r-xp 00000000 08:06 2887439                    /usr/lib/jvm/java-8-openjdk-amd64/jre/lib/amd64/libinstrument.so
7fbfa77b4000-7fbfa79b3000 ---p 0000a000 08:06 2887439                    /usr/lib/jvm/java-8-openjdk-amd64/jre/lib/amd64/libinstrument.so
7fbfa79b3000-7fbfa79b4000 r--p 00009000 08:06 2887439                    /usr/lib/jvm/java-8-openjdk-amd64/jre/lib/amd64/libinstrument.so
7fbfa79b4000-7fbfa79b5000 rw-p 0000a000 08:06 2887439                    /usr/lib/jvm/java-8-openjdk-amd64/jre/lib/amd64/libinstrument.so
7fbfa79b5000-7fbfa79e3000 r-xp 00000000 08:06 2887417                    /usr/lib/jvm/java-8-openjdk-amd64/jre/lib/amd64/libjava.so
7fbfa79e3000-7fbfa7be2000 ---p 0002e000 08:06 2887417                    /usr/lib/jvm/java-8-openjdk-amd64/jre/lib/amd64/libjava.so
7fbfa7be2000-7fbfa7be3000 r--p 0002d000 08:06 2887417                    /usr/lib/jvm/java-8-openjdk-amd64/jre/lib/amd64/libjava.so
7fbfa7be3000-7fbfa7be5000 rw-p 0002e000 08:06 2887417                    /usr/lib/jvm/java-8-openjdk-amd64/jre/lib/amd64/libjava.so
7fbfa7be5000-7fbfa7bf4000 r-xp 00000000 08:06 2887432                    /usr/lib/jvm/java-8-openjdk-amd64/jre/lib/amd64/libverify.so
7fbfa7bf4000-7fbfa7df4000 ---p 0000f000 08:06 2887432                    /usr/lib/jvm/java-8-openjdk-amd64/jre/lib/amd64/libverify.so
7fbfa7df4000-7fbfa7df7000 r--p 0000f000 08:06 2887432                    /usr/lib/jvm/java-8-openjdk-amd64/jre/lib/amd64/libverify.so
7fbfa7df7000-7fbfa7df8000 rw-p 00012000 08:06 2887432                    /usr/lib/jvm/java-8-openjdk-amd64/jre/lib/amd64/libverify.so
7fbfa7df8000-7fbfa7dff000 r-xp 00000000 08:06 7606615                    /lib/x86_64-linux-gnu/librt-2.21.so
7fbfa7dff000-7fbfa7ffe000 ---p 00007000 08:06 7606615                    /lib/x86_64-linux-gnu/librt-2.21.so
7fbfa7ffe000-7fbfa7fff000 r--p 00006000 08:06 7606615                    /lib/x86_64-linux-gnu/librt-2.21.so
7fbfa7fff000-7fbfa8000000 rw-p 00007000 08:06 7606615                    /lib/x86_64-linux-gnu/librt-2.21.so
7fbfa8000000-7fbfa9c83000 rw-p 00000000 00:00 0 
7fbfa9c83000-7fbfac000000 ---p 00000000 00:00 0 
7fbfac000000-7fbfac002000 r--s 00003000 08:15 13632856                   /home/cotlowski/.sbt/boot/scala-2.11.6/com.typesafe.activator/activator-launcher/1.3.4/activator-ui-common-1.3.4.jar
7fbfac002000-7fbfac004000 r--s 00006000 08:06 266985                     /usr/share/java/jayatana.jar
7fbfac004000-7fbfac005000 r--s 00000000 08:06 266986                     /usr/share/java/jayatanaag.jar
7fbfac005000-7fbfac01b000 r-xp 00000000 08:06 7606503                    /lib/x86_64-linux-gnu/libgcc_s.so.1
7fbfac01b000-7fbfac21a000 ---p 00016000 08:06 7606503                    /lib/x86_64-linux-gnu/libgcc_s.so.1
7fbfac21a000-7fbfac21b000 rw-p 00015000 08:06 7606503                    /lib/x86_64-linux-gnu/libgcc_s.so.1
7fbfac21b000-7fbfac322000 r-xp 00000000 08:06 7606533                    /lib/x86_64-linux-gnu/libm-2.21.so
7fbfac322000-7fbfac521000 ---p 00107000 08:06 7606533                    /lib/x86_64-linux-gnu/libm-2.21.so
7fbfac521000-7fbfac522000 r--p 00106000 08:06 7606533                    /lib/x86_64-linux-gnu/libm-2.21.so
7fbfac522000-7fbfac523000 rw-p 00107000 08:06 7606533                    /lib/x86_64-linux-gnu/libm-2.21.so
7fbfac523000-7fbfac613000 r-xp 00000000 08:06 8004884                    /usr/lib/x86_64-linux-gnu/libstdc++.so.6.0.20
7fbfac613000-7fbfac813000 ---p 000f0000 08:06 8004884                    /usr/lib/x86_64-linux-gnu/libstdc++.so.6.0.20
7fbfac813000-7fbfac81b000 r--p 000f0000 08:06 8004884                    /usr/lib/x86_64-linux-gnu/libstdc++.so.6.0.20
7fbfac81b000-7fbfac81d000 rw-p 000f8000 08:06 8004884                    /usr/lib/x86_64-linux-gnu/libstdc++.so.6.0.20
7fbfac81d000-7fbfac832000 rw-p 00000000 00:00 0 
7fbfac832000-7fbfad4bf000 r-xp 00000000 08:06 2887444                    /usr/lib/jvm/java-8-openjdk-amd64/jre/lib/amd64/server/libjvm.so
7fbfad4bf000-7fbfad6bf000 ---p 00c8d000 08:06 2887444                    /usr/lib/jvm/java-8-openjdk-amd64/jre/lib/amd64/server/libjvm.so
7fbfad6bf000-7fbfad762000 r--p 00c8d000 08:06 2887444                    /usr/lib/jvm/java-8-openjdk-amd64/jre/lib/amd64/server/libjvm.so
7fbfad762000-7fbfad78b000 rw-p 00d30000 08:06 2887444                    /usr/lib/jvm/java-8-openjdk-amd64/jre/lib/amd64/server/libjvm.so
7fbfad78b000-7fbfad7ba000 rw-p 00000000 00:00 0 
7fbfad7ba000-7fbfad7d2000 r-xp 00000000 08:06 7606607                    /lib/x86_64-linux-gnu/libpthread-2.21.so
7fbfad7d2000-7fbfad9d2000 ---p 00018000 08:06 7606607                    /lib/x86_64-linux-gnu/libpthread-2.21.so
7fbfad9d2000-7fbfad9d3000 r--p 00018000 08:06 7606607                    /lib/x86_64-linux-gnu/libpthread-2.21.so
7fbfad9d3000-7fbfad9d4000 rw-p 00019000 08:06 7606607                    /lib/x86_64-linux-gnu/libpthread-2.21.so
7fbfad9d4000-7fbfad9d8000 rw-p 00000000 00:00 0 
7fbfad9d8000-7fbfad9db000 r-xp 00000000 08:06 7606491                    /lib/x86_64-linux-gnu/libdl-2.21.so
7fbfad9db000-7fbfadbda000 ---p 00003000 08:06 7606491                    /lib/x86_64-linux-gnu/libdl-2.21.so
7fbfadbda000-7fbfadbdb000 r--p 00002000 08:06 7606491                    /lib/x86_64-linux-gnu/libdl-2.21.so
7fbfadbdb000-7fbfadbdc000 rw-p 00003000 08:06 7606491                    /lib/x86_64-linux-gnu/libdl-2.21.so
7fbfadbdc000-7fbfadbf5000 r-xp 00000000 08:06 7606648                    /lib/x86_64-linux-gnu/libz.so.1.2.8
7fbfadbf5000-7fbfaddf5000 ---p 00019000 08:06 7606648                    /lib/x86_64-linux-gnu/libz.so.1.2.8
7fbfaddf5000-7fbfaddf6000 r--p 00019000 08:06 7606648                    /lib/x86_64-linux-gnu/libz.so.1.2.8
7fbfaddf6000-7fbfaddf7000 rw-p 0001a000 08:06 7606648                    /lib/x86_64-linux-gnu/libz.so.1.2.8
7fbfaddf7000-7fbfadfb7000 r-xp 00000000 08:06 7606474                    /lib/x86_64-linux-gnu/libc-2.21.so
7fbfadfb7000-7fbfae1b7000 ---p 001c0000 08:06 7606474                    /lib/x86_64-linux-gnu/libc-2.21.so
7fbfae1b7000-7fbfae1bb000 r--p 001c0000 08:06 7606474                    /lib/x86_64-linux-gnu/libc-2.21.so
7fbfae1bb000-7fbfae1bd000 rw-p 001c4000 08:06 7606474                    /lib/x86_64-linux-gnu/libc-2.21.so
7fbfae1bd000-7fbfae1c1000 rw-p 00000000 00:00 0 
7fbfae1c1000-7fbfae1cf000 r-xp 00000000 08:06 2887451                    /usr/lib/jvm/java-8-openjdk-amd64/jre/lib/amd64/jli/libjli.so
7fbfae1cf000-7fbfae3ce000 ---p 0000e000 08:06 2887451                    /usr/lib/jvm/java-8-openjdk-amd64/jre/lib/amd64/jli/libjli.so
7fbfae3ce000-7fbfae3cf000 r--p 0000d000 08:06 2887451                    /usr/lib/jvm/java-8-openjdk-amd64/jre/lib/amd64/jli/libjli.so
7fbfae3cf000-7fbfae3d0000 rw-p 0000e000 08:06 2887451                    /usr/lib/jvm/java-8-openjdk-amd64/jre/lib/amd64/jli/libjli.so
7fbfae3d0000-7fbfae3f4000 r-xp 00000000 08:06 7606446                    /lib/x86_64-linux-gnu/ld-2.21.so
7fbfae3f4000-7fbfae3f7000 r--s 00037000 08:06 2887471                    /usr/lib/jvm/java-8-openjdk-amd64/jre/lib/ext/sunpkcs11.jar
7fbfae3f7000-7fbfae411000 r--s 001d3000 08:06 2887464                    /usr/lib/jvm/java-8-openjdk-amd64/jre/lib/ext/nashorn.jar
7fbfae411000-7fbfae413000 r--s 00001000 08:06 2887469                    /usr/lib/jvm/java-8-openjdk-amd64/jre/lib/ext/dnsns.jar
7fbfae413000-7fbfae415000 r--s 00006000 08:06 268667                     /usr/share/java/java-atk-wrapper.jar
7fbfae415000-7fbfae416000 r--s 00008000 08:06 2887465                    /usr/lib/jvm/java-8-openjdk-amd64/jre/lib/ext/sunec.jar
7fbfae416000-7fbfae4d2000 rw-p 00000000 00:00 0 
7fbfae4d2000-7fbfae4d5000 ---p 00000000 00:00 0 
7fbfae4d5000-7fbfae5d8000 rw-p 00000000 00:00 0                          [stack:2562]
7fbfae5d8000-7fbfae5db000 r--s 0000f000 08:06 2887470                    /usr/lib/jvm/java-8-openjdk-amd64/jre/lib/ext/icedtea-sound.jar
7fbfae5db000-7fbfae5dc000 r--s 00010000 08:06 2887467                    /usr/lib/jvm/java-8-openjdk-amd64/jre/lib/ext/zipfs.jar
7fbfae5dc000-7fbfae5e7000 r--s 00116000 08:06 2887466                    /usr/lib/jvm/java-8-openjdk-amd64/jre/lib/ext/localedata.jar
7fbfae5e7000-7fbfae5ef000 rw-s 00000000 08:06 268805                     /tmp/hsperfdata_cotlowski/2516
7fbfae5ef000-7fbfae5f0000 rw-p 00000000 00:00 0 
7fbfae5f0000-7fbfae5f1000 r--p 00000000 00:00 0 
7fbfae5f1000-7fbfae5f3000 rw-p 00000000 00:00 0 
7fbfae5f3000-7fbfae5f4000 r--p 00023000 08:06 7606446                    /lib/x86_64-linux-gnu/ld-2.21.so
7fbfae5f4000-7fbfae5f5000 rw-p 00024000 08:06 7606446                    /lib/x86_64-linux-gnu/ld-2.21.so
7fbfae5f5000-7fbfae5f6000 rw-p 00000000 00:00 0 
7fff26cf8000-7fff26d19000 rw-p 00000000 00:00 0                          [stack]
7fff26dd3000-7fff26dd5000 r--p 00000000 00:00 0                          [vvar]
7fff26dd5000-7fff26dd7000 r-xp 00000000 00:00 0                          [vdso]
ffffffffff600000-ffffffffff601000 r-xp 00000000 00:00 0                  [vsyscall]

VM Arguments:
jvm_args: -javaagent:/usr/share/java/jayatanaag.jar -Dactivator.home=/home/cotlowski/Downloads/activator-1.3.4 -Xms1024m -Xmx1024m -XX:MetaspaceSize=64m -XX:MaxMetaspaceSize=256m 
java_command: /home/cotlowski/Downloads/activator-1.3.4/activator-launch-1.3.4.jar compile
java_class_path (initial): /home/cotlowski/Downloads/activator-1.3.4/activator-launch-1.3.4.jar:/usr/share/java/jayatanaag.jar
Launcher Type: SUN_STANDARD

Environment Variables:
JAVA_TOOL_OPTIONS=-javaagent:/usr/share/java/jayatanaag.jar 
PATH=/home/cotlowski/code/scala-2.11.6/bin:/usr/local/sbin:/usr/local/bin:/usr/sbin:/usr/bin:/sbin:/bin:/usr/games:/usr/local/games:/home/cotlowski/Downloads/activator-1.3.4
SHELL=/bin/bash
DISPLAY=:0

Signal Handlers:
SIGSEGV: [libjvm.so+0xa90d80], sa_mask[0]=11111111011111111101111111111110, sa_flags=SA_RESTART|SA_SIGINFO
SIGBUS: [libjvm.so+0xa90d80], sa_mask[0]=11111111011111111101111111111110, sa_flags=SA_RESTART|SA_SIGINFO
SIGFPE: [libjvm.so+0x8dbc70], sa_mask[0]=11111111011111111101111111111110, sa_flags=SA_RESTART|SA_SIGINFO
SIGPIPE: [libjvm.so+0x8dbc70], sa_mask[0]=11111111011111111101111111111110, sa_flags=SA_RESTART|SA_SIGINFO
SIGXFSZ: [libjvm.so+0x8dbc70], sa_mask[0]=11111111011111111101111111111110, sa_flags=SA_RESTART|SA_SIGINFO
SIGILL: [libjvm.so+0x8dbc70], sa_mask[0]=11111111011111111101111111111110, sa_flags=SA_RESTART|SA_SIGINFO
SIGUSR1: SIG_DFL, sa_mask[0]=00000000000000000000000000000000, sa_flags=none
SIGUSR2: [libjvm.so+0x8dbb20], sa_mask[0]=00000000000000000000000000000000, sa_flags=SA_RESTART|SA_SIGINFO
SIGHUP: [libjvm.so+0x8dbd40], sa_mask[0]=11111111011111111101111111111110, sa_flags=SA_RESTART|SA_SIGINFO
SIGINT: [libjvm.so+0x8dbd40], sa_mask[0]=11111111011111111101111111111110, sa_flags=SA_RESTART|SA_SIGINFO
SIGTERM: [libjvm.so+0x8dbd40], sa_mask[0]=11111111011111111101111111111110, sa_flags=SA_RESTART|SA_SIGINFO
SIGQUIT: [libjvm.so+0x8dbd40], sa_mask[0]=11111111011111111101111111111110, sa_flags=SA_RESTART|SA_SIGINFO


---------------  S Y S T E M  ---------------

OS:DISTRIB_ID=Ubuntu
DISTRIB_RELEASE=15.04
DISTRIB_CODENAME=vivid
DISTRIB_DESCRIPTION="Ubuntu 15.04"

uname:Linux 3.19.0-18-generic #18-Ubuntu SMP Tue May 19 18:31:35 UTC 2015 x86_64
libc:glibc 2.21 NPTL 2.21 
rlimit: STACK 8192k, CORE 0k, NPROC 31845, NOFILE 65536, AS infinity
load average:0.48 0.57 1.73

/proc/meminfo:
MemTotal:        8174784 kB
MemFree:         2108624 kB
MemAvailable:    4280392 kB
Buffers:          231000 kB
Cached:          2199528 kB
SwapCached:          192 kB
Active:          3029072 kB
Inactive:        1654668 kB
Active(anon):    1512908 kB
Inactive(anon):   883488 kB
Active(file):    1516164 kB
Inactive(file):   771180 kB
Unevictable:          48 kB
Mlocked:              48 kB
SwapTotal:      15624188 kB
SwapFree:       15612288 kB
Dirty:               196 kB
Writeback:             0 kB
AnonPages:       2253212 kB
Mapped:           791048 kB
Shmem:            143176 kB
Slab:             165996 kB
SReclaimable:     106732 kB
SUnreclaim:        59264 kB
KernelStack:       10288 kB
PageTables:        45732 kB
NFS_Unstable:          0 kB
Bounce:                0 kB
WritebackTmp:          0 kB
CommitLimit:    19711580 kB
Committed_AS:    8852900 kB
VmallocTotal:   34359738367 kB
VmallocUsed:      329056 kB
VmallocChunk:   34359406972 kB
HardwareCorrupted:     0 kB
AnonHugePages:   1173504 kB
CmaTotal:              0 kB
CmaFree:               0 kB
HugePages_Total:       0
HugePages_Free:        0
HugePages_Rsvd:        0
HugePages_Surp:        0
Hugepagesize:       2048 kB
DirectMap4k:     1301440 kB
DirectMap2M:     7086080 kB


CPU:total 4 (4 cores per cpu, 1 threads per core) family 6 model 23 stepping 7, cmov, cx8, fxsr, mmx, sse, sse2, sse3, ssse3, sse4.1, tsc

/proc/cpuinfo:
processor	: 0
vendor_id	: GenuineIntel
cpu family	: 6
model		: 23
model name	: Intel(R) Core(TM)2 Quad  CPU   Q9550  @ 2.83GHz
stepping	: 7
microcode	: 0x70a
cpu MHz		: 2834.000
cache size	: 6144 KB
physical id	: 0
siblings	: 4
core id		: 0
cpu cores	: 4
apicid		: 0
initial apicid	: 0
fpu		: yes
fpu_exception	: yes
cpuid level	: 10
wp		: yes
flags		: fpu vme de pse tsc msr pae mce cx8 apic sep mtrr pge mca cmov pat pse36 clflush dts acpi mmx fxsr sse sse2 ss ht tm pbe syscall nx lm constant_tsc arch_perfmon pebs bts rep_good nopl aperfmperf pni dtes64 monitor ds_cpl vmx smx est tm2 ssse3 cx16 xtpr pdcm sse4_1 lahf_lm dtherm tpr_shadow vnmi flexpriority
bugs		:
bogomips	: 5666.72
clflush size	: 64
cache_alignment	: 64
address sizes	: 36 bits physical, 48 bits virtual
power management:

processor	: 1
vendor_id	: GenuineIntel
cpu family	: 6
model		: 23
model name	: Intel(R) Core(TM)2 Quad  CPU   Q9550  @ 2.83GHz
stepping	: 7
microcode	: 0x70a
cpu MHz		: 2000.000
cache size	: 6144 KB
physical id	: 0
siblings	: 4
core id		: 3
cpu cores	: 4
apicid		: 3
initial apicid	: 3
fpu		: yes
fpu_exception	: yes
cpuid level	: 10
wp		: yes
flags		: fpu vme de pse tsc msr pae mce cx8 apic sep mtrr pge mca cmov pat pse36 clflush dts acpi mmx fxsr sse sse2 ss ht tm pbe syscall nx lm constant_tsc arch_perfmon pebs bts rep_good nopl aperfmperf pni dtes64 monitor ds_cpl vmx smx est tm2 ssse3 cx16 xtpr pdcm sse4_1 lahf_lm dtherm tpr_shadow vnmi flexpriority
bugs		:
bogomips	: 5666.72
clflush size	: 64
cache_alignment	: 64
address sizes	: 36 bits physical, 48 bits virtual
power management:

processor	: 2
vendor_id	: GenuineIntel
cpu family	: 6
model		: 23
model name	: Intel(R) Core(TM)2 Quad  CPU   Q9550  @ 2.83GHz
stepping	: 7
microcode	: 0x70a
cpu MHz		: 2834.000
cache size	: 6144 KB
physical id	: 0
siblings	: 4
core id		: 2
cpu cores	: 4
apicid		: 2
initial apicid	: 2
fpu		: yes
fpu_exception	: yes
cpuid level	: 10
wp		: yes
flags		: fpu vme de pse tsc msr pae mce cx8 apic sep mtrr pge mca cmov pat pse36 clflush dts acpi mmx fxsr sse sse2 ss ht tm pbe syscall nx lm constant_tsc arch_perfmon pebs bts rep_good nopl aperfmperf pni dtes64 monitor ds_cpl vmx smx est tm2 ssse3 cx16 xtpr pdcm sse4_1 lahf_lm dtherm tpr_shadow vnmi flexpriority
bugs		:
bogomips	: 5666.72
clflush size	: 64
cache_alignment	: 64
address sizes	: 36 bits physical, 48 bits virtual
power management:

processor	: 3
vendor_id	: GenuineIntel
cpu family	: 6
model		: 23
model name	: Intel(R) Core(TM)2 Quad  CPU   Q9550  @ 2.83GHz
stepping	: 7
microcode	: 0x70a
cpu MHz		: 2834.000
cache size	: 6144 KB
physical id	: 0
siblings	: 4
core id		: 1
cpu cores	: 4
apicid		: 1
initial apicid	: 1
fpu		: yes
fpu_exception	: yes
cpuid level	: 10
wp		: yes
flags		: fpu vme de pse tsc msr pae mce cx8 apic sep mtrr pge mca cmov pat pse36 clflush dts acpi mmx fxsr sse sse2 ss ht tm pbe syscall nx lm constant_tsc arch_perfmon pebs bts rep_good nopl aperfmperf pni dtes64 monitor ds_cpl vmx smx est tm2 ssse3 cx16 xtpr pdcm sse4_1 lahf_lm dtherm tpr_shadow vnmi flexpriority
bugs		:
bogomips	: 5666.72
clflush size	: 64
cache_alignment	: 64
address sizes	: 36 bits physical, 48 bits virtual
power management:



Memory: 4k page, physical 8174784k(2108624k free), swap 15624188k(15612288k free)

vm_info: OpenJDK 64-Bit Server VM (25.45-b02) for linux-amd64 JRE (1.8.0_45-internal-b14), built on Apr 20 2015 00:35:04 by "buildd" with gcc 4.9.2

time: Wed Jun  3 13:55:42 2015
elapsed time: 5 seconds (0d 0h 0m 5s)

